<!DOCTYPE html PUBLIC "-//W3C//DTD XHTML 1.1//EN" "http://www.w3.org/TR/xhtml11/DTD/xhtml11.dtd">
<html xmlns="http://www.w3.org/1999/xhtml">
<head>
<meta http-equiv="content-type" content="text/html; charset=UTF-8"/>
<title>TestNG Report</title>
<style type="text/css">table {margin-bottom:10px;border-collapse:collapse;empty-cells:show}th,td {border:1px solid #009;padding:.25em .5em}th {vertical-align:bottom}td {vertical-align:top}table a {font-weight:bold}.stripe td {background-color: #E6EBF9}.num {text-align:right}.passedodd td {background-color: #3F3}.passedeven td {background-color: #0A0}.skippedodd td {background-color: #DDD}.skippedeven td {background-color: #CCC}.failedodd td,.attn {background-color: #F33}.failedeven td,.stripe .attn {background-color: #D00}.stacktrace {white-space:pre;font-family:monospace}.totop {font-size:85%;text-align:center;border-bottom:2px solid #000}.invisible {display:none}</style>
</head>
<body>
<table>
<tr><th>Test</th><th># Passed</th><th># Skipped</th><th># Failed</th><th>Time (ms)</th><th>Included Groups</th><th>Excluded Groups</th></tr>
<tr><th colspan="7">Surefire suite</th></tr>
<tr><td><a href="#t0">Surefire test</a></td><td class="num">37</td><td class="num">0</td><td class="num attn">13</td><td class="num">1,640,631</td><td></td><td></td></tr>
</table>
<table id='summary'><thead><tr><th>Class</th><th>Method</th><th>Start</th><th>Time (ms)</th></tr></thead><tbody><tr><th colspan="4">Surefire suite</th></tr></tbody><tbody id="t0"><tr><th colspan="4">Surefire test &#8212; failed</th></tr><tr class="failedeven"><td rowspan="2">CreateAlertTest</td><td><a href="#m0">DeleteAlertSuccessfully</a></td><td rowspan="1">1538039336915</td><td rowspan="1">26383</td></tr><tr class="failedeven"><td><a href="#m1">ModifyAlertSuccessfully</a></td><td rowspan="1">1538039398272</td><td rowspan="1">46143</td></tr><tr class="failedodd"><td rowspan="1">LoginTest</td><td><a href="#m2">logInWithARegisteredAccount</a></td><td rowspan="1">1538038149654</td><td rowspan="1">21247</td></tr><tr class="failedeven"><td rowspan="3">MyAccountTest</td><td><a href="#m3">PopulateProfessionalProfileFields</a></td><td rowspan="1">1538039089020</td><td rowspan="1">14744</td></tr><tr class="failedeven"><td><a href="#m4">UnableToUpdateAProfessionalProfileWithoutRequiredFields</a></td><td rowspan="1">1538039124691</td><td rowspan="1">25857</td></tr><tr class="failedeven"><td><a href="#m5">UnableToUpdateAnIndividualProfileWithoutRequiredFields</a></td><td rowspan="1">1538039185067</td><td rowspan="1">27642</td></tr><tr class="failedodd"><td rowspan="1">PaymentPageTest</td><td><a href="#m6">MakeSuccessfulPayment</a></td><td rowspan="1">1538037933332</td><td rowspan="1">84632</td></tr><tr class="failedeven"><td rowspan="6">VerificationTest</td><td><a href="#m7">GetUserStatusNotFound</a></td><td rowspan="1">1538038111189</td><td rowspan="1">544</td></tr><tr class="failedeven"><td><a href="#m8">GetUserStatus_CountryMissing</a></td><td rowspan="1">1538038122213</td><td rowspan="1">897</td></tr><tr class="failedeven"><td><a href="#m9">SetUserInvalid_MissingStatus</a></td><td rowspan="1">1538038123110</td><td rowspan="1">561</td></tr><tr class="failedeven"><td><a href="#m10">SetUserInvalid_MissingToken</a></td><td rowspan="1">1538038123672</td><td rowspan="1">250</td></tr><tr class="failedeven"><td><a href="#m11">SetUserInvalid_token</a></td><td rowspan="1">1538038123923</td><td rowspan="1">537</td></tr><tr class="failedeven"><td><a href="#m12">SetUserStatus</a></td><td rowspan="1">1538038124460</td><td rowspan="1">526</td></tr><tr><th colspan="4">Surefire test &#8212; passed</th></tr><tr class="passedeven"><td rowspan="3">AdPostTest</td><td><a href="#m13">CreateAValidAdAdultDating</a></td><td rowspan="1">1538038032781</td><td rowspan="1">20403</td></tr><tr class="passedeven"><td><a href="#m14">UnableToCreateAnAdWithMissingPostcode</a></td><td rowspan="1">1538038057033</td><td rowspan="1">12533</td></tr><tr class="passedeven"><td><a href="#m15">UnableToCreateAnAdWithMissingTitle</a></td><td rowspan="1">1538038080936</td><td rowspan="1">17284</td></tr><tr class="passedodd"><td rowspan="12">CreateAccountTest</td><td><a href="#m16">createAValidIndividualAccount</a></td><td rowspan="1">1538038430560</td><td rowspan="1">6615</td></tr><tr class="passedodd"><td><a href="#m17">createAValidProfessionalAccount</a></td><td rowspan="1">1538038462046</td><td rowspan="1">17891</td></tr><tr class="passedodd"><td><a href="#m18">registerForYourFreeAccount</a></td><td rowspan="1">1538038506380</td><td rowspan="1">33410</td></tr><tr class="passedodd"><td><a href="#m19">unableToCreateAnAccountWithAnInvalidUsername</a></td><td rowspan="1">1538038572609</td><td rowspan="1">11992</td></tr><tr class="passedodd"><td><a href="#m20">unableToCreateAnAccountWithInvalidEmailAddress</a></td><td rowspan="1">1538038610248</td><td rowspan="1">5379</td></tr><tr class="passedodd"><td><a href="#m21">unableToCreateAnAccountWithMissingCompanyName</a></td><td rowspan="1">1538038631956</td><td rowspan="1">19400</td></tr><tr class="passedodd"><td><a href="#m22">unableToCreateAnAccountWithMissingFullAddress</a></td><td rowspan="1">1538038683860</td><td rowspan="1">12209</td></tr><tr class="passedodd"><td><a href="#m23">unableToCreateAnAccountWithMissingPassword</a></td><td rowspan="1">1538038729970</td><td rowspan="1">18018</td></tr><tr class="passedodd"><td><a href="#m24">unableToCreateAnAccountWithMissingUsername</a></td><td rowspan="1">1538038776765</td><td rowspan="1">8483</td></tr><tr class="passedodd"><td><a href="#m25">unableToCreateAnAccountWithNoData</a></td><td rowspan="1">1538038812031</td><td rowspan="1">12932</td></tr><tr class="passedodd"><td><a href="#m26">unableToCreateAnAccountWithNoEmail</a></td><td rowspan="1">1538038847804</td><td rowspan="1">12886</td></tr><tr class="passedodd"><td><a href="#m27">unableToCreateAnAccountWithRegisteredEmailAddress</a></td><td rowspan="1">1538038896120</td><td rowspan="1">13649</td></tr><tr class="passedeven"><td rowspan="1">CreateAlertTest</td><td><a href="#m28">CreateAlertSuccessfully</a></td><td rowspan="1">1538039299438</td><td rowspan="1">16137</td></tr><tr class="passedodd"><td rowspan="1">LiveLoginTest</td><td><a href="#m29">loginPageLoadsCorrectly</a></td><td rowspan="1">1538038939357</td><td rowspan="1">4580</td></tr><tr class="passedeven"><td rowspan="7">LoginTest</td><td><a href="#m30">loginPageLoadsCorrectly</a></td><td rowspan="1">1538038198687</td><td rowspan="1">3041</td></tr><tr class="passedeven"><td><a href="#m31">resetPasswordViaMyAccount</a></td><td rowspan="1">1538038232820</td><td rowspan="1">12280</td></tr><tr class="passedeven"><td><a href="#m32">unableToLogInWithBlankFields</a></td><td rowspan="1">1538038256191</td><td rowspan="1">3191</td></tr><tr class="passedeven"><td><a href="#m33">unableToLogInWithIncorrectPassword</a></td><td rowspan="1">1538038283957</td><td rowspan="1">11394</td></tr><tr class="passedeven"><td><a href="#m34">unableToLogInWithUnregisteredAccount</a></td><td rowspan="1">1538038337204</td><td rowspan="1">12236</td></tr><tr class="passedeven"><td><a href="#m35">unableToLogInWithoutAPassword</a></td><td rowspan="1">1538038385194</td><td rowspan="1">5804</td></tr><tr class="passedeven"><td><a href="#m36">unableToLogInWithoutAnEmail</a></td><td rowspan="1">1538038410342</td><td rowspan="1">3964</td></tr><tr class="passedodd"><td rowspan="4">MyAccountTest</td><td><a href="#m37">ChangeEmailAddressForAccount</a></td><td rowspan="1">1538038976537</td><td rowspan="1">62911</td></tr><tr class="passedodd"><td><a href="#m38">PopulateIndividualProfileFields</a></td><td rowspan="1">1538039056773</td><td rowspan="1">21869</td></tr><tr class="passedodd"><td><a href="#m39">UnableToUpdateTheEmailFieldWithAnInvalidEmail</a></td><td rowspan="1">1538039238866</td><td rowspan="1">20145</td></tr><tr class="passedodd"><td><a href="#m40">UnableToUpdateTheURLFieldWithAnInvalidURL</a></td><td rowspan="1">1538039275620</td><td rowspan="1">12837</td></tr><tr class="passedeven"><td rowspan="4">ScreenshotTest</td><td><a href="#m41">alertPageScreenshot</a></td><td rowspan="1">1538037810904</td><td rowspan="1">13043</td></tr><tr class="passedeven"><td><a href="#m42">loginPageScreenshot</a></td><td rowspan="1">1538037830673</td><td rowspan="1">5076</td></tr><tr class="passedeven"><td><a href="#m43">myAdsPageScreenshot</a></td><td rowspan="1">1538037847004</td><td rowspan="1">5137</td></tr><tr class="passedeven"><td><a href="#m44">myDetailsPageScreenshot</a></td><td rowspan="1">1538037873252</td><td rowspan="1">13381</td></tr><tr class="passedodd"><td rowspan="5">VerificationTest</td><td><a href="#m45">GetHealth</a></td><td rowspan="1">1538038098412</td><td rowspan="1">10664</td></tr><tr class="passedodd"><td><a href="#m46">GetJwtDecode</a></td><td rowspan="1">1538038109076</td><td rowspan="1">1520</td></tr><tr class="passedodd"><td><a href="#m47">GetJwtEncode</a></td><td rowspan="1">1538038110596</td><td rowspan="1">334</td></tr><tr class="passedodd"><td><a href="#m48">GetRoot</a></td><td rowspan="1">1538038110930</td><td rowspan="1">259</td></tr><tr class="passedodd"><td><a href="#m49">GetUserStatusPending</a></td><td rowspan="1">1538038111734</td><td rowspan="1">10479</td></tr></tbody>
</table>
<h2>Surefire test</h2><h3 id="m0">CreateAlertTest#DeleteAlertSuccessfully</h3><table class="result"><tr><th>Exception</th></tr><tr><td><div class="stacktrace">org.openqa.selenium.TimeoutException: Expected condition failed: waiting for visibility of [[RemoteWebDriver: chrome on LINUX (849fa78cae8536b31fb6f318b4ef5bdd)] -&gt; id: lb_alert_close_success] (tried for 15 second(s) with 500 milliseconds interval)
Build info: version: &apos;3.11.0&apos;, revision: &apos;e59cfb3&apos;, time: &apos;2018-03-11T20:26:55.152Z&apos;
System info: host: &apos;vs-lon-mac39.erm.dm-companies.com&apos;, ip: &apos;192.168.23.36&apos;, os.name: &apos;Mac OS X&apos;, os.arch: &apos;x86_64&apos;, os.version: &apos;10.13.5&apos;, java.version: &apos;10.0.1&apos;
Driver info: org.openqa.selenium.remote.RemoteWebDriver
Capabilities {acceptInsecureCerts: false, acceptSslCerts: false, applicationCacheEnabled: false, browserConnectionEnabled: false, browserName: chrome, chrome: {chromedriverVersion: 2.42.591071 (0b695ff80972cc..., userDataDir: /tmp/.org.chromium.Chromium...}, cssSelectorsEnabled: true, databaseEnabled: false, goog:chromeOptions: {debuggerAddress: localhost:37351}, handlesAlerts: true, hasTouchScreen: false, javascriptEnabled: true, locationContextEnabled: true, mobileEmulationEnabled: false, nativeEvents: true, networkConnectionEnabled: false, pageLoadStrategy: normal, platform: LINUX, platformName: LINUX, rotatable: false, setWindowRect: true, takesHeapSnapshot: true, takesScreenshot: true, unexpectedAlertBehaviour: , unhandledPromptBehavior: , version: 69.0.3497.100, webStorageEnabled: true, webdriver.remote.sessionid: 849fa78cae8536b31fb6f318b4e...}
Session ID: 849fa78cae8536b31fb6f318b4ef5bdd
	at org.openqa.selenium.support.ui.WebDriverWait.timeoutException(WebDriverWait.java:81)
	at org.openqa.selenium.support.ui.FluentWait.until(FluentWait.java:271)
	at Pages.CreateAlertPage.closeAlertConfirmation(CreateAlertPage.java:109)
	at CreateAlertTest.DeleteAlertSuccessfully(CreateAlertTest.java:38)
... Removed 30 stack frames</div></td></tr></table><p class="totop"><a href="#summary">back to summary</a></p>
<h3 id="m1">CreateAlertTest#ModifyAlertSuccessfully</h3><table class="result"><tr><th>Exception</th></tr><tr><td><div class="stacktrace">org.openqa.selenium.TimeoutException: Expected condition failed: waiting for visibility of [[RemoteWebDriver: chrome on LINUX (7ebe402a4fdc0650620f442110818c1f)] -&gt; id: lb_alert_close_success] (tried for 15 second(s) with 500 milliseconds interval)
Build info: version: &apos;3.11.0&apos;, revision: &apos;e59cfb3&apos;, time: &apos;2018-03-11T20:26:55.152Z&apos;
System info: host: &apos;vs-lon-mac39.erm.dm-companies.com&apos;, ip: &apos;192.168.23.36&apos;, os.name: &apos;Mac OS X&apos;, os.arch: &apos;x86_64&apos;, os.version: &apos;10.13.5&apos;, java.version: &apos;10.0.1&apos;
Driver info: org.openqa.selenium.remote.RemoteWebDriver
Capabilities {acceptInsecureCerts: false, acceptSslCerts: false, applicationCacheEnabled: false, browserConnectionEnabled: false, browserName: chrome, chrome: {chromedriverVersion: 2.42.591071 (0b695ff80972cc..., userDataDir: /tmp/.org.chromium.Chromium...}, cssSelectorsEnabled: true, databaseEnabled: false, goog:chromeOptions: {debuggerAddress: localhost:33087}, handlesAlerts: true, hasTouchScreen: false, javascriptEnabled: true, locationContextEnabled: true, mobileEmulationEnabled: false, nativeEvents: true, networkConnectionEnabled: false, pageLoadStrategy: normal, platform: LINUX, platformName: LINUX, rotatable: false, setWindowRect: true, takesHeapSnapshot: true, takesScreenshot: true, unexpectedAlertBehaviour: , unhandledPromptBehavior: , version: 69.0.3497.100, webStorageEnabled: true, webdriver.remote.sessionid: 7ebe402a4fdc0650620f4421108...}
Session ID: 7ebe402a4fdc0650620f442110818c1f
	at org.openqa.selenium.support.ui.WebDriverWait.timeoutException(WebDriverWait.java:81)
	at org.openqa.selenium.support.ui.FluentWait.until(FluentWait.java:271)
	at Pages.CreateAlertPage.closeAlertConfirmation(CreateAlertPage.java:109)
	at CreateAlertTest.ModifyAlertSuccessfully(CreateAlertTest.java:55)
... Removed 30 stack frames</div></td></tr></table><p class="totop"><a href="#summary">back to summary</a></p>
<h3 id="m2">LoginTest#logInWithARegisteredAccount</h3><table class="result"><tr><th>Exception</th></tr><tr><td><div class="stacktrace">org.openqa.selenium.NoSuchElementException: no such element: Unable to locate element: {&quot;method&quot;:&quot;id&quot;,&quot;selector&quot;:&quot;email&quot;}
  (Session info: chrome=69.0.3497.100)
  (Driver info: chromedriver=2.42.591071 (0b695ff80972cc1a65a5cd643186d2ae582cd4ac),platform=Linux 4.9.93-linuxkit-aufs x86_64) (WARNING: The server did not provide any stacktrace information)
Command duration or timeout: 0 milliseconds
For documentation on this error, please visit: http://seleniumhq.org/exceptions/no_such_element.html
Build info: version: &apos;3.11.0&apos;, revision: &apos;e59cfb3&apos;, time: &apos;2018-03-11T20:26:55.152Z&apos;
System info: host: &apos;vs-lon-mac39.erm.dm-companies.com&apos;, ip: &apos;192.168.23.36&apos;, os.name: &apos;Mac OS X&apos;, os.arch: &apos;x86_64&apos;, os.version: &apos;10.13.5&apos;, java.version: &apos;10.0.1&apos;
Driver info: org.openqa.selenium.remote.RemoteWebDriver
Capabilities {acceptInsecureCerts: false, acceptSslCerts: false, applicationCacheEnabled: false, browserConnectionEnabled: false, browserName: chrome, chrome: {chromedriverVersion: 2.42.591071 (0b695ff80972cc..., userDataDir: /tmp/.org.chromium.Chromium...}, cssSelectorsEnabled: true, databaseEnabled: false, goog:chromeOptions: {debuggerAddress: localhost:43257}, handlesAlerts: true, hasTouchScreen: false, javascriptEnabled: true, locationContextEnabled: true, mobileEmulationEnabled: false, nativeEvents: true, networkConnectionEnabled: false, pageLoadStrategy: normal, platform: LINUX, platformName: LINUX, rotatable: false, setWindowRect: true, takesHeapSnapshot: true, takesScreenshot: true, unexpectedAlertBehaviour: , unhandledPromptBehavior: , version: 69.0.3497.100, webStorageEnabled: true, webdriver.remote.sessionid: a6995bfd2bbe01dcc403ed7b1a1...}
Session ID: a6995bfd2bbe01dcc403ed7b1a1a9ec0
*** Element info: {Using=id, value=email}
	at org.openqa.selenium.remote.ErrorHandler.createThrowable(ErrorHandler.java:214)
	at org.openqa.selenium.remote.ErrorHandler.throwIfResponseFailed(ErrorHandler.java:166)
	at org.openqa.selenium.remote.http.JsonHttpResponseCodec.reconstructValue(JsonHttpResponseCodec.java:40)
	at org.openqa.selenium.remote.http.AbstractHttpResponseCodec.decode(AbstractHttpResponseCodec.java:80)
	at org.openqa.selenium.remote.http.AbstractHttpResponseCodec.decode(AbstractHttpResponseCodec.java:44)
	at org.openqa.selenium.remote.HttpCommandExecutor.execute(HttpCommandExecutor.java:158)
	at org.openqa.selenium.remote.RemoteWebDriver.execute(RemoteWebDriver.java:545)
	at org.openqa.selenium.remote.RemoteWebDriver.findElement(RemoteWebDriver.java:319)
	at org.openqa.selenium.remote.RemoteWebDriver.findElementById(RemoteWebDriver.java:365)
	at org.openqa.selenium.By$ById.findElement(By.java:218)
	at org.openqa.selenium.remote.RemoteWebDriver.findElement(RemoteWebDriver.java:311)
	at org.openqa.selenium.support.pagefactory.DefaultElementLocator.findElement(DefaultElementLocator.java:69)
	at org.openqa.selenium.support.pagefactory.internal.LocatingElementHandler.invoke(LocatingElementHandler.java:38)
	at com.sun.proxy.$Proxy10.sendKeys(Unknown Source)
	at Pages.LoginPage.setLoginEmail(LoginPage.java:78)
	at Pages.LoginPage.loginValidAccount(LoginPage.java:97)
	at LoginTest.logInWithARegisteredAccount(LoginTest.java:40)
... Removed 34 stack frames</div></td></tr></table><p class="totop"><a href="#summary">back to summary</a></p>
<h3 id="m3">MyAccountTest#PopulateProfessionalProfileFields</h3><table class="result"><tr><th>Exception</th></tr><tr><td><div class="stacktrace">org.openqa.selenium.NoSuchElementException: no such element: Unable to locate element: {&quot;method&quot;:&quot;name&quot;,&quot;selector&quot;:&quot;company_name&quot;}
  (Session info: chrome=69.0.3497.100)
  (Driver info: chromedriver=2.42.591071 (0b695ff80972cc1a65a5cd643186d2ae582cd4ac),platform=Linux 4.9.93-linuxkit-aufs x86_64) (WARNING: The server did not provide any stacktrace information)
Command duration or timeout: 0 milliseconds
For documentation on this error, please visit: http://seleniumhq.org/exceptions/no_such_element.html
Build info: version: &apos;3.11.0&apos;, revision: &apos;e59cfb3&apos;, time: &apos;2018-03-11T20:26:55.152Z&apos;
System info: host: &apos;vs-lon-mac39.erm.dm-companies.com&apos;, ip: &apos;192.168.23.36&apos;, os.name: &apos;Mac OS X&apos;, os.arch: &apos;x86_64&apos;, os.version: &apos;10.13.5&apos;, java.version: &apos;10.0.1&apos;
Driver info: org.openqa.selenium.remote.RemoteWebDriver
Capabilities {acceptInsecureCerts: false, acceptSslCerts: false, applicationCacheEnabled: false, browserConnectionEnabled: false, browserName: chrome, chrome: {chromedriverVersion: 2.42.591071 (0b695ff80972cc..., userDataDir: /tmp/.org.chromium.Chromium...}, cssSelectorsEnabled: true, databaseEnabled: false, goog:chromeOptions: {debuggerAddress: localhost:44981}, handlesAlerts: true, hasTouchScreen: false, javascriptEnabled: true, locationContextEnabled: true, mobileEmulationEnabled: false, nativeEvents: true, networkConnectionEnabled: false, pageLoadStrategy: normal, platform: LINUX, platformName: LINUX, rotatable: false, setWindowRect: true, takesHeapSnapshot: true, takesScreenshot: true, unexpectedAlertBehaviour: , unhandledPromptBehavior: , version: 69.0.3497.100, webStorageEnabled: true, webdriver.remote.sessionid: 4de4d01a3fb7e5c0de38f7f22a5...}
Session ID: 4de4d01a3fb7e5c0de38f7f22a5623ab
*** Element info: {Using=name, value=company_name}
	at org.openqa.selenium.remote.ErrorHandler.createThrowable(ErrorHandler.java:214)
	at org.openqa.selenium.remote.ErrorHandler.throwIfResponseFailed(ErrorHandler.java:166)
	at org.openqa.selenium.remote.http.JsonHttpResponseCodec.reconstructValue(JsonHttpResponseCodec.java:40)
	at org.openqa.selenium.remote.http.AbstractHttpResponseCodec.decode(AbstractHttpResponseCodec.java:80)
	at org.openqa.selenium.remote.http.AbstractHttpResponseCodec.decode(AbstractHttpResponseCodec.java:44)
	at org.openqa.selenium.remote.HttpCommandExecutor.execute(HttpCommandExecutor.java:158)
	at org.openqa.selenium.remote.RemoteWebDriver.execute(RemoteWebDriver.java:545)
	at org.openqa.selenium.remote.RemoteWebDriver.findElement(RemoteWebDriver.java:319)
	at org.openqa.selenium.remote.RemoteWebDriver.findElementByName(RemoteWebDriver.java:397)
	at org.openqa.selenium.By$ByName.findElement(By.java:303)
	at org.openqa.selenium.remote.RemoteWebDriver.findElement(RemoteWebDriver.java:311)
	at org.openqa.selenium.support.pagefactory.DefaultElementLocator.findElement(DefaultElementLocator.java:69)
	at org.openqa.selenium.support.pagefactory.internal.LocatingElementHandler.invoke(LocatingElementHandler.java:38)
	at com.sun.proxy.$Proxy10.clear(Unknown Source)
	at Pages.MyAccountPage.changeProfessionalAccountDetails(MyAccountPage.java:185)
	at MyAccountTest.PopulateProfessionalProfileFields(MyAccountTest.java:67)
... Removed 34 stack frames</div></td></tr></table><p class="totop"><a href="#summary">back to summary</a></p>
<h3 id="m4">MyAccountTest#UnableToUpdateAProfessionalProfileWithoutRequiredFields</h3><table class="result"><tr><th>Exception</th></tr><tr><td><div class="stacktrace">org.openqa.selenium.NoSuchElementException: no such element: Unable to locate element: {&quot;method&quot;:&quot;id&quot;,&quot;selector&quot;:&quot;email&quot;}
  (Session info: chrome=69.0.3497.100)
  (Driver info: chromedriver=2.42.591071 (0b695ff80972cc1a65a5cd643186d2ae582cd4ac),platform=Linux 4.9.93-linuxkit-aufs x86_64) (WARNING: The server did not provide any stacktrace information)
Command duration or timeout: 0 milliseconds
For documentation on this error, please visit: http://seleniumhq.org/exceptions/no_such_element.html
Build info: version: &apos;3.11.0&apos;, revision: &apos;e59cfb3&apos;, time: &apos;2018-03-11T20:26:55.152Z&apos;
System info: host: &apos;vs-lon-mac39.erm.dm-companies.com&apos;, ip: &apos;192.168.23.36&apos;, os.name: &apos;Mac OS X&apos;, os.arch: &apos;x86_64&apos;, os.version: &apos;10.13.5&apos;, java.version: &apos;10.0.1&apos;
Driver info: org.openqa.selenium.remote.RemoteWebDriver
Capabilities {acceptInsecureCerts: false, acceptSslCerts: false, applicationCacheEnabled: false, browserConnectionEnabled: false, browserName: chrome, chrome: {chromedriverVersion: 2.42.591071 (0b695ff80972cc..., userDataDir: /tmp/.org.chromium.Chromium...}, cssSelectorsEnabled: true, databaseEnabled: false, goog:chromeOptions: {debuggerAddress: localhost:45629}, handlesAlerts: true, hasTouchScreen: false, javascriptEnabled: true, locationContextEnabled: true, mobileEmulationEnabled: false, nativeEvents: true, networkConnectionEnabled: false, pageLoadStrategy: normal, platform: LINUX, platformName: LINUX, rotatable: false, setWindowRect: true, takesHeapSnapshot: true, takesScreenshot: true, unexpectedAlertBehaviour: , unhandledPromptBehavior: , version: 69.0.3497.100, webStorageEnabled: true, webdriver.remote.sessionid: b03eacb1ef23e9634fa6bff798b...}
Session ID: b03eacb1ef23e9634fa6bff798bc3b33
*** Element info: {Using=id, value=email}
	at org.openqa.selenium.remote.ErrorHandler.createThrowable(ErrorHandler.java:214)
	at org.openqa.selenium.remote.ErrorHandler.throwIfResponseFailed(ErrorHandler.java:166)
	at org.openqa.selenium.remote.http.JsonHttpResponseCodec.reconstructValue(JsonHttpResponseCodec.java:40)
	at org.openqa.selenium.remote.http.AbstractHttpResponseCodec.decode(AbstractHttpResponseCodec.java:80)
	at org.openqa.selenium.remote.http.AbstractHttpResponseCodec.decode(AbstractHttpResponseCodec.java:44)
	at org.openqa.selenium.remote.HttpCommandExecutor.execute(HttpCommandExecutor.java:158)
	at org.openqa.selenium.remote.RemoteWebDriver.execute(RemoteWebDriver.java:545)
	at org.openqa.selenium.remote.RemoteWebDriver.findElement(RemoteWebDriver.java:319)
	at org.openqa.selenium.remote.RemoteWebDriver.findElementById(RemoteWebDriver.java:365)
	at org.openqa.selenium.By$ById.findElement(By.java:218)
	at org.openqa.selenium.remote.RemoteWebDriver.findElement(RemoteWebDriver.java:311)
	at org.openqa.selenium.support.pagefactory.DefaultElementLocator.findElement(DefaultElementLocator.java:69)
	at org.openqa.selenium.support.pagefactory.internal.LocatingElementHandler.invoke(LocatingElementHandler.java:38)
	at com.sun.proxy.$Proxy10.sendKeys(Unknown Source)
	at Pages.LoginPage.setLoginEmail(LoginPage.java:78)
	at Pages.LoginPage.loginValidAccount(LoginPage.java:97)
	at MyAccountTest.UnableToUpdateAProfessionalProfileWithoutRequiredFields(MyAccountTest.java:141)
... Removed 34 stack frames</div></td></tr></table><p class="totop"><a href="#summary">back to summary</a></p>
<h3 id="m5">MyAccountTest#UnableToUpdateAnIndividualProfileWithoutRequiredFields</h3><table class="result"><tr><th>Exception</th></tr><tr><td><div class="stacktrace">org.openqa.selenium.NoSuchElementException: no such element: Unable to locate element: {&quot;method&quot;:&quot;id&quot;,&quot;selector&quot;:&quot;email&quot;}
  (Session info: chrome=69.0.3497.100)
  (Driver info: chromedriver=2.42.591071 (0b695ff80972cc1a65a5cd643186d2ae582cd4ac),platform=Linux 4.9.93-linuxkit-aufs x86_64) (WARNING: The server did not provide any stacktrace information)
Command duration or timeout: 0 milliseconds
For documentation on this error, please visit: http://seleniumhq.org/exceptions/no_such_element.html
Build info: version: &apos;3.11.0&apos;, revision: &apos;e59cfb3&apos;, time: &apos;2018-03-11T20:26:55.152Z&apos;
System info: host: &apos;vs-lon-mac39.erm.dm-companies.com&apos;, ip: &apos;192.168.23.36&apos;, os.name: &apos;Mac OS X&apos;, os.arch: &apos;x86_64&apos;, os.version: &apos;10.13.5&apos;, java.version: &apos;10.0.1&apos;
Driver info: org.openqa.selenium.remote.RemoteWebDriver
Capabilities {acceptInsecureCerts: false, acceptSslCerts: false, applicationCacheEnabled: false, browserConnectionEnabled: false, browserName: chrome, chrome: {chromedriverVersion: 2.42.591071 (0b695ff80972cc..., userDataDir: /tmp/.org.chromium.Chromium...}, cssSelectorsEnabled: true, databaseEnabled: false, goog:chromeOptions: {debuggerAddress: localhost:45451}, handlesAlerts: true, hasTouchScreen: false, javascriptEnabled: true, locationContextEnabled: true, mobileEmulationEnabled: false, nativeEvents: true, networkConnectionEnabled: false, pageLoadStrategy: normal, platform: LINUX, platformName: LINUX, rotatable: false, setWindowRect: true, takesHeapSnapshot: true, takesScreenshot: true, unexpectedAlertBehaviour: , unhandledPromptBehavior: , version: 69.0.3497.100, webStorageEnabled: true, webdriver.remote.sessionid: 3d1bf1a00ca9cf22d69220fc0c1...}
Session ID: 3d1bf1a00ca9cf22d69220fc0c1ad919
*** Element info: {Using=id, value=email}
	at org.openqa.selenium.remote.ErrorHandler.createThrowable(ErrorHandler.java:214)
	at org.openqa.selenium.remote.ErrorHandler.throwIfResponseFailed(ErrorHandler.java:166)
	at org.openqa.selenium.remote.http.JsonHttpResponseCodec.reconstructValue(JsonHttpResponseCodec.java:40)
	at org.openqa.selenium.remote.http.AbstractHttpResponseCodec.decode(AbstractHttpResponseCodec.java:80)
	at org.openqa.selenium.remote.http.AbstractHttpResponseCodec.decode(AbstractHttpResponseCodec.java:44)
	at org.openqa.selenium.remote.HttpCommandExecutor.execute(HttpCommandExecutor.java:158)
	at org.openqa.selenium.remote.RemoteWebDriver.execute(RemoteWebDriver.java:545)
	at org.openqa.selenium.remote.RemoteWebDriver.findElement(RemoteWebDriver.java:319)
	at org.openqa.selenium.remote.RemoteWebDriver.findElementById(RemoteWebDriver.java:365)
	at org.openqa.selenium.By$ById.findElement(By.java:218)
	at org.openqa.selenium.remote.RemoteWebDriver.findElement(RemoteWebDriver.java:311)
	at org.openqa.selenium.support.pagefactory.DefaultElementLocator.findElement(DefaultElementLocator.java:69)
	at org.openqa.selenium.support.pagefactory.internal.LocatingElementHandler.invoke(LocatingElementHandler.java:38)
	at com.sun.proxy.$Proxy10.sendKeys(Unknown Source)
	at Pages.LoginPage.setLoginEmail(LoginPage.java:78)
	at Pages.LoginPage.loginValidAccount(LoginPage.java:97)
	at MyAccountTest.UnableToUpdateAnIndividualProfileWithoutRequiredFields(MyAccountTest.java:106)
... Removed 34 stack frames</div></td></tr></table><p class="totop"><a href="#summary">back to summary</a></p>
<h3 id="m6">PaymentPageTest#MakeSuccessfulPayment</h3><table class="result"><tr><th>Exception</th></tr><tr><td><div class="stacktrace">org.openqa.selenium.TimeoutException: Expected condition failed: waiting for presence of element located by: By.cssSelector: input[value=&apos;Go to your account&apos;] (tried for 20 second(s) with 5 milliseconds interval)
	at org.openqa.selenium.support.ui.WebDriverWait.timeoutException(WebDriverWait.java:81)
	at org.openqa.selenium.support.ui.FluentWait.until(FluentWait.java:271)
	at Utilities.TimeoutHelper.WaitforElement(TimeoutHelper.java:35)
	at Pages.AdPostConfirmationPage.goToMyAccount(AdPostConfirmationPage.java:40)
	at PaymentPageTest.MakeSuccessfulPayment(PaymentPageTest.java:27)
Caused by: org.openqa.selenium.NoSuchElementException: Cannot locate an element using By.cssSelector: input[value=&apos;Go to your account&apos;]
For documentation on this error, please visit: http://seleniumhq.org/exceptions/no_such_element.html
Build info: version: &apos;3.11.0&apos;, revision: &apos;e59cfb3&apos;, time: &apos;2018-03-11T20:26:55.152Z&apos;
System info: host: &apos;vs-lon-mac39.erm.dm-companies.com&apos;, ip: &apos;192.168.23.36&apos;, os.name: &apos;Mac OS X&apos;, os.arch: &apos;x86_64&apos;, os.version: &apos;10.13.5&apos;, java.version: &apos;10.0.1&apos;
Driver info: driver.version: unknown
	at org.openqa.selenium.support.ui.ExpectedConditions.lambda$findElement$0(ExpectedConditions.java:896)
	at java.base/java.util.Optional.orElseThrow(Optional.java:397)
	at org.openqa.selenium.support.ui.ExpectedConditions.findElement(ExpectedConditions.java:895)
	at org.openqa.selenium.support.ui.ExpectedConditions.access$000(ExpectedConditions.java:44)
	at org.openqa.selenium.support.ui.ExpectedConditions$6.apply(ExpectedConditions.java:183)
	at org.openqa.selenium.support.ui.ExpectedConditions$6.apply(ExpectedConditions.java:180)
	at org.openqa.selenium.support.ui.FluentWait.until(FluentWait.java:248)
	... 33 more
... Removed 30 stack frames</div></td></tr></table><p class="totop"><a href="#summary">back to summary</a></p>
<h3 id="m7">VerificationTest#GetUserStatusNotFound</h3><table class="result"><tr><th>Exception</th></tr><tr><td><div class="stacktrace">java.lang.AssertionError: expected [200] but found [403]
	at VerificationTest.GetUserStatusNotFound(VerificationTest.java:124)
... Removed 36 stack frames</div></td></tr></table><p class="totop"><a href="#summary">back to summary</a></p>
<h3 id="m8">VerificationTest#GetUserStatus_CountryMissing</h3><table class="result"><tr><th>Exception</th></tr><tr><td><div class="stacktrace">java.lang.AssertionError: expected [400] but found [403]
	at VerificationTest.GetUserStatus_CountryMissing(VerificationTest.java:102)
... Removed 36 stack frames</div></td></tr></table><p class="totop"><a href="#summary">back to summary</a></p>
<h3 id="m9">VerificationTest#SetUserInvalid_MissingStatus</h3><table class="result"><tr><th>Exception</th></tr><tr><td><div class="stacktrace">java.lang.AssertionError: expected [400] but found [403]
	at VerificationTest.SetUserInvalid_MissingStatus(VerificationTest.java:191)
... Removed 36 stack frames</div></td></tr></table><p class="totop"><a href="#summary">back to summary</a></p>
<h3 id="m10">VerificationTest#SetUserInvalid_MissingToken</h3><table class="result"><tr><th>Exception</th></tr><tr><td><div class="stacktrace">java.lang.AssertionError: expected [400] but found [403]
	at VerificationTest.SetUserInvalid_MissingToken(VerificationTest.java:206)
... Removed 36 stack frames</div></td></tr></table><p class="totop"><a href="#summary">back to summary</a></p>
<h3 id="m11">VerificationTest#SetUserInvalid_token</h3><table class="result"><tr><th>Exception</th></tr><tr><td><div class="stacktrace">java.lang.AssertionError: expected [400] but found [403]
	at VerificationTest.SetUserInvalid_token(VerificationTest.java:228)
... Removed 36 stack frames</div></td></tr></table><p class="totop"><a href="#summary">back to summary</a></p>
<h3 id="m12">VerificationTest#SetUserStatus</h3><table class="result"><tr><th>Exception</th></tr><tr><td><div class="stacktrace">java.lang.AssertionError: expected [200] but found [403]
	at VerificationTest.SetUserStatus(VerificationTest.java:170)
... Removed 36 stack frames</div></td></tr></table><p class="totop"><a href="#summary">back to summary</a></p>
<h3 id="m13">AdPostTest#CreateAValidAdAdultDating</h3><table class="result"><tr><th class="invisible"/></tr></table><p class="totop"><a href="#summary">back to summary</a></p>
<h3 id="m14">AdPostTest#UnableToCreateAnAdWithMissingPostcode</h3><table class="result"><tr><th class="invisible"/></tr></table><p class="totop"><a href="#summary">back to summary</a></p>
<h3 id="m15">AdPostTest#UnableToCreateAnAdWithMissingTitle</h3><table class="result"><tr><th class="invisible"/></tr></table><p class="totop"><a href="#summary">back to summary</a></p>
<h3 id="m16">CreateAccountTest#createAValidIndividualAccount</h3><table class="result"><tr><th class="invisible"/></tr></table><p class="totop"><a href="#summary">back to summary</a></p>
<h3 id="m17">CreateAccountTest#createAValidProfessionalAccount</h3><table class="result"><tr><th class="invisible"/></tr></table><p class="totop"><a href="#summary">back to summary</a></p>
<h3 id="m18">CreateAccountTest#registerForYourFreeAccount</h3><table class="result"><tr><th class="invisible"/></tr></table><p class="totop"><a href="#summary">back to summary</a></p>
<h3 id="m19">CreateAccountTest#unableToCreateAnAccountWithAnInvalidUsername</h3><table class="result"><tr><th class="invisible"/></tr></table><p class="totop"><a href="#summary">back to summary</a></p>
<h3 id="m20">CreateAccountTest#unableToCreateAnAccountWithInvalidEmailAddress</h3><table class="result"><tr><th class="invisible"/></tr></table><p class="totop"><a href="#summary">back to summary</a></p>
<h3 id="m21">CreateAccountTest#unableToCreateAnAccountWithMissingCompanyName</h3><table class="result"><tr><th class="invisible"/></tr></table><p class="totop"><a href="#summary">back to summary</a></p>
<h3 id="m22">CreateAccountTest#unableToCreateAnAccountWithMissingFullAddress</h3><table class="result"><tr><th class="invisible"/></tr></table><p class="totop"><a href="#summary">back to summary</a></p>
<h3 id="m23">CreateAccountTest#unableToCreateAnAccountWithMissingPassword</h3><table class="result"><tr><th class="invisible"/></tr></table><p class="totop"><a href="#summary">back to summary</a></p>
<h3 id="m24">CreateAccountTest#unableToCreateAnAccountWithMissingUsername</h3><table class="result"><tr><th class="invisible"/></tr></table><p class="totop"><a href="#summary">back to summary</a></p>
<h3 id="m25">CreateAccountTest#unableToCreateAnAccountWithNoData</h3><table class="result"><tr><th class="invisible"/></tr></table><p class="totop"><a href="#summary">back to summary</a></p>
<h3 id="m26">CreateAccountTest#unableToCreateAnAccountWithNoEmail</h3><table class="result"><tr><th class="invisible"/></tr></table><p class="totop"><a href="#summary">back to summary</a></p>
<h3 id="m27">CreateAccountTest#unableToCreateAnAccountWithRegisteredEmailAddress</h3><table class="result"><tr><th class="invisible"/></tr></table><p class="totop"><a href="#summary">back to summary</a></p>
<h3 id="m28">CreateAlertTest#CreateAlertSuccessfully</h3><table class="result"><tr><th class="invisible"/></tr></table><p class="totop"><a href="#summary">back to summary</a></p>
<h3 id="m29">LiveLoginTest#loginPageLoadsCorrectly</h3><table class="result"><tr><th class="invisible"/></tr></table><p class="totop"><a href="#summary">back to summary</a></p>
<h3 id="m30">LoginTest#loginPageLoadsCorrectly</h3><table class="result"><tr><th class="invisible"/></tr></table><p class="totop"><a href="#summary">back to summary</a></p>
<h3 id="m31">LoginTest#resetPasswordViaMyAccount</h3><table class="result"><tr><th class="invisible"/></tr></table><p class="totop"><a href="#summary">back to summary</a></p>
<h3 id="m32">LoginTest#unableToLogInWithBlankFields</h3><table class="result"><tr><th class="invisible"/></tr></table><p class="totop"><a href="#summary">back to summary</a></p>
<h3 id="m33">LoginTest#unableToLogInWithIncorrectPassword</h3><table class="result"><tr><th class="invisible"/></tr></table><p class="totop"><a href="#summary">back to summary</a></p>
<h3 id="m34">LoginTest#unableToLogInWithUnregisteredAccount</h3><table class="result"><tr><th class="invisible"/></tr></table><p class="totop"><a href="#summary">back to summary</a></p>
<h3 id="m35">LoginTest#unableToLogInWithoutAPassword</h3><table class="result"><tr><th class="invisible"/></tr></table><p class="totop"><a href="#summary">back to summary</a></p>
<h3 id="m36">LoginTest#unableToLogInWithoutAnEmail</h3><table class="result"><tr><th class="invisible"/></tr></table><p class="totop"><a href="#summary">back to summary</a></p>
<h3 id="m37">MyAccountTest#ChangeEmailAddressForAccount</h3><table class="result"><tr><th class="invisible"/></tr></table><p class="totop"><a href="#summary">back to summary</a></p>
<h3 id="m38">MyAccountTest#PopulateIndividualProfileFields</h3><table class="result"><tr><th class="invisible"/></tr></table><p class="totop"><a href="#summary">back to summary</a></p>
<h3 id="m39">MyAccountTest#UnableToUpdateTheEmailFieldWithAnInvalidEmail</h3><table class="result"><tr><th class="invisible"/></tr></table><p class="totop"><a href="#summary">back to summary</a></p>
<h3 id="m40">MyAccountTest#UnableToUpdateTheURLFieldWithAnInvalidURL</h3><table class="result"><tr><th class="invisible"/></tr></table><p class="totop"><a href="#summary">back to summary</a></p>
<h3 id="m41">ScreenshotTest#alertPageScreenshot</h3><table class="result"><tr><th class="invisible"/></tr></table><p class="totop"><a href="#summary">back to summary</a></p>
<h3 id="m42">ScreenshotTest#loginPageScreenshot</h3><table class="result"><tr><th class="invisible"/></tr></table><p class="totop"><a href="#summary">back to summary</a></p>
<h3 id="m43">ScreenshotTest#myAdsPageScreenshot</h3><table class="result"><tr><th class="invisible"/></tr></table><p class="totop"><a href="#summary">back to summary</a></p>
<h3 id="m44">ScreenshotTest#myDetailsPageScreenshot</h3><table class="result"><tr><th class="invisible"/></tr></table><p class="totop"><a href="#summary">back to summary</a></p>
<h3 id="m45">VerificationTest#GetHealth</h3><table class="result"><tr><th class="invisible"/></tr></table><p class="totop"><a href="#summary">back to summary</a></p>
<h3 id="m46">VerificationTest#GetJwtDecode</h3><table class="result"><tr><th class="invisible"/></tr></table><p class="totop"><a href="#summary">back to summary</a></p>
<h3 id="m47">VerificationTest#GetJwtEncode</h3><table class="result"><tr><th class="invisible"/></tr></table><p class="totop"><a href="#summary">back to summary</a></p>
<h3 id="m48">VerificationTest#GetRoot</h3><table class="result"><tr><th class="invisible"/></tr></table><p class="totop"><a href="#summary">back to summary</a></p>
<h3 id="m49">VerificationTest#GetUserStatusPending</h3><table class="result"><tr><th class="invisible"/></tr></table><p class="totop"><a href="#summary">back to summary</a></p>
</body>
</html>
