<!DOCTYPE html>

<html>
  <head>
  <meta charset='utf-8'>
  <title>TestNG reports</title>

    <link type="text/css" href="testng-reports.css" rel="stylesheet" />
    <script type="text/javascript" src="jquery-1.7.1.min.js"></script>
    <script type="text/javascript" src="testng-reports.js"></script>
    <script type="text/javascript" src="https://www.google.com/jsapi"></script>
    <script type='text/javascript'>
      google.load('visualization', '1', {packages:['table']});
      google.setOnLoadCallback(drawTable);
      var suiteTableInitFunctions = new Array();
      var suiteTableData = new Array();
    </script>
    <!--
      <script type="text/javascript" src="jquery-ui/js/jquery-ui-1.8.16.custom.min.js"></script>
     -->
  </head>

  <body>
    <div class="top-banner-root">
      <span class="top-banner-title-font">Test results</span>
      <br/>
      <span class="top-banner-font-1">1 suite, 13 failed tests</span>
    </div> <!-- top-banner-root -->
    <div class="navigator-root">
      <div class="navigator-suite-header">
        <span>All suites</span>
        <a href="#" title="Collapse/expand all the suites" class="collapse-all-link">
          <img src="collapseall.gif" class="collapse-all-icon">
          </img> <!-- collapse-all-icon -->
        </a> <!-- collapse-all-link -->
      </div> <!-- navigator-suite-header -->
      <div class="suite">
        <div class="rounded-window">
          <div class="suite-header light-rounded-window-top">
            <a href="#" panel-name="suite-Surefire_suite" class="navigator-link">
              <span class="suite-name border-failed">Surefire suite</span>
            </a> <!-- navigator-link -->
          </div> <!-- suite-header light-rounded-window-top -->
          <div class="navigator-suite-content">
            <div class="suite-section-title">
              <span>Info</span>
            </div> <!-- suite-section-title -->
            <div class="suite-section-content">
              <ul>
                <li>
                  <a href="#" panel-name="test-xml-Surefire_suite" class="navigator-link ">
                    <span>[unset file name]</span>
                  </a> <!-- navigator-link  -->
                </li>
                <li>
                  <a href="#" panel-name="testlist-Surefire_suite" class="navigator-link ">
                    <span class="test-stats">1 test</span>
                  </a> <!-- navigator-link  -->
                </li>
                <li>
                  <a href="#" panel-name="group-Surefire_suite" class="navigator-link ">
                    <span>0 groups</span>
                  </a> <!-- navigator-link  -->
                </li>
                <li>
                  <a href="#" panel-name="times-Surefire_suite" class="navigator-link ">
                    <span>Times</span>
                  </a> <!-- navigator-link  -->
                </li>
                <li>
                  <a href="#" panel-name="reporter-Surefire_suite" class="navigator-link ">
                    <span>Reporter output</span>
                  </a> <!-- navigator-link  -->
                </li>
                <li>
                  <a href="#" panel-name="ignored-methods-Surefire_suite" class="navigator-link ">
                    <span>Ignored methods</span>
                  </a> <!-- navigator-link  -->
                </li>
                <li>
                  <a href="#" panel-name="chronological-Surefire_suite" class="navigator-link ">
                    <span>Chronological view</span>
                  </a> <!-- navigator-link  -->
                </li>
              </ul>
            </div> <!-- suite-section-content -->
            <div class="result-section">
              <div class="suite-section-title">
                <span>Results</span>
              </div> <!-- suite-section-title -->
              <div class="suite-section-content">
                <ul>
                  <li>
                    <span class="method-stats">50 methods, 13 failed,   37 passed</span>
                  </li>
                  <li>
                    <span class="method-list-title failed">Failed methods</span>
                    <span class="show-or-hide-methods failed">
                      <a href="#" panel-name="suite-Surefire_suite" class="hide-methods failed suite-Surefire_suite"> (hide)</a> <!-- hide-methods failed suite-Surefire_suite -->
                      <a href="#" panel-name="suite-Surefire_suite" class="show-methods failed suite-Surefire_suite"> (show)</a> <!-- show-methods failed suite-Surefire_suite -->
                    </span>
                    <div class="method-list-content failed suite-Surefire_suite">
                      <span>
                        <img src="failed.png" width="3%"/>
                        <a href="#" panel-name="suite-Surefire_suite" title="CreateAlertTest" class="method navigator-link" hash-for-method="DeleteAlertSuccessfully">DeleteAlertSuccessfully</a> <!-- method navigator-link -->
                      </span>
                      <br/>
                      <span>
                        <img src="failed.png" width="3%"/>
                        <a href="#" panel-name="suite-Surefire_suite" title="VerificationTest" class="method navigator-link" hash-for-method="GetUserStatusNotFound">GetUserStatusNotFound</a> <!-- method navigator-link -->
                      </span>
                      <br/>
                      <span>
                        <img src="failed.png" width="3%"/>
                        <a href="#" panel-name="suite-Surefire_suite" title="VerificationTest" class="method navigator-link" hash-for-method="GetUserStatus_CountryMissing">GetUserStatus_CountryMissing</a> <!-- method navigator-link -->
                      </span>
                      <br/>
                      <span>
                        <img src="failed.png" width="3%"/>
                        <a href="#" panel-name="suite-Surefire_suite" title="PaymentPageTest" class="method navigator-link" hash-for-method="MakeSuccessfulPayment">MakeSuccessfulPayment</a> <!-- method navigator-link -->
                      </span>
                      <br/>
                      <span>
                        <img src="failed.png" width="3%"/>
                        <a href="#" panel-name="suite-Surefire_suite" title="CreateAlertTest" class="method navigator-link" hash-for-method="ModifyAlertSuccessfully">ModifyAlertSuccessfully</a> <!-- method navigator-link -->
                      </span>
                      <br/>
                      <span>
                        <img src="failed.png" width="3%"/>
                        <a href="#" panel-name="suite-Surefire_suite" title="MyAccountTest" class="method navigator-link" hash-for-method="PopulateProfessionalProfileFields">PopulateProfessionalProfileFields</a> <!-- method navigator-link -->
                      </span>
                      <br/>
                      <span>
                        <img src="failed.png" width="3%"/>
                        <a href="#" panel-name="suite-Surefire_suite" title="VerificationTest" class="method navigator-link" hash-for-method="SetUserInvalid_MissingStatus">SetUserInvalid_MissingStatus</a> <!-- method navigator-link -->
                      </span>
                      <br/>
                      <span>
                        <img src="failed.png" width="3%"/>
                        <a href="#" panel-name="suite-Surefire_suite" title="VerificationTest" class="method navigator-link" hash-for-method="SetUserInvalid_MissingToken">SetUserInvalid_MissingToken</a> <!-- method navigator-link -->
                      </span>
                      <br/>
                      <span>
                        <img src="failed.png" width="3%"/>
                        <a href="#" panel-name="suite-Surefire_suite" title="VerificationTest" class="method navigator-link" hash-for-method="SetUserInvalid_token">SetUserInvalid_token</a> <!-- method navigator-link -->
                      </span>
                      <br/>
                      <span>
                        <img src="failed.png" width="3%"/>
                        <a href="#" panel-name="suite-Surefire_suite" title="VerificationTest" class="method navigator-link" hash-for-method="SetUserStatus">SetUserStatus</a> <!-- method navigator-link -->
                      </span>
                      <br/>
                      <span>
                        <img src="failed.png" width="3%"/>
                        <a href="#" panel-name="suite-Surefire_suite" title="MyAccountTest" class="method navigator-link" hash-for-method="UnableToUpdateAProfessionalProfileWithoutRequiredFields">UnableToUpdateAProfessionalProfileWithoutRequiredFields</a> <!-- method navigator-link -->
                      </span>
                      <br/>
                      <span>
                        <img src="failed.png" width="3%"/>
                        <a href="#" panel-name="suite-Surefire_suite" title="MyAccountTest" class="method navigator-link" hash-for-method="UnableToUpdateAnIndividualProfileWithoutRequiredFields">UnableToUpdateAnIndividualProfileWithoutRequiredFields</a> <!-- method navigator-link -->
                      </span>
                      <br/>
                      <span>
                        <img src="failed.png" width="3%"/>
                        <a href="#" panel-name="suite-Surefire_suite" title="LoginTest" class="method navigator-link" hash-for-method="logInWithARegisteredAccount">logInWithARegisteredAccount</a> <!-- method navigator-link -->
                      </span>
                      <br/>
                    </div> <!-- method-list-content failed suite-Surefire_suite -->
                  </li>
                  <li>
                    <span class="method-list-title passed">Passed methods</span>
                    <span class="show-or-hide-methods passed">
                      <a href="#" panel-name="suite-Surefire_suite" class="hide-methods passed suite-Surefire_suite"> (hide)</a> <!-- hide-methods passed suite-Surefire_suite -->
                      <a href="#" panel-name="suite-Surefire_suite" class="show-methods passed suite-Surefire_suite"> (show)</a> <!-- show-methods passed suite-Surefire_suite -->
                    </span>
                    <div class="method-list-content passed suite-Surefire_suite">
                      <span>
                        <img src="passed.png" width="3%"/>
                        <a href="#" panel-name="suite-Surefire_suite" title="MyAccountTest" class="method navigator-link" hash-for-method="ChangeEmailAddressForAccount">ChangeEmailAddressForAccount</a> <!-- method navigator-link -->
                      </span>
                      <br/>
                      <span>
                        <img src="passed.png" width="3%"/>
                        <a href="#" panel-name="suite-Surefire_suite" title="AdPostTest" class="method navigator-link" hash-for-method="CreateAValidAdAdultDating">CreateAValidAdAdultDating</a> <!-- method navigator-link -->
                      </span>
                      <br/>
                      <span>
                        <img src="passed.png" width="3%"/>
                        <a href="#" panel-name="suite-Surefire_suite" title="CreateAlertTest" class="method navigator-link" hash-for-method="CreateAlertSuccessfully">CreateAlertSuccessfully</a> <!-- method navigator-link -->
                      </span>
                      <br/>
                      <span>
                        <img src="passed.png" width="3%"/>
                        <a href="#" panel-name="suite-Surefire_suite" title="VerificationTest" class="method navigator-link" hash-for-method="GetHealth">GetHealth</a> <!-- method navigator-link -->
                      </span>
                      <br/>
                      <span>
                        <img src="passed.png" width="3%"/>
                        <a href="#" panel-name="suite-Surefire_suite" title="VerificationTest" class="method navigator-link" hash-for-method="GetJwtDecode">GetJwtDecode</a> <!-- method navigator-link -->
                      </span>
                      <br/>
                      <span>
                        <img src="passed.png" width="3%"/>
                        <a href="#" panel-name="suite-Surefire_suite" title="VerificationTest" class="method navigator-link" hash-for-method="GetJwtEncode">GetJwtEncode</a> <!-- method navigator-link -->
                      </span>
                      <br/>
                      <span>
                        <img src="passed.png" width="3%"/>
                        <a href="#" panel-name="suite-Surefire_suite" title="VerificationTest" class="method navigator-link" hash-for-method="GetRoot">GetRoot</a> <!-- method navigator-link -->
                      </span>
                      <br/>
                      <span>
                        <img src="passed.png" width="3%"/>
                        <a href="#" panel-name="suite-Surefire_suite" title="VerificationTest" class="method navigator-link" hash-for-method="GetUserStatusPending">GetUserStatusPending</a> <!-- method navigator-link -->
                      </span>
                      <br/>
                      <span>
                        <img src="passed.png" width="3%"/>
                        <a href="#" panel-name="suite-Surefire_suite" title="MyAccountTest" class="method navigator-link" hash-for-method="PopulateIndividualProfileFields">PopulateIndividualProfileFields</a> <!-- method navigator-link -->
                      </span>
                      <br/>
                      <span>
                        <img src="passed.png" width="3%"/>
                        <a href="#" panel-name="suite-Surefire_suite" title="AdPostTest" class="method navigator-link" hash-for-method="UnableToCreateAnAdWithMissingPostcode">UnableToCreateAnAdWithMissingPostcode</a> <!-- method navigator-link -->
                      </span>
                      <br/>
                      <span>
                        <img src="passed.png" width="3%"/>
                        <a href="#" panel-name="suite-Surefire_suite" title="AdPostTest" class="method navigator-link" hash-for-method="UnableToCreateAnAdWithMissingTitle">UnableToCreateAnAdWithMissingTitle</a> <!-- method navigator-link -->
                      </span>
                      <br/>
                      <span>
                        <img src="passed.png" width="3%"/>
                        <a href="#" panel-name="suite-Surefire_suite" title="MyAccountTest" class="method navigator-link" hash-for-method="UnableToUpdateTheEmailFieldWithAnInvalidEmail">UnableToUpdateTheEmailFieldWithAnInvalidEmail</a> <!-- method navigator-link -->
                      </span>
                      <br/>
                      <span>
                        <img src="passed.png" width="3%"/>
                        <a href="#" panel-name="suite-Surefire_suite" title="MyAccountTest" class="method navigator-link" hash-for-method="UnableToUpdateTheURLFieldWithAnInvalidURL">UnableToUpdateTheURLFieldWithAnInvalidURL</a> <!-- method navigator-link -->
                      </span>
                      <br/>
                      <span>
                        <img src="passed.png" width="3%"/>
                        <a href="#" panel-name="suite-Surefire_suite" title="ScreenshotTest" class="method navigator-link" hash-for-method="alertPageScreenshot">alertPageScreenshot</a> <!-- method navigator-link -->
                      </span>
                      <br/>
                      <span>
                        <img src="passed.png" width="3%"/>
                        <a href="#" panel-name="suite-Surefire_suite" title="CreateAccountTest" class="method navigator-link" hash-for-method="createAValidIndividualAccount">createAValidIndividualAccount</a> <!-- method navigator-link -->
                      </span>
                      <br/>
                      <span>
                        <img src="passed.png" width="3%"/>
                        <a href="#" panel-name="suite-Surefire_suite" title="CreateAccountTest" class="method navigator-link" hash-for-method="createAValidProfessionalAccount">createAValidProfessionalAccount</a> <!-- method navigator-link -->
                      </span>
                      <br/>
                      <span>
                        <img src="passed.png" width="3%"/>
                        <a href="#" panel-name="suite-Surefire_suite" title="LiveLoginTest" class="method navigator-link" hash-for-method="loginPageLoadsCorrectly">loginPageLoadsCorrectly</a> <!-- method navigator-link -->
                      </span>
                      <br/>
                      <span>
                        <img src="passed.png" width="3%"/>
                        <a href="#" panel-name="suite-Surefire_suite" title="LoginTest" class="method navigator-link" hash-for-method="loginPageLoadsCorrectly">loginPageLoadsCorrectly</a> <!-- method navigator-link -->
                      </span>
                      <br/>
                      <span>
                        <img src="passed.png" width="3%"/>
                        <a href="#" panel-name="suite-Surefire_suite" title="ScreenshotTest" class="method navigator-link" hash-for-method="loginPageScreenshot">loginPageScreenshot</a> <!-- method navigator-link -->
                      </span>
                      <br/>
                      <span>
                        <img src="passed.png" width="3%"/>
                        <a href="#" panel-name="suite-Surefire_suite" title="ScreenshotTest" class="method navigator-link" hash-for-method="myAdsPageScreenshot">myAdsPageScreenshot</a> <!-- method navigator-link -->
                      </span>
                      <br/>
                      <span>
                        <img src="passed.png" width="3%"/>
                        <a href="#" panel-name="suite-Surefire_suite" title="ScreenshotTest" class="method navigator-link" hash-for-method="myDetailsPageScreenshot">myDetailsPageScreenshot</a> <!-- method navigator-link -->
                      </span>
                      <br/>
                      <span>
                        <img src="passed.png" width="3%"/>
                        <a href="#" panel-name="suite-Surefire_suite" title="CreateAccountTest" class="method navigator-link" hash-for-method="registerForYourFreeAccount">registerForYourFreeAccount</a> <!-- method navigator-link -->
                      </span>
                      <br/>
                      <span>
                        <img src="passed.png" width="3%"/>
                        <a href="#" panel-name="suite-Surefire_suite" title="LoginTest" class="method navigator-link" hash-for-method="resetPasswordViaMyAccount">resetPasswordViaMyAccount</a> <!-- method navigator-link -->
                      </span>
                      <br/>
                      <span>
                        <img src="passed.png" width="3%"/>
                        <a href="#" panel-name="suite-Surefire_suite" title="CreateAccountTest" class="method navigator-link" hash-for-method="unableToCreateAnAccountWithAnInvalidUsername">unableToCreateAnAccountWithAnInvalidUsername</a> <!-- method navigator-link -->
                      </span>
                      <br/>
                      <span>
                        <img src="passed.png" width="3%"/>
                        <a href="#" panel-name="suite-Surefire_suite" title="CreateAccountTest" class="method navigator-link" hash-for-method="unableToCreateAnAccountWithInvalidEmailAddress">unableToCreateAnAccountWithInvalidEmailAddress</a> <!-- method navigator-link -->
                      </span>
                      <br/>
                      <span>
                        <img src="passed.png" width="3%"/>
                        <a href="#" panel-name="suite-Surefire_suite" title="CreateAccountTest" class="method navigator-link" hash-for-method="unableToCreateAnAccountWithMissingCompanyName">unableToCreateAnAccountWithMissingCompanyName</a> <!-- method navigator-link -->
                      </span>
                      <br/>
                      <span>
                        <img src="passed.png" width="3%"/>
                        <a href="#" panel-name="suite-Surefire_suite" title="CreateAccountTest" class="method navigator-link" hash-for-method="unableToCreateAnAccountWithMissingFullAddress">unableToCreateAnAccountWithMissingFullAddress</a> <!-- method navigator-link -->
                      </span>
                      <br/>
                      <span>
                        <img src="passed.png" width="3%"/>
                        <a href="#" panel-name="suite-Surefire_suite" title="CreateAccountTest" class="method navigator-link" hash-for-method="unableToCreateAnAccountWithMissingPassword">unableToCreateAnAccountWithMissingPassword</a> <!-- method navigator-link -->
                      </span>
                      <br/>
                      <span>
                        <img src="passed.png" width="3%"/>
                        <a href="#" panel-name="suite-Surefire_suite" title="CreateAccountTest" class="method navigator-link" hash-for-method="unableToCreateAnAccountWithMissingUsername">unableToCreateAnAccountWithMissingUsername</a> <!-- method navigator-link -->
                      </span>
                      <br/>
                      <span>
                        <img src="passed.png" width="3%"/>
                        <a href="#" panel-name="suite-Surefire_suite" title="CreateAccountTest" class="method navigator-link" hash-for-method="unableToCreateAnAccountWithNoData">unableToCreateAnAccountWithNoData</a> <!-- method navigator-link -->
                      </span>
                      <br/>
                      <span>
                        <img src="passed.png" width="3%"/>
                        <a href="#" panel-name="suite-Surefire_suite" title="CreateAccountTest" class="method navigator-link" hash-for-method="unableToCreateAnAccountWithNoEmail">unableToCreateAnAccountWithNoEmail</a> <!-- method navigator-link -->
                      </span>
                      <br/>
                      <span>
                        <img src="passed.png" width="3%"/>
                        <a href="#" panel-name="suite-Surefire_suite" title="CreateAccountTest" class="method navigator-link" hash-for-method="unableToCreateAnAccountWithRegisteredEmailAddress">unableToCreateAnAccountWithRegisteredEmailAddress</a> <!-- method navigator-link -->
                      </span>
                      <br/>
                      <span>
                        <img src="passed.png" width="3%"/>
                        <a href="#" panel-name="suite-Surefire_suite" title="LoginTest" class="method navigator-link" hash-for-method="unableToLogInWithBlankFields">unableToLogInWithBlankFields</a> <!-- method navigator-link -->
                      </span>
                      <br/>
                      <span>
                        <img src="passed.png" width="3%"/>
                        <a href="#" panel-name="suite-Surefire_suite" title="LoginTest" class="method navigator-link" hash-for-method="unableToLogInWithIncorrectPassword">unableToLogInWithIncorrectPassword</a> <!-- method navigator-link -->
                      </span>
                      <br/>
                      <span>
                        <img src="passed.png" width="3%"/>
                        <a href="#" panel-name="suite-Surefire_suite" title="LoginTest" class="method navigator-link" hash-for-method="unableToLogInWithUnregisteredAccount">unableToLogInWithUnregisteredAccount</a> <!-- method navigator-link -->
                      </span>
                      <br/>
                      <span>
                        <img src="passed.png" width="3%"/>
                        <a href="#" panel-name="suite-Surefire_suite" title="LoginTest" class="method navigator-link" hash-for-method="unableToLogInWithoutAPassword">unableToLogInWithoutAPassword</a> <!-- method navigator-link -->
                      </span>
                      <br/>
                      <span>
                        <img src="passed.png" width="3%"/>
                        <a href="#" panel-name="suite-Surefire_suite" title="LoginTest" class="method navigator-link" hash-for-method="unableToLogInWithoutAnEmail">unableToLogInWithoutAnEmail</a> <!-- method navigator-link -->
                      </span>
                      <br/>
                    </div> <!-- method-list-content passed suite-Surefire_suite -->
                  </li>
                </ul>
              </div> <!-- suite-section-content -->
            </div> <!-- result-section -->
          </div> <!-- navigator-suite-content -->
        </div> <!-- rounded-window -->
      </div> <!-- suite -->
    </div> <!-- navigator-root -->
    <div class="wrapper">
      <div class="main-panel-root">
        <div panel-name="suite-Surefire_suite" class="panel Surefire_suite">
          <div class="suite-Surefire_suite-class-failed">
            <div class="main-panel-header rounded-window-top">
              <img src="failed.png"/>
              <span class="class-name">VerificationTest</span>
            </div> <!-- main-panel-header rounded-window-top -->
            <div class="main-panel-content rounded-window-bottom">
              <div class="method">
                <div class="method-content">
                  <a name="GetUserStatusNotFound">
                  </a> <!-- GetUserStatusNotFound -->
                  <span class="method-name">GetUserStatusNotFound</span>
                  <div class="stack-trace">java.lang.AssertionError: expected [200] but found [403]
	at VerificationTest.GetUserStatusNotFound(VerificationTest.java:124)
... Removed 36 stack frames
</div> <!-- stack-trace -->
                </div> <!-- method-content -->
              </div> <!-- method -->
              <div class="method">
                <div class="method-content">
                  <a name="GetUserStatus_CountryMissing">
                  </a> <!-- GetUserStatus_CountryMissing -->
                  <span class="method-name">GetUserStatus_CountryMissing</span>
                  <div class="stack-trace">java.lang.AssertionError: expected [400] but found [403]
	at VerificationTest.GetUserStatus_CountryMissing(VerificationTest.java:102)
... Removed 36 stack frames
</div> <!-- stack-trace -->
                </div> <!-- method-content -->
              </div> <!-- method -->
              <div class="method">
                <div class="method-content">
                  <a name="SetUserInvalid_MissingStatus">
                  </a> <!-- SetUserInvalid_MissingStatus -->
                  <span class="method-name">SetUserInvalid_MissingStatus</span>
                  <div class="stack-trace">java.lang.AssertionError: expected [400] but found [403]
	at VerificationTest.SetUserInvalid_MissingStatus(VerificationTest.java:191)
... Removed 36 stack frames
</div> <!-- stack-trace -->
                </div> <!-- method-content -->
              </div> <!-- method -->
              <div class="method">
                <div class="method-content">
                  <a name="SetUserInvalid_MissingToken">
                  </a> <!-- SetUserInvalid_MissingToken -->
                  <span class="method-name">SetUserInvalid_MissingToken</span>
                  <div class="stack-trace">java.lang.AssertionError: expected [400] but found [403]
	at VerificationTest.SetUserInvalid_MissingToken(VerificationTest.java:206)
... Removed 36 stack frames
</div> <!-- stack-trace -->
                </div> <!-- method-content -->
              </div> <!-- method -->
              <div class="method">
                <div class="method-content">
                  <a name="SetUserInvalid_token">
                  </a> <!-- SetUserInvalid_token -->
                  <span class="method-name">SetUserInvalid_token</span>
                  <div class="stack-trace">java.lang.AssertionError: expected [400] but found [403]
	at VerificationTest.SetUserInvalid_token(VerificationTest.java:228)
... Removed 36 stack frames
</div> <!-- stack-trace -->
                </div> <!-- method-content -->
              </div> <!-- method -->
              <div class="method">
                <div class="method-content">
                  <a name="SetUserStatus">
                  </a> <!-- SetUserStatus -->
                  <span class="method-name">SetUserStatus</span>
                  <div class="stack-trace">java.lang.AssertionError: expected [200] but found [403]
	at VerificationTest.SetUserStatus(VerificationTest.java:170)
... Removed 36 stack frames
</div> <!-- stack-trace -->
                </div> <!-- method-content -->
              </div> <!-- method -->
            </div> <!-- main-panel-content rounded-window-bottom -->
          </div> <!-- suite-Surefire_suite-class-failed -->
          <div class="suite-Surefire_suite-class-failed">
            <div class="main-panel-header rounded-window-top">
              <img src="failed.png"/>
              <span class="class-name">CreateAlertTest</span>
            </div> <!-- main-panel-header rounded-window-top -->
            <div class="main-panel-content rounded-window-bottom">
              <div class="method">
                <div class="method-content">
                  <a name="DeleteAlertSuccessfully">
                  </a> <!-- DeleteAlertSuccessfully -->
                  <span class="method-name">DeleteAlertSuccessfully</span>
                  <div class="stack-trace">org.openqa.selenium.TimeoutException: Expected condition failed: waiting for visibility of [[RemoteWebDriver: chrome on LINUX (849fa78cae8536b31fb6f318b4ef5bdd)] -&gt; id: lb_alert_close_success] (tried for 15 second(s) with 500 milliseconds interval)
Build info: version: &apos;3.11.0&apos;, revision: &apos;e59cfb3&apos;, time: &apos;2018-03-11T20:26:55.152Z&apos;
System info: host: &apos;vs-lon-mac39.erm.dm-companies.com&apos;, ip: &apos;192.168.23.36&apos;, os.name: &apos;Mac OS X&apos;, os.arch: &apos;x86_64&apos;, os.version: &apos;10.13.5&apos;, java.version: &apos;10.0.1&apos;
Driver info: org.openqa.selenium.remote.RemoteWebDriver
Capabilities {acceptInsecureCerts: false, acceptSslCerts: false, applicationCacheEnabled: false, browserConnectionEnabled: false, browserName: chrome, chrome: {chromedriverVersion: 2.42.591071 (0b695ff80972cc..., userDataDir: /tmp/.org.chromium.Chromium...}, cssSelectorsEnabled: true, databaseEnabled: false, goog:chromeOptions: {debuggerAddress: localhost:37351}, handlesAlerts: true, hasTouchScreen: false, javascriptEnabled: true, locationContextEnabled: true, mobileEmulationEnabled: false, nativeEvents: true, networkConnectionEnabled: false, pageLoadStrategy: normal, platform: LINUX, platformName: LINUX, rotatable: false, setWindowRect: true, takesHeapSnapshot: true, takesScreenshot: true, unexpectedAlertBehaviour: , unhandledPromptBehavior: , version: 69.0.3497.100, webStorageEnabled: true, webdriver.remote.sessionid: 849fa78cae8536b31fb6f318b4e...}
Session ID: 849fa78cae8536b31fb6f318b4ef5bdd
	at org.openqa.selenium.support.ui.WebDriverWait.timeoutException(WebDriverWait.java:81)
	at org.openqa.selenium.support.ui.FluentWait.until(FluentWait.java:271)
	at Pages.CreateAlertPage.closeAlertConfirmation(CreateAlertPage.java:109)
	at CreateAlertTest.DeleteAlertSuccessfully(CreateAlertTest.java:38)
... Removed 30 stack frames
</div> <!-- stack-trace -->
                </div> <!-- method-content -->
              </div> <!-- method -->
              <div class="method">
                <div class="method-content">
                  <a name="ModifyAlertSuccessfully">
                  </a> <!-- ModifyAlertSuccessfully -->
                  <span class="method-name">ModifyAlertSuccessfully</span>
                  <div class="stack-trace">org.openqa.selenium.TimeoutException: Expected condition failed: waiting for visibility of [[RemoteWebDriver: chrome on LINUX (7ebe402a4fdc0650620f442110818c1f)] -&gt; id: lb_alert_close_success] (tried for 15 second(s) with 500 milliseconds interval)
Build info: version: &apos;3.11.0&apos;, revision: &apos;e59cfb3&apos;, time: &apos;2018-03-11T20:26:55.152Z&apos;
System info: host: &apos;vs-lon-mac39.erm.dm-companies.com&apos;, ip: &apos;192.168.23.36&apos;, os.name: &apos;Mac OS X&apos;, os.arch: &apos;x86_64&apos;, os.version: &apos;10.13.5&apos;, java.version: &apos;10.0.1&apos;
Driver info: org.openqa.selenium.remote.RemoteWebDriver
Capabilities {acceptInsecureCerts: false, acceptSslCerts: false, applicationCacheEnabled: false, browserConnectionEnabled: false, browserName: chrome, chrome: {chromedriverVersion: 2.42.591071 (0b695ff80972cc..., userDataDir: /tmp/.org.chromium.Chromium...}, cssSelectorsEnabled: true, databaseEnabled: false, goog:chromeOptions: {debuggerAddress: localhost:33087}, handlesAlerts: true, hasTouchScreen: false, javascriptEnabled: true, locationContextEnabled: true, mobileEmulationEnabled: false, nativeEvents: true, networkConnectionEnabled: false, pageLoadStrategy: normal, platform: LINUX, platformName: LINUX, rotatable: false, setWindowRect: true, takesHeapSnapshot: true, takesScreenshot: true, unexpectedAlertBehaviour: , unhandledPromptBehavior: , version: 69.0.3497.100, webStorageEnabled: true, webdriver.remote.sessionid: 7ebe402a4fdc0650620f4421108...}
Session ID: 7ebe402a4fdc0650620f442110818c1f
	at org.openqa.selenium.support.ui.WebDriverWait.timeoutException(WebDriverWait.java:81)
	at org.openqa.selenium.support.ui.FluentWait.until(FluentWait.java:271)
	at Pages.CreateAlertPage.closeAlertConfirmation(CreateAlertPage.java:109)
	at CreateAlertTest.ModifyAlertSuccessfully(CreateAlertTest.java:55)
... Removed 30 stack frames
</div> <!-- stack-trace -->
                </div> <!-- method-content -->
              </div> <!-- method -->
            </div> <!-- main-panel-content rounded-window-bottom -->
          </div> <!-- suite-Surefire_suite-class-failed -->
          <div class="suite-Surefire_suite-class-failed">
            <div class="main-panel-header rounded-window-top">
              <img src="failed.png"/>
              <span class="class-name">MyAccountTest</span>
            </div> <!-- main-panel-header rounded-window-top -->
            <div class="main-panel-content rounded-window-bottom">
              <div class="method">
                <div class="method-content">
                  <a name="PopulateProfessionalProfileFields">
                  </a> <!-- PopulateProfessionalProfileFields -->
                  <span class="method-name">PopulateProfessionalProfileFields</span>
                  <div class="stack-trace">org.openqa.selenium.NoSuchElementException: no such element: Unable to locate element: {&quot;method&quot;:&quot;name&quot;,&quot;selector&quot;:&quot;company_name&quot;}
  (Session info: chrome=69.0.3497.100)
  (Driver info: chromedriver=2.42.591071 (0b695ff80972cc1a65a5cd643186d2ae582cd4ac),platform=Linux 4.9.93-linuxkit-aufs x86_64) (WARNING: The server did not provide any stacktrace information)
Command duration or timeout: 0 milliseconds
For documentation on this error, please visit: http://seleniumhq.org/exceptions/no_such_element.html
Build info: version: &apos;3.11.0&apos;, revision: &apos;e59cfb3&apos;, time: &apos;2018-03-11T20:26:55.152Z&apos;
System info: host: &apos;vs-lon-mac39.erm.dm-companies.com&apos;, ip: &apos;192.168.23.36&apos;, os.name: &apos;Mac OS X&apos;, os.arch: &apos;x86_64&apos;, os.version: &apos;10.13.5&apos;, java.version: &apos;10.0.1&apos;
Driver info: org.openqa.selenium.remote.RemoteWebDriver
Capabilities {acceptInsecureCerts: false, acceptSslCerts: false, applicationCacheEnabled: false, browserConnectionEnabled: false, browserName: chrome, chrome: {chromedriverVersion: 2.42.591071 (0b695ff80972cc..., userDataDir: /tmp/.org.chromium.Chromium...}, cssSelectorsEnabled: true, databaseEnabled: false, goog:chromeOptions: {debuggerAddress: localhost:44981}, handlesAlerts: true, hasTouchScreen: false, javascriptEnabled: true, locationContextEnabled: true, mobileEmulationEnabled: false, nativeEvents: true, networkConnectionEnabled: false, pageLoadStrategy: normal, platform: LINUX, platformName: LINUX, rotatable: false, setWindowRect: true, takesHeapSnapshot: true, takesScreenshot: true, unexpectedAlertBehaviour: , unhandledPromptBehavior: , version: 69.0.3497.100, webStorageEnabled: true, webdriver.remote.sessionid: 4de4d01a3fb7e5c0de38f7f22a5...}
Session ID: 4de4d01a3fb7e5c0de38f7f22a5623ab
*** Element info: {Using=name, value=company_name}
	at org.openqa.selenium.remote.ErrorHandler.createThrowable(ErrorHandler.java:214)
	at org.openqa.selenium.remote.ErrorHandler.throwIfResponseFailed(ErrorHandler.java:166)
	at org.openqa.selenium.remote.http.JsonHttpResponseCodec.reconstructValue(JsonHttpResponseCodec.java:40)
	at org.openqa.selenium.remote.http.AbstractHttpResponseCodec.decode(AbstractHttpResponseCodec.java:80)
	at org.openqa.selenium.remote.http.AbstractHttpResponseCodec.decode(AbstractHttpResponseCodec.java:44)
	at org.openqa.selenium.remote.HttpCommandExecutor.execute(HttpCommandExecutor.java:158)
	at org.openqa.selenium.remote.RemoteWebDriver.execute(RemoteWebDriver.java:545)
	at org.openqa.selenium.remote.RemoteWebDriver.findElement(RemoteWebDriver.java:319)
	at org.openqa.selenium.remote.RemoteWebDriver.findElementByName(RemoteWebDriver.java:397)
	at org.openqa.selenium.By$ByName.findElement(By.java:303)
	at org.openqa.selenium.remote.RemoteWebDriver.findElement(RemoteWebDriver.java:311)
	at org.openqa.selenium.support.pagefactory.DefaultElementLocator.findElement(DefaultElementLocator.java:69)
	at org.openqa.selenium.support.pagefactory.internal.LocatingElementHandler.invoke(LocatingElementHandler.java:38)
	at com.sun.proxy.$Proxy10.clear(Unknown Source)
	at Pages.MyAccountPage.changeProfessionalAccountDetails(MyAccountPage.java:185)
	at MyAccountTest.PopulateProfessionalProfileFields(MyAccountTest.java:67)
... Removed 34 stack frames
</div> <!-- stack-trace -->
                </div> <!-- method-content -->
              </div> <!-- method -->
              <div class="method">
                <div class="method-content">
                  <a name="UnableToUpdateAProfessionalProfileWithoutRequiredFields">
                  </a> <!-- UnableToUpdateAProfessionalProfileWithoutRequiredFields -->
                  <span class="method-name">UnableToUpdateAProfessionalProfileWithoutRequiredFields</span>
                  <div class="stack-trace">org.openqa.selenium.NoSuchElementException: no such element: Unable to locate element: {&quot;method&quot;:&quot;id&quot;,&quot;selector&quot;:&quot;email&quot;}
  (Session info: chrome=69.0.3497.100)
  (Driver info: chromedriver=2.42.591071 (0b695ff80972cc1a65a5cd643186d2ae582cd4ac),platform=Linux 4.9.93-linuxkit-aufs x86_64) (WARNING: The server did not provide any stacktrace information)
Command duration or timeout: 0 milliseconds
For documentation on this error, please visit: http://seleniumhq.org/exceptions/no_such_element.html
Build info: version: &apos;3.11.0&apos;, revision: &apos;e59cfb3&apos;, time: &apos;2018-03-11T20:26:55.152Z&apos;
System info: host: &apos;vs-lon-mac39.erm.dm-companies.com&apos;, ip: &apos;192.168.23.36&apos;, os.name: &apos;Mac OS X&apos;, os.arch: &apos;x86_64&apos;, os.version: &apos;10.13.5&apos;, java.version: &apos;10.0.1&apos;
Driver info: org.openqa.selenium.remote.RemoteWebDriver
Capabilities {acceptInsecureCerts: false, acceptSslCerts: false, applicationCacheEnabled: false, browserConnectionEnabled: false, browserName: chrome, chrome: {chromedriverVersion: 2.42.591071 (0b695ff80972cc..., userDataDir: /tmp/.org.chromium.Chromium...}, cssSelectorsEnabled: true, databaseEnabled: false, goog:chromeOptions: {debuggerAddress: localhost:45629}, handlesAlerts: true, hasTouchScreen: false, javascriptEnabled: true, locationContextEnabled: true, mobileEmulationEnabled: false, nativeEvents: true, networkConnectionEnabled: false, pageLoadStrategy: normal, platform: LINUX, platformName: LINUX, rotatable: false, setWindowRect: true, takesHeapSnapshot: true, takesScreenshot: true, unexpectedAlertBehaviour: , unhandledPromptBehavior: , version: 69.0.3497.100, webStorageEnabled: true, webdriver.remote.sessionid: b03eacb1ef23e9634fa6bff798b...}
Session ID: b03eacb1ef23e9634fa6bff798bc3b33
*** Element info: {Using=id, value=email}
	at org.openqa.selenium.remote.ErrorHandler.createThrowable(ErrorHandler.java:214)
	at org.openqa.selenium.remote.ErrorHandler.throwIfResponseFailed(ErrorHandler.java:166)
	at org.openqa.selenium.remote.http.JsonHttpResponseCodec.reconstructValue(JsonHttpResponseCodec.java:40)
	at org.openqa.selenium.remote.http.AbstractHttpResponseCodec.decode(AbstractHttpResponseCodec.java:80)
	at org.openqa.selenium.remote.http.AbstractHttpResponseCodec.decode(AbstractHttpResponseCodec.java:44)
	at org.openqa.selenium.remote.HttpCommandExecutor.execute(HttpCommandExecutor.java:158)
	at org.openqa.selenium.remote.RemoteWebDriver.execute(RemoteWebDriver.java:545)
	at org.openqa.selenium.remote.RemoteWebDriver.findElement(RemoteWebDriver.java:319)
	at org.openqa.selenium.remote.RemoteWebDriver.findElementById(RemoteWebDriver.java:365)
	at org.openqa.selenium.By$ById.findElement(By.java:218)
	at org.openqa.selenium.remote.RemoteWebDriver.findElement(RemoteWebDriver.java:311)
	at org.openqa.selenium.support.pagefactory.DefaultElementLocator.findElement(DefaultElementLocator.java:69)
	at org.openqa.selenium.support.pagefactory.internal.LocatingElementHandler.invoke(LocatingElementHandler.java:38)
	at com.sun.proxy.$Proxy10.sendKeys(Unknown Source)
	at Pages.LoginPage.setLoginEmail(LoginPage.java:78)
	at Pages.LoginPage.loginValidAccount(LoginPage.java:97)
	at MyAccountTest.UnableToUpdateAProfessionalProfileWithoutRequiredFields(MyAccountTest.java:141)
... Removed 34 stack frames
</div> <!-- stack-trace -->
                </div> <!-- method-content -->
              </div> <!-- method -->
              <div class="method">
                <div class="method-content">
                  <a name="UnableToUpdateAnIndividualProfileWithoutRequiredFields">
                  </a> <!-- UnableToUpdateAnIndividualProfileWithoutRequiredFields -->
                  <span class="method-name">UnableToUpdateAnIndividualProfileWithoutRequiredFields</span>
                  <div class="stack-trace">org.openqa.selenium.NoSuchElementException: no such element: Unable to locate element: {&quot;method&quot;:&quot;id&quot;,&quot;selector&quot;:&quot;email&quot;}
  (Session info: chrome=69.0.3497.100)
  (Driver info: chromedriver=2.42.591071 (0b695ff80972cc1a65a5cd643186d2ae582cd4ac),platform=Linux 4.9.93-linuxkit-aufs x86_64) (WARNING: The server did not provide any stacktrace information)
Command duration or timeout: 0 milliseconds
For documentation on this error, please visit: http://seleniumhq.org/exceptions/no_such_element.html
Build info: version: &apos;3.11.0&apos;, revision: &apos;e59cfb3&apos;, time: &apos;2018-03-11T20:26:55.152Z&apos;
System info: host: &apos;vs-lon-mac39.erm.dm-companies.com&apos;, ip: &apos;192.168.23.36&apos;, os.name: &apos;Mac OS X&apos;, os.arch: &apos;x86_64&apos;, os.version: &apos;10.13.5&apos;, java.version: &apos;10.0.1&apos;
Driver info: org.openqa.selenium.remote.RemoteWebDriver
Capabilities {acceptInsecureCerts: false, acceptSslCerts: false, applicationCacheEnabled: false, browserConnectionEnabled: false, browserName: chrome, chrome: {chromedriverVersion: 2.42.591071 (0b695ff80972cc..., userDataDir: /tmp/.org.chromium.Chromium...}, cssSelectorsEnabled: true, databaseEnabled: false, goog:chromeOptions: {debuggerAddress: localhost:45451}, handlesAlerts: true, hasTouchScreen: false, javascriptEnabled: true, locationContextEnabled: true, mobileEmulationEnabled: false, nativeEvents: true, networkConnectionEnabled: false, pageLoadStrategy: normal, platform: LINUX, platformName: LINUX, rotatable: false, setWindowRect: true, takesHeapSnapshot: true, takesScreenshot: true, unexpectedAlertBehaviour: , unhandledPromptBehavior: , version: 69.0.3497.100, webStorageEnabled: true, webdriver.remote.sessionid: 3d1bf1a00ca9cf22d69220fc0c1...}
Session ID: 3d1bf1a00ca9cf22d69220fc0c1ad919
*** Element info: {Using=id, value=email}
	at org.openqa.selenium.remote.ErrorHandler.createThrowable(ErrorHandler.java:214)
	at org.openqa.selenium.remote.ErrorHandler.throwIfResponseFailed(ErrorHandler.java:166)
	at org.openqa.selenium.remote.http.JsonHttpResponseCodec.reconstructValue(JsonHttpResponseCodec.java:40)
	at org.openqa.selenium.remote.http.AbstractHttpResponseCodec.decode(AbstractHttpResponseCodec.java:80)
	at org.openqa.selenium.remote.http.AbstractHttpResponseCodec.decode(AbstractHttpResponseCodec.java:44)
	at org.openqa.selenium.remote.HttpCommandExecutor.execute(HttpCommandExecutor.java:158)
	at org.openqa.selenium.remote.RemoteWebDriver.execute(RemoteWebDriver.java:545)
	at org.openqa.selenium.remote.RemoteWebDriver.findElement(RemoteWebDriver.java:319)
	at org.openqa.selenium.remote.RemoteWebDriver.findElementById(RemoteWebDriver.java:365)
	at org.openqa.selenium.By$ById.findElement(By.java:218)
	at org.openqa.selenium.remote.RemoteWebDriver.findElement(RemoteWebDriver.java:311)
	at org.openqa.selenium.support.pagefactory.DefaultElementLocator.findElement(DefaultElementLocator.java:69)
	at org.openqa.selenium.support.pagefactory.internal.LocatingElementHandler.invoke(LocatingElementHandler.java:38)
	at com.sun.proxy.$Proxy10.sendKeys(Unknown Source)
	at Pages.LoginPage.setLoginEmail(LoginPage.java:78)
	at Pages.LoginPage.loginValidAccount(LoginPage.java:97)
	at MyAccountTest.UnableToUpdateAnIndividualProfileWithoutRequiredFields(MyAccountTest.java:106)
... Removed 34 stack frames
</div> <!-- stack-trace -->
                </div> <!-- method-content -->
              </div> <!-- method -->
            </div> <!-- main-panel-content rounded-window-bottom -->
          </div> <!-- suite-Surefire_suite-class-failed -->
          <div class="suite-Surefire_suite-class-failed">
            <div class="main-panel-header rounded-window-top">
              <img src="failed.png"/>
              <span class="class-name">PaymentPageTest</span>
            </div> <!-- main-panel-header rounded-window-top -->
            <div class="main-panel-content rounded-window-bottom">
              <div class="method">
                <div class="method-content">
                  <a name="MakeSuccessfulPayment">
                  </a> <!-- MakeSuccessfulPayment -->
                  <span class="method-name">MakeSuccessfulPayment</span>
                  <div class="stack-trace">org.openqa.selenium.TimeoutException: Expected condition failed: waiting for presence of element located by: By.cssSelector: input[value=&apos;Go to your account&apos;] (tried for 20 second(s) with 5 milliseconds interval)
	at org.openqa.selenium.support.ui.WebDriverWait.timeoutException(WebDriverWait.java:81)
	at org.openqa.selenium.support.ui.FluentWait.until(FluentWait.java:271)
	at Utilities.TimeoutHelper.WaitforElement(TimeoutHelper.java:35)
	at Pages.AdPostConfirmationPage.goToMyAccount(AdPostConfirmationPage.java:40)
	at PaymentPageTest.MakeSuccessfulPayment(PaymentPageTest.java:27)
Caused by: org.openqa.selenium.NoSuchElementException: Cannot locate an element using By.cssSelector: input[value=&apos;Go to your account&apos;]
For documentation on this error, please visit: http://seleniumhq.org/exceptions/no_such_element.html
Build info: version: &apos;3.11.0&apos;, revision: &apos;e59cfb3&apos;, time: &apos;2018-03-11T20:26:55.152Z&apos;
System info: host: &apos;vs-lon-mac39.erm.dm-companies.com&apos;, ip: &apos;192.168.23.36&apos;, os.name: &apos;Mac OS X&apos;, os.arch: &apos;x86_64&apos;, os.version: &apos;10.13.5&apos;, java.version: &apos;10.0.1&apos;
Driver info: driver.version: unknown
	at org.openqa.selenium.support.ui.ExpectedConditions.lambda$findElement$0(ExpectedConditions.java:896)
	at java.base/java.util.Optional.orElseThrow(Optional.java:397)
	at org.openqa.selenium.support.ui.ExpectedConditions.findElement(ExpectedConditions.java:895)
	at org.openqa.selenium.support.ui.ExpectedConditions.access$000(ExpectedConditions.java:44)
	at org.openqa.selenium.support.ui.ExpectedConditions$6.apply(ExpectedConditions.java:183)
	at org.openqa.selenium.support.ui.ExpectedConditions$6.apply(ExpectedConditions.java:180)
	at org.openqa.selenium.support.ui.FluentWait.until(FluentWait.java:248)
	... 33 more
... Removed 30 stack frames
</div> <!-- stack-trace -->
                </div> <!-- method-content -->
              </div> <!-- method -->
            </div> <!-- main-panel-content rounded-window-bottom -->
          </div> <!-- suite-Surefire_suite-class-failed -->
          <div class="suite-Surefire_suite-class-failed">
            <div class="main-panel-header rounded-window-top">
              <img src="failed.png"/>
              <span class="class-name">LoginTest</span>
            </div> <!-- main-panel-header rounded-window-top -->
            <div class="main-panel-content rounded-window-bottom">
              <div class="method">
                <div class="method-content">
                  <a name="logInWithARegisteredAccount">
                  </a> <!-- logInWithARegisteredAccount -->
                  <span class="method-name">logInWithARegisteredAccount</span>
                  <div class="stack-trace">org.openqa.selenium.NoSuchElementException: no such element: Unable to locate element: {&quot;method&quot;:&quot;id&quot;,&quot;selector&quot;:&quot;email&quot;}
  (Session info: chrome=69.0.3497.100)
  (Driver info: chromedriver=2.42.591071 (0b695ff80972cc1a65a5cd643186d2ae582cd4ac),platform=Linux 4.9.93-linuxkit-aufs x86_64) (WARNING: The server did not provide any stacktrace information)
Command duration or timeout: 0 milliseconds
For documentation on this error, please visit: http://seleniumhq.org/exceptions/no_such_element.html
Build info: version: &apos;3.11.0&apos;, revision: &apos;e59cfb3&apos;, time: &apos;2018-03-11T20:26:55.152Z&apos;
System info: host: &apos;vs-lon-mac39.erm.dm-companies.com&apos;, ip: &apos;192.168.23.36&apos;, os.name: &apos;Mac OS X&apos;, os.arch: &apos;x86_64&apos;, os.version: &apos;10.13.5&apos;, java.version: &apos;10.0.1&apos;
Driver info: org.openqa.selenium.remote.RemoteWebDriver
Capabilities {acceptInsecureCerts: false, acceptSslCerts: false, applicationCacheEnabled: false, browserConnectionEnabled: false, browserName: chrome, chrome: {chromedriverVersion: 2.42.591071 (0b695ff80972cc..., userDataDir: /tmp/.org.chromium.Chromium...}, cssSelectorsEnabled: true, databaseEnabled: false, goog:chromeOptions: {debuggerAddress: localhost:43257}, handlesAlerts: true, hasTouchScreen: false, javascriptEnabled: true, locationContextEnabled: true, mobileEmulationEnabled: false, nativeEvents: true, networkConnectionEnabled: false, pageLoadStrategy: normal, platform: LINUX, platformName: LINUX, rotatable: false, setWindowRect: true, takesHeapSnapshot: true, takesScreenshot: true, unexpectedAlertBehaviour: , unhandledPromptBehavior: , version: 69.0.3497.100, webStorageEnabled: true, webdriver.remote.sessionid: a6995bfd2bbe01dcc403ed7b1a1...}
Session ID: a6995bfd2bbe01dcc403ed7b1a1a9ec0
*** Element info: {Using=id, value=email}
	at org.openqa.selenium.remote.ErrorHandler.createThrowable(ErrorHandler.java:214)
	at org.openqa.selenium.remote.ErrorHandler.throwIfResponseFailed(ErrorHandler.java:166)
	at org.openqa.selenium.remote.http.JsonHttpResponseCodec.reconstructValue(JsonHttpResponseCodec.java:40)
	at org.openqa.selenium.remote.http.AbstractHttpResponseCodec.decode(AbstractHttpResponseCodec.java:80)
	at org.openqa.selenium.remote.http.AbstractHttpResponseCodec.decode(AbstractHttpResponseCodec.java:44)
	at org.openqa.selenium.remote.HttpCommandExecutor.execute(HttpCommandExecutor.java:158)
	at org.openqa.selenium.remote.RemoteWebDriver.execute(RemoteWebDriver.java:545)
	at org.openqa.selenium.remote.RemoteWebDriver.findElement(RemoteWebDriver.java:319)
	at org.openqa.selenium.remote.RemoteWebDriver.findElementById(RemoteWebDriver.java:365)
	at org.openqa.selenium.By$ById.findElement(By.java:218)
	at org.openqa.selenium.remote.RemoteWebDriver.findElement(RemoteWebDriver.java:311)
	at org.openqa.selenium.support.pagefactory.DefaultElementLocator.findElement(DefaultElementLocator.java:69)
	at org.openqa.selenium.support.pagefactory.internal.LocatingElementHandler.invoke(LocatingElementHandler.java:38)
	at com.sun.proxy.$Proxy10.sendKeys(Unknown Source)
	at Pages.LoginPage.setLoginEmail(LoginPage.java:78)
	at Pages.LoginPage.loginValidAccount(LoginPage.java:97)
	at LoginTest.logInWithARegisteredAccount(LoginTest.java:40)
... Removed 34 stack frames
</div> <!-- stack-trace -->
                </div> <!-- method-content -->
              </div> <!-- method -->
            </div> <!-- main-panel-content rounded-window-bottom -->
          </div> <!-- suite-Surefire_suite-class-failed -->
          <div class="suite-Surefire_suite-class-passed">
            <div class="main-panel-header rounded-window-top">
              <img src="passed.png"/>
              <span class="class-name">VerificationTest</span>
            </div> <!-- main-panel-header rounded-window-top -->
            <div class="main-panel-content rounded-window-bottom">
              <div class="method">
                <div class="method-content">
                  <a name="GetHealth">
                  </a> <!-- GetHealth -->
                  <span class="method-name">GetHealth</span>
                </div> <!-- method-content -->
              </div> <!-- method -->
              <div class="method">
                <div class="method-content">
                  <a name="GetJwtDecode">
                  </a> <!-- GetJwtDecode -->
                  <span class="method-name">GetJwtDecode</span>
                </div> <!-- method-content -->
              </div> <!-- method -->
              <div class="method">
                <div class="method-content">
                  <a name="GetJwtEncode">
                  </a> <!-- GetJwtEncode -->
                  <span class="method-name">GetJwtEncode</span>
                </div> <!-- method-content -->
              </div> <!-- method -->
              <div class="method">
                <div class="method-content">
                  <a name="GetRoot">
                  </a> <!-- GetRoot -->
                  <span class="method-name">GetRoot</span>
                </div> <!-- method-content -->
              </div> <!-- method -->
              <div class="method">
                <div class="method-content">
                  <a name="GetUserStatusPending">
                  </a> <!-- GetUserStatusPending -->
                  <span class="method-name">GetUserStatusPending</span>
                </div> <!-- method-content -->
              </div> <!-- method -->
            </div> <!-- main-panel-content rounded-window-bottom -->
          </div> <!-- suite-Surefire_suite-class-passed -->
          <div class="suite-Surefire_suite-class-passed">
            <div class="main-panel-header rounded-window-top">
              <img src="passed.png"/>
              <span class="class-name">LiveLoginTest</span>
            </div> <!-- main-panel-header rounded-window-top -->
            <div class="main-panel-content rounded-window-bottom">
              <div class="method">
                <div class="method-content">
                  <a name="loginPageLoadsCorrectly">
                  </a> <!-- loginPageLoadsCorrectly -->
                  <span class="method-name">loginPageLoadsCorrectly</span>
                </div> <!-- method-content -->
              </div> <!-- method -->
            </div> <!-- main-panel-content rounded-window-bottom -->
          </div> <!-- suite-Surefire_suite-class-passed -->
          <div class="suite-Surefire_suite-class-passed">
            <div class="main-panel-header rounded-window-top">
              <img src="passed.png"/>
              <span class="class-name">CreateAlertTest</span>
            </div> <!-- main-panel-header rounded-window-top -->
            <div class="main-panel-content rounded-window-bottom">
              <div class="method">
                <div class="method-content">
                  <a name="CreateAlertSuccessfully">
                  </a> <!-- CreateAlertSuccessfully -->
                  <span class="method-name">CreateAlertSuccessfully</span>
                </div> <!-- method-content -->
              </div> <!-- method -->
            </div> <!-- main-panel-content rounded-window-bottom -->
          </div> <!-- suite-Surefire_suite-class-passed -->
          <div class="suite-Surefire_suite-class-passed">
            <div class="main-panel-header rounded-window-top">
              <img src="passed.png"/>
              <span class="class-name">MyAccountTest</span>
            </div> <!-- main-panel-header rounded-window-top -->
            <div class="main-panel-content rounded-window-bottom">
              <div class="method">
                <div class="method-content">
                  <a name="ChangeEmailAddressForAccount">
                  </a> <!-- ChangeEmailAddressForAccount -->
                  <span class="method-name">ChangeEmailAddressForAccount</span>
                </div> <!-- method-content -->
              </div> <!-- method -->
              <div class="method">
                <div class="method-content">
                  <a name="PopulateIndividualProfileFields">
                  </a> <!-- PopulateIndividualProfileFields -->
                  <span class="method-name">PopulateIndividualProfileFields</span>
                </div> <!-- method-content -->
              </div> <!-- method -->
              <div class="method">
                <div class="method-content">
                  <a name="UnableToUpdateTheEmailFieldWithAnInvalidEmail">
                  </a> <!-- UnableToUpdateTheEmailFieldWithAnInvalidEmail -->
                  <span class="method-name">UnableToUpdateTheEmailFieldWithAnInvalidEmail</span>
                </div> <!-- method-content -->
              </div> <!-- method -->
              <div class="method">
                <div class="method-content">
                  <a name="UnableToUpdateTheURLFieldWithAnInvalidURL">
                  </a> <!-- UnableToUpdateTheURLFieldWithAnInvalidURL -->
                  <span class="method-name">UnableToUpdateTheURLFieldWithAnInvalidURL</span>
                </div> <!-- method-content -->
              </div> <!-- method -->
            </div> <!-- main-panel-content rounded-window-bottom -->
          </div> <!-- suite-Surefire_suite-class-passed -->
          <div class="suite-Surefire_suite-class-passed">
            <div class="main-panel-header rounded-window-top">
              <img src="passed.png"/>
              <span class="class-name">ScreenshotTest</span>
            </div> <!-- main-panel-header rounded-window-top -->
            <div class="main-panel-content rounded-window-bottom">
              <div class="method">
                <div class="method-content">
                  <a name="alertPageScreenshot">
                  </a> <!-- alertPageScreenshot -->
                  <span class="method-name">alertPageScreenshot</span>
                </div> <!-- method-content -->
              </div> <!-- method -->
              <div class="method">
                <div class="method-content">
                  <a name="loginPageScreenshot">
                  </a> <!-- loginPageScreenshot -->
                  <span class="method-name">loginPageScreenshot</span>
                </div> <!-- method-content -->
              </div> <!-- method -->
              <div class="method">
                <div class="method-content">
                  <a name="myAdsPageScreenshot">
                  </a> <!-- myAdsPageScreenshot -->
                  <span class="method-name">myAdsPageScreenshot</span>
                </div> <!-- method-content -->
              </div> <!-- method -->
              <div class="method">
                <div class="method-content">
                  <a name="myDetailsPageScreenshot">
                  </a> <!-- myDetailsPageScreenshot -->
                  <span class="method-name">myDetailsPageScreenshot</span>
                </div> <!-- method-content -->
              </div> <!-- method -->
            </div> <!-- main-panel-content rounded-window-bottom -->
          </div> <!-- suite-Surefire_suite-class-passed -->
          <div class="suite-Surefire_suite-class-passed">
            <div class="main-panel-header rounded-window-top">
              <img src="passed.png"/>
              <span class="class-name">CreateAccountTest</span>
            </div> <!-- main-panel-header rounded-window-top -->
            <div class="main-panel-content rounded-window-bottom">
              <div class="method">
                <div class="method-content">
                  <a name="createAValidIndividualAccount">
                  </a> <!-- createAValidIndividualAccount -->
                  <span class="method-name">createAValidIndividualAccount</span>
                </div> <!-- method-content -->
              </div> <!-- method -->
              <div class="method">
                <div class="method-content">
                  <a name="createAValidProfessionalAccount">
                  </a> <!-- createAValidProfessionalAccount -->
                  <span class="method-name">createAValidProfessionalAccount</span>
                </div> <!-- method-content -->
              </div> <!-- method -->
              <div class="method">
                <div class="method-content">
                  <a name="registerForYourFreeAccount">
                  </a> <!-- registerForYourFreeAccount -->
                  <span class="method-name">registerForYourFreeAccount</span>
                </div> <!-- method-content -->
              </div> <!-- method -->
              <div class="method">
                <div class="method-content">
                  <a name="unableToCreateAnAccountWithAnInvalidUsername">
                  </a> <!-- unableToCreateAnAccountWithAnInvalidUsername -->
                  <span class="method-name">unableToCreateAnAccountWithAnInvalidUsername</span>
                </div> <!-- method-content -->
              </div> <!-- method -->
              <div class="method">
                <div class="method-content">
                  <a name="unableToCreateAnAccountWithInvalidEmailAddress">
                  </a> <!-- unableToCreateAnAccountWithInvalidEmailAddress -->
                  <span class="method-name">unableToCreateAnAccountWithInvalidEmailAddress</span>
                </div> <!-- method-content -->
              </div> <!-- method -->
              <div class="method">
                <div class="method-content">
                  <a name="unableToCreateAnAccountWithMissingCompanyName">
                  </a> <!-- unableToCreateAnAccountWithMissingCompanyName -->
                  <span class="method-name">unableToCreateAnAccountWithMissingCompanyName</span>
                </div> <!-- method-content -->
              </div> <!-- method -->
              <div class="method">
                <div class="method-content">
                  <a name="unableToCreateAnAccountWithMissingFullAddress">
                  </a> <!-- unableToCreateAnAccountWithMissingFullAddress -->
                  <span class="method-name">unableToCreateAnAccountWithMissingFullAddress</span>
                </div> <!-- method-content -->
              </div> <!-- method -->
              <div class="method">
                <div class="method-content">
                  <a name="unableToCreateAnAccountWithMissingPassword">
                  </a> <!-- unableToCreateAnAccountWithMissingPassword -->
                  <span class="method-name">unableToCreateAnAccountWithMissingPassword</span>
                </div> <!-- method-content -->
              </div> <!-- method -->
              <div class="method">
                <div class="method-content">
                  <a name="unableToCreateAnAccountWithMissingUsername">
                  </a> <!-- unableToCreateAnAccountWithMissingUsername -->
                  <span class="method-name">unableToCreateAnAccountWithMissingUsername</span>
                </div> <!-- method-content -->
              </div> <!-- method -->
              <div class="method">
                <div class="method-content">
                  <a name="unableToCreateAnAccountWithNoData">
                  </a> <!-- unableToCreateAnAccountWithNoData -->
                  <span class="method-name">unableToCreateAnAccountWithNoData</span>
                </div> <!-- method-content -->
              </div> <!-- method -->
              <div class="method">
                <div class="method-content">
                  <a name="unableToCreateAnAccountWithNoEmail">
                  </a> <!-- unableToCreateAnAccountWithNoEmail -->
                  <span class="method-name">unableToCreateAnAccountWithNoEmail</span>
                </div> <!-- method-content -->
              </div> <!-- method -->
              <div class="method">
                <div class="method-content">
                  <a name="unableToCreateAnAccountWithRegisteredEmailAddress">
                  </a> <!-- unableToCreateAnAccountWithRegisteredEmailAddress -->
                  <span class="method-name">unableToCreateAnAccountWithRegisteredEmailAddress</span>
                </div> <!-- method-content -->
              </div> <!-- method -->
            </div> <!-- main-panel-content rounded-window-bottom -->
          </div> <!-- suite-Surefire_suite-class-passed -->
          <div class="suite-Surefire_suite-class-passed">
            <div class="main-panel-header rounded-window-top">
              <img src="passed.png"/>
              <span class="class-name">AdPostTest</span>
            </div> <!-- main-panel-header rounded-window-top -->
            <div class="main-panel-content rounded-window-bottom">
              <div class="method">
                <div class="method-content">
                  <a name="CreateAValidAdAdultDating">
                  </a> <!-- CreateAValidAdAdultDating -->
                  <span class="method-name">CreateAValidAdAdultDating</span>
                </div> <!-- method-content -->
              </div> <!-- method -->
              <div class="method">
                <div class="method-content">
                  <a name="UnableToCreateAnAdWithMissingPostcode">
                  </a> <!-- UnableToCreateAnAdWithMissingPostcode -->
                  <span class="method-name">UnableToCreateAnAdWithMissingPostcode</span>
                </div> <!-- method-content -->
              </div> <!-- method -->
              <div class="method">
                <div class="method-content">
                  <a name="UnableToCreateAnAdWithMissingTitle">
                  </a> <!-- UnableToCreateAnAdWithMissingTitle -->
                  <span class="method-name">UnableToCreateAnAdWithMissingTitle</span>
                </div> <!-- method-content -->
              </div> <!-- method -->
            </div> <!-- main-panel-content rounded-window-bottom -->
          </div> <!-- suite-Surefire_suite-class-passed -->
          <div class="suite-Surefire_suite-class-passed">
            <div class="main-panel-header rounded-window-top">
              <img src="passed.png"/>
              <span class="class-name">LoginTest</span>
            </div> <!-- main-panel-header rounded-window-top -->
            <div class="main-panel-content rounded-window-bottom">
              <div class="method">
                <div class="method-content">
                  <a name="loginPageLoadsCorrectly">
                  </a> <!-- loginPageLoadsCorrectly -->
                  <span class="method-name">loginPageLoadsCorrectly</span>
                </div> <!-- method-content -->
              </div> <!-- method -->
              <div class="method">
                <div class="method-content">
                  <a name="resetPasswordViaMyAccount">
                  </a> <!-- resetPasswordViaMyAccount -->
                  <span class="method-name">resetPasswordViaMyAccount</span>
                </div> <!-- method-content -->
              </div> <!-- method -->
              <div class="method">
                <div class="method-content">
                  <a name="unableToLogInWithBlankFields">
                  </a> <!-- unableToLogInWithBlankFields -->
                  <span class="method-name">unableToLogInWithBlankFields</span>
                </div> <!-- method-content -->
              </div> <!-- method -->
              <div class="method">
                <div class="method-content">
                  <a name="unableToLogInWithIncorrectPassword">
                  </a> <!-- unableToLogInWithIncorrectPassword -->
                  <span class="method-name">unableToLogInWithIncorrectPassword</span>
                </div> <!-- method-content -->
              </div> <!-- method -->
              <div class="method">
                <div class="method-content">
                  <a name="unableToLogInWithUnregisteredAccount">
                  </a> <!-- unableToLogInWithUnregisteredAccount -->
                  <span class="method-name">unableToLogInWithUnregisteredAccount</span>
                </div> <!-- method-content -->
              </div> <!-- method -->
              <div class="method">
                <div class="method-content">
                  <a name="unableToLogInWithoutAPassword">
                  </a> <!-- unableToLogInWithoutAPassword -->
                  <span class="method-name">unableToLogInWithoutAPassword</span>
                </div> <!-- method-content -->
              </div> <!-- method -->
              <div class="method">
                <div class="method-content">
                  <a name="unableToLogInWithoutAnEmail">
                  </a> <!-- unableToLogInWithoutAnEmail -->
                  <span class="method-name">unableToLogInWithoutAnEmail</span>
                </div> <!-- method-content -->
              </div> <!-- method -->
            </div> <!-- main-panel-content rounded-window-bottom -->
          </div> <!-- suite-Surefire_suite-class-passed -->
        </div> <!-- panel Surefire_suite -->
        <div panel-name="test-xml-Surefire_suite" class="panel">
          <div class="main-panel-header rounded-window-top">
          </div> <!-- main-panel-header rounded-window-top -->
          <div class="main-panel-content rounded-window-bottom">
            <pre>
&lt;?xml version=&quot;1.0&quot; encoding=&quot;UTF-8&quot;?&gt;
&lt;!DOCTYPE suite SYSTEM &quot;http://testng.org/testng-1.0.dtd&quot;&gt;
&lt;suite thread-count=&quot;1&quot; name=&quot;Surefire suite&quot; verbose=&quot;0&quot;&gt;
  &lt;test thread-count=&quot;1&quot; name=&quot;Surefire test&quot; verbose=&quot;0&quot;&gt;
    &lt;classes&gt;
      &lt;class name=&quot;ScreenshotTest&quot;/&gt;
      &lt;class name=&quot;PaymentPageTest&quot;/&gt;
      &lt;class name=&quot;AdPostTest&quot;/&gt;
      &lt;class name=&quot;VerificationTest&quot;/&gt;
      &lt;class name=&quot;LoginTest&quot;/&gt;
      &lt;class name=&quot;CreateAccountTest&quot;/&gt;
      &lt;class name=&quot;LiveLoginTest&quot;/&gt;
      &lt;class name=&quot;MyAccountTest&quot;/&gt;
      &lt;class name=&quot;CreateAlertTest&quot;/&gt;
    &lt;/classes&gt;
  &lt;/test&gt; &lt;!-- Surefire test --&gt;
&lt;/suite&gt; &lt;!-- Surefire suite --&gt;
            </pre>
          </div> <!-- main-panel-content rounded-window-bottom -->
        </div> <!-- panel -->
        <div panel-name="testlist-Surefire_suite" class="panel">
          <div class="main-panel-header rounded-window-top">
            <span class="header-content">Tests for Surefire suite</span>
          </div> <!-- main-panel-header rounded-window-top -->
          <div class="main-panel-content rounded-window-bottom">
            <ul>
              <li>
                <span class="test-name">Surefire test (9 classes)</span>
              </li>
            </ul>
          </div> <!-- main-panel-content rounded-window-bottom -->
        </div> <!-- panel -->
        <div panel-name="group-Surefire_suite" class="panel">
          <div class="main-panel-header rounded-window-top">
            <span class="header-content">Groups for Surefire suite</span>
          </div> <!-- main-panel-header rounded-window-top -->
          <div class="main-panel-content rounded-window-bottom">
          </div> <!-- main-panel-content rounded-window-bottom -->
        </div> <!-- panel -->
        <div panel-name="times-Surefire_suite" class="panel">
          <div class="main-panel-header rounded-window-top">
            <span class="header-content">Times for Surefire suite</span>
          </div> <!-- main-panel-header rounded-window-top -->
          <div class="main-panel-content rounded-window-bottom">
            <div class="times-div">
              <script type="text/javascript">
suiteTableInitFunctions.push('tableData_Surefire_suite');
function tableData_Surefire_suite() {
var data = new google.visualization.DataTable();
data.addColumn('number', 'Number');
data.addColumn('string', 'Method');
data.addColumn('string', 'Class');
data.addColumn('number', 'Time (ms)');
data.addRows(50);
data.setCell(0, 0, 0)
data.setCell(0, 1, 'MakeSuccessfulPayment')
data.setCell(0, 2, 'PaymentPageTest')
data.setCell(0, 3, 84632);
data.setCell(1, 0, 1)
data.setCell(1, 1, 'ChangeEmailAddressForAccount')
data.setCell(1, 2, 'MyAccountTest')
data.setCell(1, 3, 62911);
data.setCell(2, 0, 2)
data.setCell(2, 1, 'ModifyAlertSuccessfully')
data.setCell(2, 2, 'CreateAlertTest')
data.setCell(2, 3, 46143);
data.setCell(3, 0, 3)
data.setCell(3, 1, 'registerForYourFreeAccount')
data.setCell(3, 2, 'CreateAccountTest')
data.setCell(3, 3, 33410);
data.setCell(4, 0, 4)
data.setCell(4, 1, 'UnableToUpdateAnIndividualProfileWithoutRequiredFields')
data.setCell(4, 2, 'MyAccountTest')
data.setCell(4, 3, 27642);
data.setCell(5, 0, 5)
data.setCell(5, 1, 'DeleteAlertSuccessfully')
data.setCell(5, 2, 'CreateAlertTest')
data.setCell(5, 3, 26383);
data.setCell(6, 0, 6)
data.setCell(6, 1, 'UnableToUpdateAProfessionalProfileWithoutRequiredFields')
data.setCell(6, 2, 'MyAccountTest')
data.setCell(6, 3, 25857);
data.setCell(7, 0, 7)
data.setCell(7, 1, 'PopulateIndividualProfileFields')
data.setCell(7, 2, 'MyAccountTest')
data.setCell(7, 3, 21869);
data.setCell(8, 0, 8)
data.setCell(8, 1, 'logInWithARegisteredAccount')
data.setCell(8, 2, 'LoginTest')
data.setCell(8, 3, 21247);
data.setCell(9, 0, 9)
data.setCell(9, 1, 'CreateAValidAdAdultDating')
data.setCell(9, 2, 'AdPostTest')
data.setCell(9, 3, 20403);
data.setCell(10, 0, 10)
data.setCell(10, 1, 'UnableToUpdateTheEmailFieldWithAnInvalidEmail')
data.setCell(10, 2, 'MyAccountTest')
data.setCell(10, 3, 20145);
data.setCell(11, 0, 11)
data.setCell(11, 1, 'unableToCreateAnAccountWithMissingCompanyName')
data.setCell(11, 2, 'CreateAccountTest')
data.setCell(11, 3, 19400);
data.setCell(12, 0, 12)
data.setCell(12, 1, 'unableToCreateAnAccountWithMissingPassword')
data.setCell(12, 2, 'CreateAccountTest')
data.setCell(12, 3, 18018);
data.setCell(13, 0, 13)
data.setCell(13, 1, 'createAValidProfessionalAccount')
data.setCell(13, 2, 'CreateAccountTest')
data.setCell(13, 3, 17891);
data.setCell(14, 0, 14)
data.setCell(14, 1, 'UnableToCreateAnAdWithMissingTitle')
data.setCell(14, 2, 'AdPostTest')
data.setCell(14, 3, 17284);
data.setCell(15, 0, 15)
data.setCell(15, 1, 'CreateAlertSuccessfully')
data.setCell(15, 2, 'CreateAlertTest')
data.setCell(15, 3, 16137);
data.setCell(16, 0, 16)
data.setCell(16, 1, 'PopulateProfessionalProfileFields')
data.setCell(16, 2, 'MyAccountTest')
data.setCell(16, 3, 14744);
data.setCell(17, 0, 17)
data.setCell(17, 1, 'unableToCreateAnAccountWithRegisteredEmailAddress')
data.setCell(17, 2, 'CreateAccountTest')
data.setCell(17, 3, 13649);
data.setCell(18, 0, 18)
data.setCell(18, 1, 'myDetailsPageScreenshot')
data.setCell(18, 2, 'ScreenshotTest')
data.setCell(18, 3, 13381);
data.setCell(19, 0, 19)
data.setCell(19, 1, 'alertPageScreenshot')
data.setCell(19, 2, 'ScreenshotTest')
data.setCell(19, 3, 13043);
data.setCell(20, 0, 20)
data.setCell(20, 1, 'unableToCreateAnAccountWithNoData')
data.setCell(20, 2, 'CreateAccountTest')
data.setCell(20, 3, 12932);
data.setCell(21, 0, 21)
data.setCell(21, 1, 'unableToCreateAnAccountWithNoEmail')
data.setCell(21, 2, 'CreateAccountTest')
data.setCell(21, 3, 12886);
data.setCell(22, 0, 22)
data.setCell(22, 1, 'UnableToUpdateTheURLFieldWithAnInvalidURL')
data.setCell(22, 2, 'MyAccountTest')
data.setCell(22, 3, 12837);
data.setCell(23, 0, 23)
data.setCell(23, 1, 'UnableToCreateAnAdWithMissingPostcode')
data.setCell(23, 2, 'AdPostTest')
data.setCell(23, 3, 12533);
data.setCell(24, 0, 24)
data.setCell(24, 1, 'resetPasswordViaMyAccount')
data.setCell(24, 2, 'LoginTest')
data.setCell(24, 3, 12280);
data.setCell(25, 0, 25)
data.setCell(25, 1, 'unableToLogInWithUnregisteredAccount')
data.setCell(25, 2, 'LoginTest')
data.setCell(25, 3, 12236);
data.setCell(26, 0, 26)
data.setCell(26, 1, 'unableToCreateAnAccountWithMissingFullAddress')
data.setCell(26, 2, 'CreateAccountTest')
data.setCell(26, 3, 12209);
data.setCell(27, 0, 27)
data.setCell(27, 1, 'unableToCreateAnAccountWithAnInvalidUsername')
data.setCell(27, 2, 'CreateAccountTest')
data.setCell(27, 3, 11992);
data.setCell(28, 0, 28)
data.setCell(28, 1, 'unableToLogInWithIncorrectPassword')
data.setCell(28, 2, 'LoginTest')
data.setCell(28, 3, 11394);
data.setCell(29, 0, 29)
data.setCell(29, 1, 'GetHealth')
data.setCell(29, 2, 'VerificationTest')
data.setCell(29, 3, 10664);
data.setCell(30, 0, 30)
data.setCell(30, 1, 'GetUserStatusPending')
data.setCell(30, 2, 'VerificationTest')
data.setCell(30, 3, 10479);
data.setCell(31, 0, 31)
data.setCell(31, 1, 'unableToCreateAnAccountWithMissingUsername')
data.setCell(31, 2, 'CreateAccountTest')
data.setCell(31, 3, 8483);
data.setCell(32, 0, 32)
data.setCell(32, 1, 'createAValidIndividualAccount')
data.setCell(32, 2, 'CreateAccountTest')
data.setCell(32, 3, 6615);
data.setCell(33, 0, 33)
data.setCell(33, 1, 'unableToLogInWithoutAPassword')
data.setCell(33, 2, 'LoginTest')
data.setCell(33, 3, 5804);
data.setCell(34, 0, 34)
data.setCell(34, 1, 'unableToCreateAnAccountWithInvalidEmailAddress')
data.setCell(34, 2, 'CreateAccountTest')
data.setCell(34, 3, 5379);
data.setCell(35, 0, 35)
data.setCell(35, 1, 'myAdsPageScreenshot')
data.setCell(35, 2, 'ScreenshotTest')
data.setCell(35, 3, 5137);
data.setCell(36, 0, 36)
data.setCell(36, 1, 'loginPageScreenshot')
data.setCell(36, 2, 'ScreenshotTest')
data.setCell(36, 3, 5076);
data.setCell(37, 0, 37)
data.setCell(37, 1, 'loginPageLoadsCorrectly')
data.setCell(37, 2, 'LiveLoginTest')
data.setCell(37, 3, 4580);
data.setCell(38, 0, 38)
data.setCell(38, 1, 'unableToLogInWithoutAnEmail')
data.setCell(38, 2, 'LoginTest')
data.setCell(38, 3, 3964);
data.setCell(39, 0, 39)
data.setCell(39, 1, 'unableToLogInWithBlankFields')
data.setCell(39, 2, 'LoginTest')
data.setCell(39, 3, 3191);
data.setCell(40, 0, 40)
data.setCell(40, 1, 'loginPageLoadsCorrectly')
data.setCell(40, 2, 'LoginTest')
data.setCell(40, 3, 3041);
data.setCell(41, 0, 41)
data.setCell(41, 1, 'GetJwtDecode')
data.setCell(41, 2, 'VerificationTest')
data.setCell(41, 3, 1520);
data.setCell(42, 0, 42)
data.setCell(42, 1, 'GetUserStatus_CountryMissing')
data.setCell(42, 2, 'VerificationTest')
data.setCell(42, 3, 897);
data.setCell(43, 0, 43)
data.setCell(43, 1, 'SetUserInvalid_MissingStatus')
data.setCell(43, 2, 'VerificationTest')
data.setCell(43, 3, 561);
data.setCell(44, 0, 44)
data.setCell(44, 1, 'GetUserStatusNotFound')
data.setCell(44, 2, 'VerificationTest')
data.setCell(44, 3, 544);
data.setCell(45, 0, 45)
data.setCell(45, 1, 'SetUserInvalid_token')
data.setCell(45, 2, 'VerificationTest')
data.setCell(45, 3, 537);
data.setCell(46, 0, 46)
data.setCell(46, 1, 'SetUserStatus')
data.setCell(46, 2, 'VerificationTest')
data.setCell(46, 3, 526);
data.setCell(47, 0, 47)
data.setCell(47, 1, 'GetJwtEncode')
data.setCell(47, 2, 'VerificationTest')
data.setCell(47, 3, 334);
data.setCell(48, 0, 48)
data.setCell(48, 1, 'GetRoot')
data.setCell(48, 2, 'VerificationTest')
data.setCell(48, 3, 259);
data.setCell(49, 0, 49)
data.setCell(49, 1, 'SetUserInvalid_MissingToken')
data.setCell(49, 2, 'VerificationTest')
data.setCell(49, 3, 250);
window.suiteTableData['Surefire_suite']= { tableData: data, tableDiv: 'times-div-Surefire_suite'}
return data;
}
              </script>
              <span class="suite-total-time">Total running time: 12 minutes</span>
              <div id="times-div-Surefire_suite">
              </div> <!-- times-div-Surefire_suite -->
            </div> <!-- times-div -->
          </div> <!-- main-panel-content rounded-window-bottom -->
        </div> <!-- panel -->
        <div panel-name="reporter-Surefire_suite" class="panel">
          <div class="main-panel-header rounded-window-top">
            <span class="header-content">Reporter output for Surefire suite</span>
          </div> <!-- main-panel-header rounded-window-top -->
          <div class="main-panel-content rounded-window-bottom">
          </div> <!-- main-panel-content rounded-window-bottom -->
        </div> <!-- panel -->
        <div panel-name="ignored-methods-Surefire_suite" class="panel">
          <div class="main-panel-header rounded-window-top">
            <span class="header-content">5 ignored methods</span>
          </div> <!-- main-panel-header rounded-window-top -->
          <div class="main-panel-content rounded-window-bottom">
            <div class="ignored-class-div">
              <span class="ignored-class-name">PaymentPageTest</span>
              <div class="ignored-methods-div">
                <span class="ignored-method-name">UnableToCompleteAPaymentForAnAdWithInvalidCardNumber</span>
                <br/>
                <span class="ignored-method-name">UnableToCompleteAPaymentForAnAdWithoutACardholderNumber</span>
                <br/>
                <span class="ignored-method-name">UnableToCompleteAPaymentForAnAdWithoutACardholderName</span>
                <br/>
                <span class="ignored-method-name">UnableToCompleteAPaymentForAnAdWithInvalidCardNumberLength</span>
                <br/>
                <span class="ignored-method-name">UnableToCompleteAPaymentForAnAdWithInvalidExpiry</span>
                <br/>
              </div> <!-- ignored-methods-div -->
            </div> <!-- ignored-class-div -->
          </div> <!-- main-panel-content rounded-window-bottom -->
        </div> <!-- panel -->
        <div panel-name="chronological-Surefire_suite" class="panel">
          <div class="main-panel-header rounded-window-top">
            <span class="header-content">Methods in chronological order</span>
          </div> <!-- main-panel-header rounded-window-top -->
          <div class="main-panel-content rounded-window-bottom">
            <div class="chronological-class">
              <div class="chronological-class-name">ScreenshotTest</div> <!-- chronological-class-name -->
              <div class="configuration-method before">
                <span class="method-name">initialise</span>
                <span class="method-start">0 ms</span>
              </div> <!-- configuration-method before -->
              <div class="test-method">
                <span class="method-name">alertPageScreenshot</span>
                <span class="method-start">6943 ms</span>
              </div> <!-- test-method -->
              <div class="configuration-method after">
                <span class="method-name">tearDown</span>
                <span class="method-start">19988 ms</span>
              </div> <!-- configuration-method after -->
              <div class="configuration-method before">
                <span class="method-name">initialise</span>
                <span class="method-start">20108 ms</span>
              </div> <!-- configuration-method before -->
              <div class="test-method">
                <span class="method-name">loginPageScreenshot</span>
                <span class="method-start">26712 ms</span>
              </div> <!-- test-method -->
              <div class="configuration-method after">
                <span class="method-name">tearDown</span>
                <span class="method-start">31789 ms</span>
              </div> <!-- configuration-method after -->
              <div class="configuration-method before">
                <span class="method-name">initialise</span>
                <span class="method-start">31911 ms</span>
              </div> <!-- configuration-method before -->
              <div class="test-method">
                <span class="method-name">myAdsPageScreenshot</span>
                <span class="method-start">43043 ms</span>
              </div> <!-- test-method -->
              <div class="configuration-method after">
                <span class="method-name">tearDown</span>
                <span class="method-start">48182 ms</span>
              </div> <!-- configuration-method after -->
              <div class="configuration-method before">
                <span class="method-name">initialise</span>
                <span class="method-start">48317 ms</span>
              </div> <!-- configuration-method before -->
              <div class="test-method">
                <span class="method-name">myDetailsPageScreenshot</span>
                <span class="method-start">69291 ms</span>
              </div> <!-- test-method -->
              <div class="configuration-method after">
                <span class="method-name">tearDown</span>
                <span class="method-start">82673 ms</span>
              </div> <!-- configuration-method after -->
            </div> <!-- chronological-class -->
            <div class="chronological-class">
              <div class="chronological-class-name">PaymentPageTest</div> <!-- chronological-class-name -->
              <div class="configuration-method before">
                <span class="method-name">initialise</span>
                <span class="method-start">83018 ms</span>
              </div> <!-- configuration-method before -->
              <div class="test-method">
                <img src="failed.png">
                </img>
                <span class="method-name">MakeSuccessfulPayment</span>
                <span class="method-start">129371 ms</span>
              </div> <!-- test-method -->
              <div class="configuration-method after">
                <span class="method-name">tearDown</span>
                <span class="method-start">214014 ms</span>
              </div> <!-- configuration-method after -->
            </div> <!-- chronological-class -->
            <div class="chronological-class">
              <div class="chronological-class-name">AdPostTest</div> <!-- chronological-class-name -->
              <div class="configuration-method before">
                <span class="method-name">initialise</span>
                <span class="method-start">214173 ms</span>
              </div> <!-- configuration-method before -->
              <div class="test-method">
                <span class="method-name">CreateAValidAdAdultDating</span>
                <span class="method-start">228820 ms</span>
              </div> <!-- test-method -->
              <div class="configuration-method after">
                <span class="method-name">tearDown</span>
                <span class="method-start">249223 ms</span>
              </div> <!-- configuration-method after -->
              <div class="configuration-method before">
                <span class="method-name">initialise</span>
                <span class="method-start">249386 ms</span>
              </div> <!-- configuration-method before -->
              <div class="test-method">
                <span class="method-name">UnableToCreateAnAdWithMissingPostcode</span>
                <span class="method-start">253072 ms</span>
              </div> <!-- test-method -->
              <div class="configuration-method after">
                <span class="method-name">tearDown</span>
                <span class="method-start">265605 ms</span>
              </div> <!-- configuration-method after -->
              <div class="configuration-method before">
                <span class="method-name">initialise</span>
                <span class="method-start">265738 ms</span>
              </div> <!-- configuration-method before -->
              <div class="test-method">
                <span class="method-name">UnableToCreateAnAdWithMissingTitle</span>
                <span class="method-start">276975 ms</span>
              </div> <!-- test-method -->
              <div class="configuration-method after">
                <span class="method-name">tearDown</span>
                <span class="method-start">294260 ms</span>
              </div> <!-- configuration-method after -->
            </div> <!-- chronological-class -->
            <div class="chronological-class">
              <div class="chronological-class-name">VerificationTest</div> <!-- chronological-class-name -->
              <div class="test-method">
                <span class="method-name">GetHealth</span>
                <span class="method-start">294451 ms</span>
              </div> <!-- test-method -->
              <div class="test-method">
                <span class="method-name">GetJwtDecode</span>
                <span class="method-start">305115 ms</span>
              </div> <!-- test-method -->
              <div class="test-method">
                <span class="method-name">GetJwtEncode</span>
                <span class="method-start">306635 ms</span>
              </div> <!-- test-method -->
              <div class="test-method">
                <span class="method-name">GetRoot</span>
                <span class="method-start">306969 ms</span>
              </div> <!-- test-method -->
              <div class="test-method">
                <img src="failed.png">
                </img>
                <span class="method-name">GetUserStatusNotFound</span>
                <span class="method-start">307228 ms</span>
              </div> <!-- test-method -->
              <div class="test-method">
                <span class="method-name">GetUserStatusPending</span>
                <span class="method-start">307773 ms</span>
              </div> <!-- test-method -->
              <div class="test-method">
                <img src="failed.png">
                </img>
                <span class="method-name">GetUserStatus_CountryMissing</span>
                <span class="method-start">318252 ms</span>
              </div> <!-- test-method -->
              <div class="test-method">
                <img src="failed.png">
                </img>
                <span class="method-name">SetUserInvalid_MissingStatus</span>
                <span class="method-start">319149 ms</span>
              </div> <!-- test-method -->
              <div class="test-method">
                <img src="failed.png">
                </img>
                <span class="method-name">SetUserInvalid_MissingToken</span>
                <span class="method-start">319711 ms</span>
              </div> <!-- test-method -->
              <div class="test-method">
                <img src="failed.png">
                </img>
                <span class="method-name">SetUserInvalid_token</span>
                <span class="method-start">319962 ms</span>
              </div> <!-- test-method -->
              <div class="test-method">
                <img src="failed.png">
                </img>
                <span class="method-name">SetUserStatus</span>
                <span class="method-start">320499 ms</span>
              </div> <!-- test-method -->
            </div> <!-- chronological-class -->
            <div class="chronological-class">
              <div class="chronological-class-name">LoginTest</div> <!-- chronological-class-name -->
              <div class="configuration-method before">
                <span class="method-name">initialise</span>
                <span class="method-start">321034 ms</span>
              </div> <!-- configuration-method before -->
              <div class="test-method">
                <img src="failed.png">
                </img>
                <span class="method-name">logInWithARegisteredAccount</span>
                <span class="method-start">345693 ms</span>
              </div> <!-- test-method -->
              <div class="configuration-method after">
                <span class="method-name">tearDown</span>
                <span class="method-start">366941 ms</span>
              </div> <!-- configuration-method after -->
              <div class="configuration-method before">
                <span class="method-name">initialise</span>
                <span class="method-start">367456 ms</span>
              </div> <!-- configuration-method before -->
              <div class="test-method">
                <span class="method-name">loginPageLoadsCorrectly</span>
                <span class="method-start">394726 ms</span>
              </div> <!-- test-method -->
              <div class="configuration-method after">
                <span class="method-name">tearDown</span>
                <span class="method-start">397767 ms</span>
              </div> <!-- configuration-method after -->
              <div class="configuration-method before">
                <span class="method-name">initialise</span>
                <span class="method-start">397943 ms</span>
              </div> <!-- configuration-method before -->
              <div class="test-method">
                <span class="method-name">resetPasswordViaMyAccount</span>
                <span class="method-start">428859 ms</span>
              </div> <!-- test-method -->
              <div class="configuration-method after">
                <span class="method-name">tearDown</span>
                <span class="method-start">441140 ms</span>
              </div> <!-- configuration-method after -->
              <div class="configuration-method before">
                <span class="method-name">initialise</span>
                <span class="method-start">441242 ms</span>
              </div> <!-- configuration-method before -->
              <div class="test-method">
                <span class="method-name">unableToLogInWithBlankFields</span>
                <span class="method-start">452230 ms</span>
              </div> <!-- test-method -->
              <div class="configuration-method after">
                <span class="method-name">tearDown</span>
                <span class="method-start">455421 ms</span>
              </div> <!-- configuration-method after -->
              <div class="configuration-method before">
                <span class="method-name">initialise</span>
                <span class="method-start">455562 ms</span>
              </div> <!-- configuration-method before -->
              <div class="test-method">
                <span class="method-name">unableToLogInWithIncorrectPassword</span>
                <span class="method-start">479996 ms</span>
              </div> <!-- test-method -->
              <div class="configuration-method after">
                <span class="method-name">tearDown</span>
                <span class="method-start">491390 ms</span>
              </div> <!-- configuration-method after -->
              <div class="configuration-method before">
                <span class="method-name">initialise</span>
                <span class="method-start">492068 ms</span>
              </div> <!-- configuration-method before -->
              <div class="test-method">
                <span class="method-name">unableToLogInWithUnregisteredAccount</span>
                <span class="method-start">533243 ms</span>
              </div> <!-- test-method -->
              <div class="configuration-method after">
                <span class="method-name">tearDown</span>
                <span class="method-start">545480 ms</span>
              </div> <!-- configuration-method after -->
              <div class="configuration-method before">
                <span class="method-name">initialise</span>
                <span class="method-start">545719 ms</span>
              </div> <!-- configuration-method before -->
              <div class="test-method">
                <span class="method-name">unableToLogInWithoutAPassword</span>
                <span class="method-start">581233 ms</span>
              </div> <!-- test-method -->
              <div class="configuration-method after">
                <span class="method-name">tearDown</span>
                <span class="method-start">587039 ms</span>
              </div> <!-- configuration-method after -->
              <div class="configuration-method before">
                <span class="method-name">initialise</span>
                <span class="method-start">587282 ms</span>
              </div> <!-- configuration-method before -->
              <div class="test-method">
                <span class="method-name">unableToLogInWithoutAnEmail</span>
                <span class="method-start">606381 ms</span>
              </div> <!-- test-method -->
              <div class="configuration-method after">
                <span class="method-name">tearDown</span>
                <span class="method-start">610345 ms</span>
              </div> <!-- configuration-method after -->
            </div> <!-- chronological-class -->
            <div class="chronological-class">
              <div class="chronological-class-name">CreateAccountTest</div> <!-- chronological-class-name -->
              <div class="configuration-method before">
                <span class="method-name">initialise</span>
                <span class="method-start">610530 ms</span>
              </div> <!-- configuration-method before -->
              <div class="test-method">
                <span class="method-name">createAValidIndividualAccount</span>
                <span class="method-start">626599 ms</span>
              </div> <!-- test-method -->
              <div class="configuration-method after">
                <span class="method-name">tearDown</span>
                <span class="method-start">633214 ms</span>
              </div> <!-- configuration-method after -->
              <div class="configuration-method before">
                <span class="method-name">initialise</span>
                <span class="method-start">633326 ms</span>
              </div> <!-- configuration-method before -->
              <div class="test-method">
                <span class="method-name">createAValidProfessionalAccount</span>
                <span class="method-start">658085 ms</span>
              </div> <!-- test-method -->
              <div class="configuration-method after">
                <span class="method-name">tearDown</span>
                <span class="method-start">675976 ms</span>
              </div> <!-- configuration-method after -->
              <div class="configuration-method before">
                <span class="method-name">initialise</span>
                <span class="method-start">676210 ms</span>
              </div> <!-- configuration-method before -->
              <div class="test-method">
                <span class="method-name">registerForYourFreeAccount</span>
                <span class="method-start">702419 ms</span>
              </div> <!-- test-method -->
              <div class="configuration-method after">
                <span class="method-name">tearDown</span>
                <span class="method-start">735829 ms</span>
              </div> <!-- configuration-method after -->
              <div class="configuration-method before">
                <span class="method-name">initialise</span>
                <span class="method-start">738247 ms</span>
              </div> <!-- configuration-method before -->
              <div class="test-method">
                <span class="method-name">unableToCreateAnAccountWithAnInvalidUsername</span>
                <span class="method-start">768648 ms</span>
              </div> <!-- test-method -->
              <div class="configuration-method after">
                <span class="method-name">tearDown</span>
                <span class="method-start">780646 ms</span>
              </div> <!-- configuration-method after -->
              <div class="configuration-method before">
                <span class="method-name">initialise</span>
                <span class="method-start">780847 ms</span>
              </div> <!-- configuration-method before -->
              <div class="test-method">
                <span class="method-name">unableToCreateAnAccountWithInvalidEmailAddress</span>
                <span class="method-start">806287 ms</span>
              </div> <!-- test-method -->
              <div class="configuration-method after">
                <span class="method-name">tearDown</span>
                <span class="method-start">811666 ms</span>
              </div> <!-- configuration-method after -->
              <div class="configuration-method before">
                <span class="method-name">initialise</span>
                <span class="method-start">811813 ms</span>
              </div> <!-- configuration-method before -->
              <div class="test-method">
                <span class="method-name">unableToCreateAnAccountWithMissingCompanyName</span>
                <span class="method-start">827995 ms</span>
              </div> <!-- test-method -->
              <div class="configuration-method after">
                <span class="method-name">tearDown</span>
                <span class="method-start">847396 ms</span>
              </div> <!-- configuration-method after -->
              <div class="configuration-method before">
                <span class="method-name">initialise</span>
                <span class="method-start">847675 ms</span>
              </div> <!-- configuration-method before -->
              <div class="test-method">
                <span class="method-name">unableToCreateAnAccountWithMissingFullAddress</span>
                <span class="method-start">879899 ms</span>
              </div> <!-- test-method -->
              <div class="configuration-method after">
                <span class="method-name">tearDown</span>
                <span class="method-start">892108 ms</span>
              </div> <!-- configuration-method after -->
              <div class="configuration-method before">
                <span class="method-name">initialise</span>
                <span class="method-start">892405 ms</span>
              </div> <!-- configuration-method before -->
              <div class="test-method">
                <span class="method-name">unableToCreateAnAccountWithMissingPassword</span>
                <span class="method-start">926009 ms</span>
              </div> <!-- test-method -->
              <div class="configuration-method after">
                <span class="method-name">tearDown</span>
                <span class="method-start">944028 ms</span>
              </div> <!-- configuration-method after -->
              <div class="configuration-method before">
                <span class="method-name">initialise</span>
                <span class="method-start">944340 ms</span>
              </div> <!-- configuration-method before -->
              <div class="test-method">
                <span class="method-name">unableToCreateAnAccountWithMissingUsername</span>
                <span class="method-start">972804 ms</span>
              </div> <!-- test-method -->
              <div class="configuration-method after">
                <span class="method-name">tearDown</span>
                <span class="method-start">981287 ms</span>
              </div> <!-- configuration-method after -->
              <div class="configuration-method before">
                <span class="method-name">initialise</span>
                <span class="method-start">981474 ms</span>
              </div> <!-- configuration-method before -->
              <div class="test-method">
                <span class="method-name">unableToCreateAnAccountWithNoData</span>
                <span class="method-start">1008070 ms</span>
              </div> <!-- test-method -->
              <div class="configuration-method after">
                <span class="method-name">tearDown</span>
                <span class="method-start">1021002 ms</span>
              </div> <!-- configuration-method after -->
              <div class="configuration-method before">
                <span class="method-name">initialise</span>
                <span class="method-start">1021309 ms</span>
              </div> <!-- configuration-method before -->
              <div class="test-method">
                <span class="method-name">unableToCreateAnAccountWithNoEmail</span>
                <span class="method-start">1043843 ms</span>
              </div> <!-- test-method -->
              <div class="configuration-method after">
                <span class="method-name">tearDown</span>
                <span class="method-start">1056730 ms</span>
              </div> <!-- configuration-method after -->
              <div class="configuration-method before">
                <span class="method-name">initialise</span>
                <span class="method-start">1057342 ms</span>
              </div> <!-- configuration-method before -->
              <div class="test-method">
                <span class="method-name">unableToCreateAnAccountWithRegisteredEmailAddress</span>
                <span class="method-start">1092159 ms</span>
              </div> <!-- test-method -->
              <div class="configuration-method after">
                <span class="method-name">tearDown</span>
                <span class="method-start">1105808 ms</span>
              </div> <!-- configuration-method after -->
            </div> <!-- chronological-class -->
            <div class="chronological-class">
              <div class="chronological-class-name">LiveLoginTest</div> <!-- chronological-class-name -->
              <div class="configuration-method before">
                <span class="method-name">initialise</span>
                <span class="method-start">1106096 ms</span>
              </div> <!-- configuration-method before -->
              <div class="test-method">
                <span class="method-name">loginPageLoadsCorrectly</span>
                <span class="method-start">1135396 ms</span>
              </div> <!-- test-method -->
              <div class="configuration-method after">
                <span class="method-name">tearDown</span>
                <span class="method-start">1139976 ms</span>
              </div> <!-- configuration-method after -->
            </div> <!-- chronological-class -->
            <div class="chronological-class">
              <div class="chronological-class-name">MyAccountTest</div> <!-- chronological-class-name -->
              <div class="configuration-method before">
                <span class="method-name">initialise</span>
                <span class="method-start">1140153 ms</span>
              </div> <!-- configuration-method before -->
              <div class="test-method">
                <span class="method-name">ChangeEmailAddressForAccount</span>
                <span class="method-start">1172576 ms</span>
              </div> <!-- test-method -->
              <div class="configuration-method after">
                <span class="method-name">tearDown</span>
                <span class="method-start">1235489 ms</span>
              </div> <!-- configuration-method after -->
              <div class="configuration-method before">
                <span class="method-name">initialise</span>
                <span class="method-start">1235626 ms</span>
              </div> <!-- configuration-method before -->
              <div class="test-method">
                <span class="method-name">PopulateIndividualProfileFields</span>
                <span class="method-start">1252812 ms</span>
              </div> <!-- test-method -->
              <div class="configuration-method after">
                <span class="method-name">tearDown</span>
                <span class="method-start">1274682 ms</span>
              </div> <!-- configuration-method after -->
              <div class="configuration-method before">
                <span class="method-name">initialise</span>
                <span class="method-start">1274813 ms</span>
              </div> <!-- configuration-method before -->
              <div class="test-method">
                <img src="failed.png">
                </img>
                <span class="method-name">PopulateProfessionalProfileFields</span>
                <span class="method-start">1285059 ms</span>
              </div> <!-- test-method -->
              <div class="configuration-method after">
                <span class="method-name">tearDown</span>
                <span class="method-start">1299830 ms</span>
              </div> <!-- configuration-method after -->
              <div class="configuration-method before">
                <span class="method-name">initialise</span>
                <span class="method-start">1300049 ms</span>
              </div> <!-- configuration-method before -->
              <div class="test-method">
                <img src="failed.png">
                </img>
                <span class="method-name">UnableToUpdateAProfessionalProfileWithoutRequiredFields</span>
                <span class="method-start">1320730 ms</span>
              </div> <!-- test-method -->
              <div class="configuration-method after">
                <span class="method-name">tearDown</span>
                <span class="method-start">1346589 ms</span>
              </div> <!-- configuration-method after -->
              <div class="configuration-method before">
                <span class="method-name">initialise</span>
                <span class="method-start">1347056 ms</span>
              </div> <!-- configuration-method before -->
              <div class="test-method">
                <img src="failed.png">
                </img>
                <span class="method-name">UnableToUpdateAnIndividualProfileWithoutRequiredFields</span>
                <span class="method-start">1381106 ms</span>
              </div> <!-- test-method -->
              <div class="configuration-method after">
                <span class="method-name">tearDown</span>
                <span class="method-start">1408752 ms</span>
              </div> <!-- configuration-method after -->
              <div class="configuration-method before">
                <span class="method-name">initialise</span>
                <span class="method-start">1409117 ms</span>
              </div> <!-- configuration-method before -->
              <div class="test-method">
                <span class="method-name">UnableToUpdateTheEmailFieldWithAnInvalidEmail</span>
                <span class="method-start">1434905 ms</span>
              </div> <!-- test-method -->
              <div class="configuration-method after">
                <span class="method-name">tearDown</span>
                <span class="method-start">1455052 ms</span>
              </div> <!-- configuration-method after -->
              <div class="configuration-method before">
                <span class="method-name">initialise</span>
                <span class="method-start">1455195 ms</span>
              </div> <!-- configuration-method before -->
              <div class="test-method">
                <span class="method-name">UnableToUpdateTheURLFieldWithAnInvalidURL</span>
                <span class="method-start">1471659 ms</span>
              </div> <!-- test-method -->
              <div class="configuration-method after">
                <span class="method-name">tearDown</span>
                <span class="method-start">1484496 ms</span>
              </div> <!-- configuration-method after -->
            </div> <!-- chronological-class -->
            <div class="chronological-class">
              <div class="chronological-class-name">CreateAlertTest</div> <!-- chronological-class-name -->
              <div class="configuration-method before">
                <span class="method-name">initialise</span>
                <span class="method-start">1484631 ms</span>
              </div> <!-- configuration-method before -->
              <div class="test-method">
                <span class="method-name">CreateAlertSuccessfully</span>
                <span class="method-start">1495477 ms</span>
              </div> <!-- test-method -->
              <div class="configuration-method after">
                <span class="method-name">tearDown</span>
                <span class="method-start">1511614 ms</span>
              </div> <!-- configuration-method after -->
              <div class="configuration-method before">
                <span class="method-name">initialise</span>
                <span class="method-start">1511880 ms</span>
              </div> <!-- configuration-method before -->
              <div class="test-method">
                <img src="failed.png">
                </img>
                <span class="method-name">DeleteAlertSuccessfully</span>
                <span class="method-start">1532954 ms</span>
              </div> <!-- test-method -->
              <div class="configuration-method after">
                <span class="method-name">tearDown</span>
                <span class="method-start">1559338 ms</span>
              </div> <!-- configuration-method after -->
              <div class="configuration-method before">
                <span class="method-name">initialise</span>
                <span class="method-start">1559606 ms</span>
              </div> <!-- configuration-method before -->
              <div class="test-method">
                <img src="failed.png">
                </img>
                <span class="method-name">ModifyAlertSuccessfully</span>
                <span class="method-start">1594311 ms</span>
              </div> <!-- test-method -->
              <div class="configuration-method after">
                <span class="method-name">tearDown</span>
                <span class="method-start">1640461 ms</span>
              </div> <!-- configuration-method after -->
          </div> <!-- main-panel-content rounded-window-bottom -->
        </div> <!-- panel -->
      </div> <!-- main-panel-root -->
    </div> <!-- wrapper -->
  </body>
</html>
