<?xml version="1.0" encoding="UTF-8"?>
<testng-results ignored="5" total="55" passed="37" failed="13" skipped="0">
  <reporter-output>
  </reporter-output>
  <suite started-at="2018-09-27T08:43:23Z" name="Surefire suite" finished-at="2018-09-27T09:10:44Z" duration-ms="1640631">
    <groups>
    </groups>
    <test started-at="2018-09-27T08:43:23Z" name="Surefire test" finished-at="2018-09-27T09:10:44Z" duration-ms="1640631">
      <class name="CreateAccountTest">
        <test-method is-config="true" signature="initialise()[pri:0, instance:CreateAccountTest@478190fc]" started-at="2018-09-27T08:53:34Z" name="initialise" finished-at="2018-09-27T08:53:50Z" duration-ms="16069" status="PASS">
          <reporter-output>
          </reporter-output>
        </test-method> <!-- initialise -->
        <test-method signature="createAValidIndividualAccount()[pri:0, instance:CreateAccountTest@478190fc]" started-at="2018-09-27T08:53:50Z" name="createAValidIndividualAccount" finished-at="2018-09-27T08:53:57Z" duration-ms="6615" status="PASS">
          <reporter-output>
          </reporter-output>
        </test-method> <!-- createAValidIndividualAccount -->
        <test-method is-config="true" signature="tearDown()[pri:0, instance:CreateAccountTest@478190fc]" started-at="2018-09-27T08:53:57Z" name="tearDown" finished-at="2018-09-27T08:53:57Z" duration-ms="112" status="PASS">
          <reporter-output>
          </reporter-output>
        </test-method> <!-- tearDown -->
        <test-method is-config="true" signature="initialise()[pri:0, instance:CreateAccountTest@478190fc]" started-at="2018-09-27T08:53:57Z" name="initialise" finished-at="2018-09-27T08:54:22Z" duration-ms="24758" status="PASS">
          <reporter-output>
          </reporter-output>
        </test-method> <!-- initialise -->
        <test-method signature="createAValidProfessionalAccount()[pri:0, instance:CreateAccountTest@478190fc]" started-at="2018-09-27T08:54:22Z" name="createAValidProfessionalAccount" finished-at="2018-09-27T08:54:39Z" duration-ms="17891" status="PASS">
          <reporter-output>
          </reporter-output>
        </test-method> <!-- createAValidProfessionalAccount -->
        <test-method is-config="true" signature="tearDown()[pri:0, instance:CreateAccountTest@478190fc]" started-at="2018-09-27T08:54:39Z" name="tearDown" finished-at="2018-09-27T08:54:40Z" duration-ms="233" status="PASS">
          <reporter-output>
          </reporter-output>
        </test-method> <!-- tearDown -->
        <test-method is-config="true" signature="initialise()[pri:0, instance:CreateAccountTest@478190fc]" started-at="2018-09-27T08:54:40Z" name="initialise" finished-at="2018-09-27T08:55:06Z" duration-ms="26208" status="PASS">
          <reporter-output>
          </reporter-output>
        </test-method> <!-- initialise -->
        <test-method signature="registerForYourFreeAccount()[pri:0, instance:CreateAccountTest@478190fc]" started-at="2018-09-27T08:55:06Z" name="registerForYourFreeAccount" finished-at="2018-09-27T08:55:39Z" duration-ms="33410" status="PASS">
          <reporter-output>
          </reporter-output>
        </test-method> <!-- registerForYourFreeAccount -->
        <test-method is-config="true" signature="tearDown()[pri:0, instance:CreateAccountTest@478190fc]" started-at="2018-09-27T08:55:39Z" name="tearDown" finished-at="2018-09-27T08:55:42Z" duration-ms="2416" status="PASS">
          <reporter-output>
          </reporter-output>
        </test-method> <!-- tearDown -->
        <test-method is-config="true" signature="initialise()[pri:0, instance:CreateAccountTest@478190fc]" started-at="2018-09-27T08:55:42Z" name="initialise" finished-at="2018-09-27T08:56:12Z" duration-ms="30401" status="PASS">
          <reporter-output>
          </reporter-output>
        </test-method> <!-- initialise -->
        <test-method signature="unableToCreateAnAccountWithAnInvalidUsername()[pri:0, instance:CreateAccountTest@478190fc]" started-at="2018-09-27T08:56:12Z" name="unableToCreateAnAccountWithAnInvalidUsername" finished-at="2018-09-27T08:56:24Z" duration-ms="11992" status="PASS">
          <reporter-output>
          </reporter-output>
        </test-method> <!-- unableToCreateAnAccountWithAnInvalidUsername -->
        <test-method is-config="true" signature="tearDown()[pri:0, instance:CreateAccountTest@478190fc]" started-at="2018-09-27T08:56:24Z" name="tearDown" finished-at="2018-09-27T08:56:24Z" duration-ms="201" status="PASS">
          <reporter-output>
          </reporter-output>
        </test-method> <!-- tearDown -->
        <test-method is-config="true" signature="initialise()[pri:0, instance:CreateAccountTest@478190fc]" started-at="2018-09-27T08:56:24Z" name="initialise" finished-at="2018-09-27T08:56:50Z" duration-ms="25440" status="PASS">
          <reporter-output>
          </reporter-output>
        </test-method> <!-- initialise -->
        <test-method signature="unableToCreateAnAccountWithInvalidEmailAddress()[pri:0, instance:CreateAccountTest@478190fc]" started-at="2018-09-27T08:56:50Z" name="unableToCreateAnAccountWithInvalidEmailAddress" finished-at="2018-09-27T08:56:55Z" duration-ms="5379" status="PASS">
          <reporter-output>
          </reporter-output>
        </test-method> <!-- unableToCreateAnAccountWithInvalidEmailAddress -->
        <test-method is-config="true" signature="tearDown()[pri:0, instance:CreateAccountTest@478190fc]" started-at="2018-09-27T08:56:55Z" name="tearDown" finished-at="2018-09-27T08:56:55Z" duration-ms="146" status="PASS">
          <reporter-output>
          </reporter-output>
        </test-method> <!-- tearDown -->
        <test-method is-config="true" signature="initialise()[pri:0, instance:CreateAccountTest@478190fc]" started-at="2018-09-27T08:56:55Z" name="initialise" finished-at="2018-09-27T08:57:11Z" duration-ms="16182" status="PASS">
          <reporter-output>
          </reporter-output>
        </test-method> <!-- initialise -->
        <test-method signature="unableToCreateAnAccountWithMissingCompanyName()[pri:0, instance:CreateAccountTest@478190fc]" started-at="2018-09-27T08:57:11Z" name="unableToCreateAnAccountWithMissingCompanyName" finished-at="2018-09-27T08:57:31Z" duration-ms="19400" status="PASS">
          <reporter-output>
          </reporter-output>
        </test-method> <!-- unableToCreateAnAccountWithMissingCompanyName -->
        <test-method is-config="true" signature="tearDown()[pri:0, instance:CreateAccountTest@478190fc]" started-at="2018-09-27T08:57:31Z" name="tearDown" finished-at="2018-09-27T08:57:31Z" duration-ms="278" status="PASS">
          <reporter-output>
          </reporter-output>
        </test-method> <!-- tearDown -->
        <test-method is-config="true" signature="initialise()[pri:0, instance:CreateAccountTest@478190fc]" started-at="2018-09-27T08:57:31Z" name="initialise" finished-at="2018-09-27T08:58:03Z" duration-ms="32224" status="PASS">
          <reporter-output>
          </reporter-output>
        </test-method> <!-- initialise -->
        <test-method signature="unableToCreateAnAccountWithMissingFullAddress()[pri:0, instance:CreateAccountTest@478190fc]" started-at="2018-09-27T08:58:03Z" name="unableToCreateAnAccountWithMissingFullAddress" finished-at="2018-09-27T08:58:16Z" duration-ms="12209" status="PASS">
          <reporter-output>
          </reporter-output>
        </test-method> <!-- unableToCreateAnAccountWithMissingFullAddress -->
        <test-method is-config="true" signature="tearDown()[pri:0, instance:CreateAccountTest@478190fc]" started-at="2018-09-27T08:58:16Z" name="tearDown" finished-at="2018-09-27T08:58:16Z" duration-ms="297" status="PASS">
          <reporter-output>
          </reporter-output>
        </test-method> <!-- tearDown -->
        <test-method is-config="true" signature="initialise()[pri:0, instance:CreateAccountTest@478190fc]" started-at="2018-09-27T08:58:16Z" name="initialise" finished-at="2018-09-27T08:58:49Z" duration-ms="33604" status="PASS">
          <reporter-output>
          </reporter-output>
        </test-method> <!-- initialise -->
        <test-method signature="unableToCreateAnAccountWithMissingPassword()[pri:0, instance:CreateAccountTest@478190fc]" started-at="2018-09-27T08:58:49Z" name="unableToCreateAnAccountWithMissingPassword" finished-at="2018-09-27T08:59:07Z" duration-ms="18018" status="PASS">
          <reporter-output>
          </reporter-output>
        </test-method> <!-- unableToCreateAnAccountWithMissingPassword -->
        <test-method is-config="true" signature="tearDown()[pri:0, instance:CreateAccountTest@478190fc]" started-at="2018-09-27T08:59:07Z" name="tearDown" finished-at="2018-09-27T08:59:08Z" duration-ms="312" status="PASS">
          <reporter-output>
          </reporter-output>
        </test-method> <!-- tearDown -->
        <test-method is-config="true" signature="initialise()[pri:0, instance:CreateAccountTest@478190fc]" started-at="2018-09-27T08:59:08Z" name="initialise" finished-at="2018-09-27T08:59:36Z" duration-ms="28464" status="PASS">
          <reporter-output>
          </reporter-output>
        </test-method> <!-- initialise -->
        <test-method signature="unableToCreateAnAccountWithMissingUsername()[pri:0, instance:CreateAccountTest@478190fc]" started-at="2018-09-27T08:59:36Z" name="unableToCreateAnAccountWithMissingUsername" finished-at="2018-09-27T08:59:45Z" duration-ms="8483" status="PASS">
          <reporter-output>
          </reporter-output>
        </test-method> <!-- unableToCreateAnAccountWithMissingUsername -->
        <test-method is-config="true" signature="tearDown()[pri:0, instance:CreateAccountTest@478190fc]" started-at="2018-09-27T08:59:45Z" name="tearDown" finished-at="2018-09-27T08:59:45Z" duration-ms="187" status="PASS">
          <reporter-output>
          </reporter-output>
        </test-method> <!-- tearDown -->
        <test-method is-config="true" signature="initialise()[pri:0, instance:CreateAccountTest@478190fc]" started-at="2018-09-27T08:59:45Z" name="initialise" finished-at="2018-09-27T09:00:12Z" duration-ms="26596" status="PASS">
          <reporter-output>
          </reporter-output>
        </test-method> <!-- initialise -->
        <test-method signature="unableToCreateAnAccountWithNoData()[pri:0, instance:CreateAccountTest@478190fc]" started-at="2018-09-27T09:00:12Z" name="unableToCreateAnAccountWithNoData" finished-at="2018-09-27T09:00:24Z" duration-ms="12932" status="PASS">
          <reporter-output>
          </reporter-output>
        </test-method> <!-- unableToCreateAnAccountWithNoData -->
        <test-method is-config="true" signature="tearDown()[pri:0, instance:CreateAccountTest@478190fc]" started-at="2018-09-27T09:00:24Z" name="tearDown" finished-at="2018-09-27T09:00:25Z" duration-ms="307" status="PASS">
          <reporter-output>
          </reporter-output>
        </test-method> <!-- tearDown -->
        <test-method is-config="true" signature="initialise()[pri:0, instance:CreateAccountTest@478190fc]" started-at="2018-09-27T09:00:25Z" name="initialise" finished-at="2018-09-27T09:00:47Z" duration-ms="22534" status="PASS">
          <reporter-output>
          </reporter-output>
        </test-method> <!-- initialise -->
        <test-method signature="unableToCreateAnAccountWithNoEmail()[pri:0, instance:CreateAccountTest@478190fc]" started-at="2018-09-27T09:00:47Z" name="unableToCreateAnAccountWithNoEmail" finished-at="2018-09-27T09:01:00Z" duration-ms="12886" status="PASS">
          <reporter-output>
          </reporter-output>
        </test-method> <!-- unableToCreateAnAccountWithNoEmail -->
        <test-method is-config="true" signature="tearDown()[pri:0, instance:CreateAccountTest@478190fc]" started-at="2018-09-27T09:01:00Z" name="tearDown" finished-at="2018-09-27T09:01:01Z" duration-ms="611" status="PASS">
          <reporter-output>
          </reporter-output>
        </test-method> <!-- tearDown -->
        <test-method is-config="true" signature="initialise()[pri:0, instance:CreateAccountTest@478190fc]" started-at="2018-09-27T09:01:01Z" name="initialise" finished-at="2018-09-27T09:01:36Z" duration-ms="34817" status="PASS">
          <reporter-output>
          </reporter-output>
        </test-method> <!-- initialise -->
        <test-method signature="unableToCreateAnAccountWithRegisteredEmailAddress()[pri:0, instance:CreateAccountTest@478190fc]" started-at="2018-09-27T09:01:36Z" name="unableToCreateAnAccountWithRegisteredEmailAddress" finished-at="2018-09-27T09:01:49Z" duration-ms="13649" status="PASS">
          <reporter-output>
          </reporter-output>
        </test-method> <!-- unableToCreateAnAccountWithRegisteredEmailAddress -->
        <test-method is-config="true" signature="tearDown()[pri:0, instance:CreateAccountTest@478190fc]" started-at="2018-09-27T09:01:49Z" name="tearDown" finished-at="2018-09-27T09:01:50Z" duration-ms="287" status="PASS">
          <reporter-output>
          </reporter-output>
        </test-method> <!-- tearDown -->
      </class> <!-- CreateAccountTest -->
      <class name="CreateAlertTest">
        <test-method is-config="true" signature="initialise()[pri:0, instance:CreateAlertTest@35cabb2a]" started-at="2018-09-27T09:08:08Z" name="initialise" finished-at="2018-09-27T09:08:19Z" duration-ms="10846" status="PASS">
          <reporter-output>
          </reporter-output>
        </test-method> <!-- initialise -->
        <test-method signature="CreateAlertSuccessfully()[pri:0, instance:CreateAlertTest@35cabb2a]" started-at="2018-09-27T09:08:19Z" name="CreateAlertSuccessfully" finished-at="2018-09-27T09:08:35Z" duration-ms="16137" status="PASS">
          <reporter-output>
          </reporter-output>
        </test-method> <!-- CreateAlertSuccessfully -->
        <test-method is-config="true" signature="tearDown()[pri:0, instance:CreateAlertTest@35cabb2a]" started-at="2018-09-27T09:08:35Z" name="tearDown" finished-at="2018-09-27T09:08:35Z" duration-ms="266" status="PASS">
          <reporter-output>
          </reporter-output>
        </test-method> <!-- tearDown -->
        <test-method is-config="true" signature="initialise()[pri:0, instance:CreateAlertTest@35cabb2a]" started-at="2018-09-27T09:08:35Z" name="initialise" finished-at="2018-09-27T09:08:56Z" duration-ms="21074" status="PASS">
          <reporter-output>
          </reporter-output>
        </test-method> <!-- initialise -->
        <test-method signature="DeleteAlertSuccessfully()[pri:0, instance:CreateAlertTest@35cabb2a]" started-at="2018-09-27T09:08:56Z" name="DeleteAlertSuccessfully" finished-at="2018-09-27T09:09:23Z" duration-ms="26383" status="FAIL">
          <exception class="org.openqa.selenium.TimeoutException">
            <message>
              <![CDATA[Expected condition failed: waiting for visibility of [[RemoteWebDriver: chrome on LINUX (849fa78cae8536b31fb6f318b4ef5bdd)] -> id: lb_alert_close_success] (tried for 15 second(s) with 500 milliseconds interval)
Build info: version: '3.11.0', revision: 'e59cfb3', time: '2018-03-11T20:26:55.152Z'
System info: host: 'vs-lon-mac39.erm.dm-companies.com', ip: '192.168.23.36', os.name: 'Mac OS X', os.arch: 'x86_64', os.version: '10.13.5', java.version: '10.0.1'
Driver info: org.openqa.selenium.remote.RemoteWebDriver
Capabilities {acceptInsecureCerts: false, acceptSslCerts: false, applicationCacheEnabled: false, browserConnectionEnabled: false, browserName: chrome, chrome: {chromedriverVersion: 2.42.591071 (0b695ff80972cc..., userDataDir: /tmp/.org.chromium.Chromium...}, cssSelectorsEnabled: true, databaseEnabled: false, goog:chromeOptions: {debuggerAddress: localhost:37351}, handlesAlerts: true, hasTouchScreen: false, javascriptEnabled: true, locationContextEnabled: true, mobileEmulationEnabled: false, nativeEvents: true, networkConnectionEnabled: false, pageLoadStrategy: normal, platform: LINUX, platformName: LINUX, rotatable: false, setWindowRect: true, takesHeapSnapshot: true, takesScreenshot: true, unexpectedAlertBehaviour: , unhandledPromptBehavior: , version: 69.0.3497.100, webStorageEnabled: true, webdriver.remote.sessionid: 849fa78cae8536b31fb6f318b4e...}
Session ID: 849fa78cae8536b31fb6f318b4ef5bdd]]>
            </message>
            <full-stacktrace>
              <![CDATA[org.openqa.selenium.TimeoutException: Expected condition failed: waiting for visibility of [[RemoteWebDriver: chrome on LINUX (849fa78cae8536b31fb6f318b4ef5bdd)] -> id: lb_alert_close_success] (tried for 15 second(s) with 500 milliseconds interval)
Build info: version: '3.11.0', revision: 'e59cfb3', time: '2018-03-11T20:26:55.152Z'
System info: host: 'vs-lon-mac39.erm.dm-companies.com', ip: '192.168.23.36', os.name: 'Mac OS X', os.arch: 'x86_64', os.version: '10.13.5', java.version: '10.0.1'
Driver info: org.openqa.selenium.remote.RemoteWebDriver
Capabilities {acceptInsecureCerts: false, acceptSslCerts: false, applicationCacheEnabled: false, browserConnectionEnabled: false, browserName: chrome, chrome: {chromedriverVersion: 2.42.591071 (0b695ff80972cc..., userDataDir: /tmp/.org.chromium.Chromium...}, cssSelectorsEnabled: true, databaseEnabled: false, goog:chromeOptions: {debuggerAddress: localhost:37351}, handlesAlerts: true, hasTouchScreen: false, javascriptEnabled: true, locationContextEnabled: true, mobileEmulationEnabled: false, nativeEvents: true, networkConnectionEnabled: false, pageLoadStrategy: normal, platform: LINUX, platformName: LINUX, rotatable: false, setWindowRect: true, takesHeapSnapshot: true, takesScreenshot: true, unexpectedAlertBehaviour: , unhandledPromptBehavior: , version: 69.0.3497.100, webStorageEnabled: true, webdriver.remote.sessionid: 849fa78cae8536b31fb6f318b4e...}
Session ID: 849fa78cae8536b31fb6f318b4ef5bdd
at org.openqa.selenium.support.ui.WebDriverWait.timeoutException(WebDriverWait.java:81)
at org.openqa.selenium.support.ui.FluentWait.until(FluentWait.java:271)
at Pages.CreateAlertPage.closeAlertConfirmation(CreateAlertPage.java:109)
at CreateAlertTest.DeleteAlertSuccessfully(CreateAlertTest.java:38)
at java.base/jdk.internal.reflect.NativeMethodAccessorImpl.invoke0(Native Method)
at java.base/jdk.internal.reflect.NativeMethodAccessorImpl.invoke(NativeMethodAccessorImpl.java:62)
at java.base/jdk.internal.reflect.DelegatingMethodAccessorImpl.invoke(DelegatingMethodAccessorImpl.java:43)
at java.base/java.lang.reflect.Method.invoke(Method.java:564)
at org.testng.internal.MethodInvocationHelper.invokeMethod(MethodInvocationHelper.java:124)
at org.testng.internal.Invoker.invokeMethod(Invoker.java:583)
at org.testng.internal.Invoker.invokeTestMethod(Invoker.java:719)
at org.testng.internal.Invoker.invokeTestMethods(Invoker.java:989)
at org.testng.internal.TestMethodWorker.invokeTestMethods(TestMethodWorker.java:125)
at org.testng.internal.TestMethodWorker.run(TestMethodWorker.java:109)
at org.testng.TestRunner.privateRun(TestRunner.java:648)
at org.testng.TestRunner.run(TestRunner.java:505)
at org.testng.SuiteRunner.runTest(SuiteRunner.java:455)
at org.testng.SuiteRunner.runSequentially(SuiteRunner.java:450)
at org.testng.SuiteRunner.privateRun(SuiteRunner.java:415)
at org.testng.SuiteRunner.run(SuiteRunner.java:364)
at org.testng.SuiteRunnerWorker.runSuite(SuiteRunnerWorker.java:52)
at org.testng.SuiteRunnerWorker.run(SuiteRunnerWorker.java:84)
at org.testng.TestNG.runSuitesSequentially(TestNG.java:1208)
at org.testng.TestNG.runSuitesLocally(TestNG.java:1137)
at org.testng.TestNG.runSuites(TestNG.java:1049)
at org.testng.TestNG.run(TestNG.java:1017)
at org.apache.maven.surefire.testng.TestNGExecutor.run(TestNGExecutor.java:135)
at org.apache.maven.surefire.testng.TestNGDirectoryTestSuite.executeMulti(TestNGDirectoryTestSuite.java:193)
at org.apache.maven.surefire.testng.TestNGDirectoryTestSuite.execute(TestNGDirectoryTestSuite.java:94)
at org.apache.maven.surefire.testng.TestNGProvider.invoke(TestNGProvider.java:146)
at org.apache.maven.surefire.booter.ForkedBooter.invokeProviderInSameClassLoader(ForkedBooter.java:383)
at org.apache.maven.surefire.booter.ForkedBooter.runSuitesInProcess(ForkedBooter.java:344)
at org.apache.maven.surefire.booter.ForkedBooter.execute(ForkedBooter.java:125)
at org.apache.maven.surefire.booter.ForkedBooter.main(ForkedBooter.java:417)
]]>
            </full-stacktrace>
          </exception> <!-- org.openqa.selenium.TimeoutException -->
          <reporter-output>
          </reporter-output>
        </test-method> <!-- DeleteAlertSuccessfully -->
        <test-method is-config="true" signature="tearDown()[pri:0, instance:CreateAlertTest@35cabb2a]" started-at="2018-09-27T09:09:23Z" name="tearDown" finished-at="2018-09-27T09:09:23Z" duration-ms="268" status="PASS">
          <reporter-output>
          </reporter-output>
        </test-method> <!-- tearDown -->
        <test-method is-config="true" signature="initialise()[pri:0, instance:CreateAlertTest@35cabb2a]" started-at="2018-09-27T09:09:23Z" name="initialise" finished-at="2018-09-27T09:09:58Z" duration-ms="34705" status="PASS">
          <reporter-output>
          </reporter-output>
        </test-method> <!-- initialise -->
        <test-method signature="ModifyAlertSuccessfully()[pri:0, instance:CreateAlertTest@35cabb2a]" started-at="2018-09-27T09:09:58Z" name="ModifyAlertSuccessfully" finished-at="2018-09-27T09:10:44Z" duration-ms="46143" status="FAIL">
          <exception class="org.openqa.selenium.TimeoutException">
            <message>
              <![CDATA[Expected condition failed: waiting for visibility of [[RemoteWebDriver: chrome on LINUX (7ebe402a4fdc0650620f442110818c1f)] -> id: lb_alert_close_success] (tried for 15 second(s) with 500 milliseconds interval)
Build info: version: '3.11.0', revision: 'e59cfb3', time: '2018-03-11T20:26:55.152Z'
System info: host: 'vs-lon-mac39.erm.dm-companies.com', ip: '192.168.23.36', os.name: 'Mac OS X', os.arch: 'x86_64', os.version: '10.13.5', java.version: '10.0.1'
Driver info: org.openqa.selenium.remote.RemoteWebDriver
Capabilities {acceptInsecureCerts: false, acceptSslCerts: false, applicationCacheEnabled: false, browserConnectionEnabled: false, browserName: chrome, chrome: {chromedriverVersion: 2.42.591071 (0b695ff80972cc..., userDataDir: /tmp/.org.chromium.Chromium...}, cssSelectorsEnabled: true, databaseEnabled: false, goog:chromeOptions: {debuggerAddress: localhost:33087}, handlesAlerts: true, hasTouchScreen: false, javascriptEnabled: true, locationContextEnabled: true, mobileEmulationEnabled: false, nativeEvents: true, networkConnectionEnabled: false, pageLoadStrategy: normal, platform: LINUX, platformName: LINUX, rotatable: false, setWindowRect: true, takesHeapSnapshot: true, takesScreenshot: true, unexpectedAlertBehaviour: , unhandledPromptBehavior: , version: 69.0.3497.100, webStorageEnabled: true, webdriver.remote.sessionid: 7ebe402a4fdc0650620f4421108...}
Session ID: 7ebe402a4fdc0650620f442110818c1f]]>
            </message>
            <full-stacktrace>
              <![CDATA[org.openqa.selenium.TimeoutException: Expected condition failed: waiting for visibility of [[RemoteWebDriver: chrome on LINUX (7ebe402a4fdc0650620f442110818c1f)] -> id: lb_alert_close_success] (tried for 15 second(s) with 500 milliseconds interval)
Build info: version: '3.11.0', revision: 'e59cfb3', time: '2018-03-11T20:26:55.152Z'
System info: host: 'vs-lon-mac39.erm.dm-companies.com', ip: '192.168.23.36', os.name: 'Mac OS X', os.arch: 'x86_64', os.version: '10.13.5', java.version: '10.0.1'
Driver info: org.openqa.selenium.remote.RemoteWebDriver
Capabilities {acceptInsecureCerts: false, acceptSslCerts: false, applicationCacheEnabled: false, browserConnectionEnabled: false, browserName: chrome, chrome: {chromedriverVersion: 2.42.591071 (0b695ff80972cc..., userDataDir: /tmp/.org.chromium.Chromium...}, cssSelectorsEnabled: true, databaseEnabled: false, goog:chromeOptions: {debuggerAddress: localhost:33087}, handlesAlerts: true, hasTouchScreen: false, javascriptEnabled: true, locationContextEnabled: true, mobileEmulationEnabled: false, nativeEvents: true, networkConnectionEnabled: false, pageLoadStrategy: normal, platform: LINUX, platformName: LINUX, rotatable: false, setWindowRect: true, takesHeapSnapshot: true, takesScreenshot: true, unexpectedAlertBehaviour: , unhandledPromptBehavior: , version: 69.0.3497.100, webStorageEnabled: true, webdriver.remote.sessionid: 7ebe402a4fdc0650620f4421108...}
Session ID: 7ebe402a4fdc0650620f442110818c1f
at org.openqa.selenium.support.ui.WebDriverWait.timeoutException(WebDriverWait.java:81)
at org.openqa.selenium.support.ui.FluentWait.until(FluentWait.java:271)
at Pages.CreateAlertPage.closeAlertConfirmation(CreateAlertPage.java:109)
at CreateAlertTest.ModifyAlertSuccessfully(CreateAlertTest.java:55)
at java.base/jdk.internal.reflect.NativeMethodAccessorImpl.invoke0(Native Method)
at java.base/jdk.internal.reflect.NativeMethodAccessorImpl.invoke(NativeMethodAccessorImpl.java:62)
at java.base/jdk.internal.reflect.DelegatingMethodAccessorImpl.invoke(DelegatingMethodAccessorImpl.java:43)
at java.base/java.lang.reflect.Method.invoke(Method.java:564)
at org.testng.internal.MethodInvocationHelper.invokeMethod(MethodInvocationHelper.java:124)
at org.testng.internal.Invoker.invokeMethod(Invoker.java:583)
at org.testng.internal.Invoker.invokeTestMethod(Invoker.java:719)
at org.testng.internal.Invoker.invokeTestMethods(Invoker.java:989)
at org.testng.internal.TestMethodWorker.invokeTestMethods(TestMethodWorker.java:125)
at org.testng.internal.TestMethodWorker.run(TestMethodWorker.java:109)
at org.testng.TestRunner.privateRun(TestRunner.java:648)
at org.testng.TestRunner.run(TestRunner.java:505)
at org.testng.SuiteRunner.runTest(SuiteRunner.java:455)
at org.testng.SuiteRunner.runSequentially(SuiteRunner.java:450)
at org.testng.SuiteRunner.privateRun(SuiteRunner.java:415)
at org.testng.SuiteRunner.run(SuiteRunner.java:364)
at org.testng.SuiteRunnerWorker.runSuite(SuiteRunnerWorker.java:52)
at org.testng.SuiteRunnerWorker.run(SuiteRunnerWorker.java:84)
at org.testng.TestNG.runSuitesSequentially(TestNG.java:1208)
at org.testng.TestNG.runSuitesLocally(TestNG.java:1137)
at org.testng.TestNG.runSuites(TestNG.java:1049)
at org.testng.TestNG.run(TestNG.java:1017)
at org.apache.maven.surefire.testng.TestNGExecutor.run(TestNGExecutor.java:135)
at org.apache.maven.surefire.testng.TestNGDirectoryTestSuite.executeMulti(TestNGDirectoryTestSuite.java:193)
at org.apache.maven.surefire.testng.TestNGDirectoryTestSuite.execute(TestNGDirectoryTestSuite.java:94)
at org.apache.maven.surefire.testng.TestNGProvider.invoke(TestNGProvider.java:146)
at org.apache.maven.surefire.booter.ForkedBooter.invokeProviderInSameClassLoader(ForkedBooter.java:383)
at org.apache.maven.surefire.booter.ForkedBooter.runSuitesInProcess(ForkedBooter.java:344)
at org.apache.maven.surefire.booter.ForkedBooter.execute(ForkedBooter.java:125)
at org.apache.maven.surefire.booter.ForkedBooter.main(ForkedBooter.java:417)
]]>
            </full-stacktrace>
          </exception> <!-- org.openqa.selenium.TimeoutException -->
          <reporter-output>
          </reporter-output>
        </test-method> <!-- ModifyAlertSuccessfully -->
        <test-method is-config="true" signature="tearDown()[pri:0, instance:CreateAlertTest@35cabb2a]" started-at="2018-09-27T09:10:44Z" name="tearDown" finished-at="2018-09-27T09:10:44Z" duration-ms="147" status="PASS">
          <reporter-output>
          </reporter-output>
        </test-method> <!-- tearDown -->
      </class> <!-- CreateAlertTest -->
      <class name="LiveLoginTest">
        <test-method is-config="true" signature="initialise()[pri:0, instance:LiveLoginTest@79e2c065]" started-at="2018-09-27T09:01:50Z" name="initialise" finished-at="2018-09-27T09:02:19Z" duration-ms="29300" status="PASS">
          <reporter-output>
          </reporter-output>
        </test-method> <!-- initialise -->
        <test-method signature="loginPageLoadsCorrectly()[pri:0, instance:LiveLoginTest@79e2c065]" started-at="2018-09-27T09:02:19Z" name="loginPageLoadsCorrectly" finished-at="2018-09-27T09:02:23Z" duration-ms="4580" status="PASS">
          <reporter-output>
          </reporter-output>
        </test-method> <!-- loginPageLoadsCorrectly -->
        <test-method is-config="true" signature="tearDown()[pri:0, instance:LiveLoginTest@79e2c065]" started-at="2018-09-27T09:02:23Z" name="tearDown" finished-at="2018-09-27T09:02:24Z" duration-ms="177" status="PASS">
          <reporter-output>
          </reporter-output>
        </test-method> <!-- tearDown -->
      </class> <!-- LiveLoginTest -->
      <class name="ScreenshotTest">
        <test-method is-config="true" signature="initialise()[pri:0, instance:ScreenshotTest@595b007d]" started-at="2018-09-27T08:43:23Z" name="initialise" finished-at="2018-09-27T08:43:30Z" duration-ms="6943" status="PASS">
          <reporter-output>
          </reporter-output>
        </test-method> <!-- initialise -->
        <test-method signature="alertPageScreenshot()[pri:0, instance:ScreenshotTest@595b007d]" started-at="2018-09-27T08:43:30Z" name="alertPageScreenshot" finished-at="2018-09-27T08:43:43Z" duration-ms="13043" status="PASS">
          <reporter-output>
          </reporter-output>
        </test-method> <!-- alertPageScreenshot -->
        <test-method is-config="true" signature="tearDown()[pri:0, instance:ScreenshotTest@595b007d]" started-at="2018-09-27T08:43:43Z" name="tearDown" finished-at="2018-09-27T08:43:44Z" duration-ms="119" status="PASS">
          <reporter-output>
          </reporter-output>
        </test-method> <!-- tearDown -->
        <test-method is-config="true" signature="initialise()[pri:0, instance:ScreenshotTest@595b007d]" started-at="2018-09-27T08:43:44Z" name="initialise" finished-at="2018-09-27T08:43:50Z" duration-ms="6604" status="PASS">
          <reporter-output>
          </reporter-output>
        </test-method> <!-- initialise -->
        <test-method signature="loginPageScreenshot()[pri:0, instance:ScreenshotTest@595b007d]" started-at="2018-09-27T08:43:50Z" name="loginPageScreenshot" finished-at="2018-09-27T08:43:55Z" duration-ms="5076" status="PASS">
          <reporter-output>
          </reporter-output>
        </test-method> <!-- loginPageScreenshot -->
        <test-method is-config="true" signature="tearDown()[pri:0, instance:ScreenshotTest@595b007d]" started-at="2018-09-27T08:43:55Z" name="tearDown" finished-at="2018-09-27T08:43:55Z" duration-ms="121" status="PASS">
          <reporter-output>
          </reporter-output>
        </test-method> <!-- tearDown -->
        <test-method is-config="true" signature="initialise()[pri:0, instance:ScreenshotTest@595b007d]" started-at="2018-09-27T08:43:55Z" name="initialise" finished-at="2018-09-27T08:44:07Z" duration-ms="11132" status="PASS">
          <reporter-output>
          </reporter-output>
        </test-method> <!-- initialise -->
        <test-method signature="myAdsPageScreenshot()[pri:0, instance:ScreenshotTest@595b007d]" started-at="2018-09-27T08:44:07Z" name="myAdsPageScreenshot" finished-at="2018-09-27T08:44:12Z" duration-ms="5137" status="PASS">
          <reporter-output>
          </reporter-output>
        </test-method> <!-- myAdsPageScreenshot -->
        <test-method is-config="true" signature="tearDown()[pri:0, instance:ScreenshotTest@595b007d]" started-at="2018-09-27T08:44:12Z" name="tearDown" finished-at="2018-09-27T08:44:12Z" duration-ms="134" status="PASS">
          <reporter-output>
          </reporter-output>
        </test-method> <!-- tearDown -->
        <test-method is-config="true" signature="initialise()[pri:0, instance:ScreenshotTest@595b007d]" started-at="2018-09-27T08:44:12Z" name="initialise" finished-at="2018-09-27T08:44:33Z" duration-ms="20974" status="PASS">
          <reporter-output>
          </reporter-output>
        </test-method> <!-- initialise -->
        <test-method signature="myDetailsPageScreenshot()[pri:0, instance:ScreenshotTest@595b007d]" started-at="2018-09-27T08:44:33Z" name="myDetailsPageScreenshot" finished-at="2018-09-27T08:44:46Z" duration-ms="13381" status="PASS">
          <reporter-output>
          </reporter-output>
        </test-method> <!-- myDetailsPageScreenshot -->
        <test-method is-config="true" signature="tearDown()[pri:0, instance:ScreenshotTest@595b007d]" started-at="2018-09-27T08:44:46Z" name="tearDown" finished-at="2018-09-27T08:44:46Z" duration-ms="343" status="PASS">
          <reporter-output>
          </reporter-output>
        </test-method> <!-- tearDown -->
      </class> <!-- ScreenshotTest -->
      <class name="MyAccountTest">
        <test-method is-config="true" signature="initialise()[pri:0, instance:MyAccountTest@3a93b025]" started-at="2018-09-27T09:02:24Z" name="initialise" finished-at="2018-09-27T09:02:56Z" duration-ms="32420" status="PASS">
          <reporter-output>
          </reporter-output>
        </test-method> <!-- initialise -->
        <test-method signature="ChangeEmailAddressForAccount()[pri:0, instance:MyAccountTest@3a93b025]" started-at="2018-09-27T09:02:56Z" name="ChangeEmailAddressForAccount" finished-at="2018-09-27T09:03:59Z" duration-ms="62911" status="PASS">
          <reporter-output>
          </reporter-output>
        </test-method> <!-- ChangeEmailAddressForAccount -->
        <test-method is-config="true" signature="tearDown()[pri:0, instance:MyAccountTest@3a93b025]" started-at="2018-09-27T09:03:59Z" name="tearDown" finished-at="2018-09-27T09:03:59Z" duration-ms="136" status="PASS">
          <reporter-output>
          </reporter-output>
        </test-method> <!-- tearDown -->
        <test-method is-config="true" signature="initialise()[pri:0, instance:MyAccountTest@3a93b025]" started-at="2018-09-27T09:03:59Z" name="initialise" finished-at="2018-09-27T09:04:16Z" duration-ms="17186" status="PASS">
          <reporter-output>
          </reporter-output>
        </test-method> <!-- initialise -->
        <test-method signature="PopulateIndividualProfileFields()[pri:0, instance:MyAccountTest@3a93b025]" started-at="2018-09-27T09:04:16Z" name="PopulateIndividualProfileFields" finished-at="2018-09-27T09:04:38Z" duration-ms="21869" status="PASS">
          <reporter-output>
          </reporter-output>
        </test-method> <!-- PopulateIndividualProfileFields -->
        <test-method is-config="true" signature="tearDown()[pri:0, instance:MyAccountTest@3a93b025]" started-at="2018-09-27T09:04:38Z" name="tearDown" finished-at="2018-09-27T09:04:38Z" duration-ms="129" status="PASS">
          <reporter-output>
          </reporter-output>
        </test-method> <!-- tearDown -->
        <test-method is-config="true" signature="initialise()[pri:0, instance:MyAccountTest@3a93b025]" started-at="2018-09-27T09:04:38Z" name="initialise" finished-at="2018-09-27T09:04:49Z" duration-ms="10246" status="PASS">
          <reporter-output>
          </reporter-output>
        </test-method> <!-- initialise -->
        <test-method signature="PopulateProfessionalProfileFields()[pri:0, instance:MyAccountTest@3a93b025]" started-at="2018-09-27T09:04:49Z" name="PopulateProfessionalProfileFields" finished-at="2018-09-27T09:05:03Z" duration-ms="14744" status="FAIL">
          <exception class="org.openqa.selenium.NoSuchElementException">
            <message>
              <![CDATA[no such element: Unable to locate element: {"method":"name","selector":"company_name"}
  (Session info: chrome=69.0.3497.100)
  (Driver info: chromedriver=2.42.591071 (0b695ff80972cc1a65a5cd643186d2ae582cd4ac),platform=Linux 4.9.93-linuxkit-aufs x86_64) (WARNING: The server did not provide any stacktrace information)
Command duration or timeout: 0 milliseconds
For documentation on this error, please visit: http://seleniumhq.org/exceptions/no_such_element.html
Build info: version: '3.11.0', revision: 'e59cfb3', time: '2018-03-11T20:26:55.152Z'
System info: host: 'vs-lon-mac39.erm.dm-companies.com', ip: '192.168.23.36', os.name: 'Mac OS X', os.arch: 'x86_64', os.version: '10.13.5', java.version: '10.0.1'
Driver info: org.openqa.selenium.remote.RemoteWebDriver
Capabilities {acceptInsecureCerts: false, acceptSslCerts: false, applicationCacheEnabled: false, browserConnectionEnabled: false, browserName: chrome, chrome: {chromedriverVersion: 2.42.591071 (0b695ff80972cc..., userDataDir: /tmp/.org.chromium.Chromium...}, cssSelectorsEnabled: true, databaseEnabled: false, goog:chromeOptions: {debuggerAddress: localhost:44981}, handlesAlerts: true, hasTouchScreen: false, javascriptEnabled: true, locationContextEnabled: true, mobileEmulationEnabled: false, nativeEvents: true, networkConnectionEnabled: false, pageLoadStrategy: normal, platform: LINUX, platformName: LINUX, rotatable: false, setWindowRect: true, takesHeapSnapshot: true, takesScreenshot: true, unexpectedAlertBehaviour: , unhandledPromptBehavior: , version: 69.0.3497.100, webStorageEnabled: true, webdriver.remote.sessionid: 4de4d01a3fb7e5c0de38f7f22a5...}
Session ID: 4de4d01a3fb7e5c0de38f7f22a5623ab
*** Element info: {Using=name, value=company_name}]]>
            </message>
            <full-stacktrace>
              <![CDATA[org.openqa.selenium.NoSuchElementException: no such element: Unable to locate element: {"method":"name","selector":"company_name"}
  (Session info: chrome=69.0.3497.100)
  (Driver info: chromedriver=2.42.591071 (0b695ff80972cc1a65a5cd643186d2ae582cd4ac),platform=Linux 4.9.93-linuxkit-aufs x86_64) (WARNING: The server did not provide any stacktrace information)
Command duration or timeout: 0 milliseconds
For documentation on this error, please visit: http://seleniumhq.org/exceptions/no_such_element.html
Build info: version: '3.11.0', revision: 'e59cfb3', time: '2018-03-11T20:26:55.152Z'
System info: host: 'vs-lon-mac39.erm.dm-companies.com', ip: '192.168.23.36', os.name: 'Mac OS X', os.arch: 'x86_64', os.version: '10.13.5', java.version: '10.0.1'
Driver info: org.openqa.selenium.remote.RemoteWebDriver
Capabilities {acceptInsecureCerts: false, acceptSslCerts: false, applicationCacheEnabled: false, browserConnectionEnabled: false, browserName: chrome, chrome: {chromedriverVersion: 2.42.591071 (0b695ff80972cc..., userDataDir: /tmp/.org.chromium.Chromium...}, cssSelectorsEnabled: true, databaseEnabled: false, goog:chromeOptions: {debuggerAddress: localhost:44981}, handlesAlerts: true, hasTouchScreen: false, javascriptEnabled: true, locationContextEnabled: true, mobileEmulationEnabled: false, nativeEvents: true, networkConnectionEnabled: false, pageLoadStrategy: normal, platform: LINUX, platformName: LINUX, rotatable: false, setWindowRect: true, takesHeapSnapshot: true, takesScreenshot: true, unexpectedAlertBehaviour: , unhandledPromptBehavior: , version: 69.0.3497.100, webStorageEnabled: true, webdriver.remote.sessionid: 4de4d01a3fb7e5c0de38f7f22a5...}
Session ID: 4de4d01a3fb7e5c0de38f7f22a5623ab
*** Element info: {Using=name, value=company_name}
at java.base/jdk.internal.reflect.NativeConstructorAccessorImpl.newInstance0(Native Method)
at java.base/jdk.internal.reflect.NativeConstructorAccessorImpl.newInstance(NativeConstructorAccessorImpl.java:62)
at java.base/jdk.internal.reflect.DelegatingConstructorAccessorImpl.newInstance(DelegatingConstructorAccessorImpl.java:45)
at java.base/java.lang.reflect.Constructor.newInstance(Constructor.java:488)
at org.openqa.selenium.remote.ErrorHandler.createThrowable(ErrorHandler.java:214)
at org.openqa.selenium.remote.ErrorHandler.throwIfResponseFailed(ErrorHandler.java:166)
at org.openqa.selenium.remote.http.JsonHttpResponseCodec.reconstructValue(JsonHttpResponseCodec.java:40)
at org.openqa.selenium.remote.http.AbstractHttpResponseCodec.decode(AbstractHttpResponseCodec.java:80)
at org.openqa.selenium.remote.http.AbstractHttpResponseCodec.decode(AbstractHttpResponseCodec.java:44)
at org.openqa.selenium.remote.HttpCommandExecutor.execute(HttpCommandExecutor.java:158)
at org.openqa.selenium.remote.RemoteWebDriver.execute(RemoteWebDriver.java:545)
at org.openqa.selenium.remote.RemoteWebDriver.findElement(RemoteWebDriver.java:319)
at org.openqa.selenium.remote.RemoteWebDriver.findElementByName(RemoteWebDriver.java:397)
at org.openqa.selenium.By$ByName.findElement(By.java:303)
at org.openqa.selenium.remote.RemoteWebDriver.findElement(RemoteWebDriver.java:311)
at org.openqa.selenium.support.pagefactory.DefaultElementLocator.findElement(DefaultElementLocator.java:69)
at org.openqa.selenium.support.pagefactory.internal.LocatingElementHandler.invoke(LocatingElementHandler.java:38)
at com.sun.proxy.$Proxy10.clear(Unknown Source)
at Pages.MyAccountPage.changeProfessionalAccountDetails(MyAccountPage.java:185)
at MyAccountTest.PopulateProfessionalProfileFields(MyAccountTest.java:67)
at java.base/jdk.internal.reflect.NativeMethodAccessorImpl.invoke0(Native Method)
at java.base/jdk.internal.reflect.NativeMethodAccessorImpl.invoke(NativeMethodAccessorImpl.java:62)
at java.base/jdk.internal.reflect.DelegatingMethodAccessorImpl.invoke(DelegatingMethodAccessorImpl.java:43)
at java.base/java.lang.reflect.Method.invoke(Method.java:564)
at org.testng.internal.MethodInvocationHelper.invokeMethod(MethodInvocationHelper.java:124)
at org.testng.internal.Invoker.invokeMethod(Invoker.java:583)
at org.testng.internal.Invoker.invokeTestMethod(Invoker.java:719)
at org.testng.internal.Invoker.invokeTestMethods(Invoker.java:989)
at org.testng.internal.TestMethodWorker.invokeTestMethods(TestMethodWorker.java:125)
at org.testng.internal.TestMethodWorker.run(TestMethodWorker.java:109)
at org.testng.TestRunner.privateRun(TestRunner.java:648)
at org.testng.TestRunner.run(TestRunner.java:505)
at org.testng.SuiteRunner.runTest(SuiteRunner.java:455)
at org.testng.SuiteRunner.runSequentially(SuiteRunner.java:450)
at org.testng.SuiteRunner.privateRun(SuiteRunner.java:415)
at org.testng.SuiteRunner.run(SuiteRunner.java:364)
at org.testng.SuiteRunnerWorker.runSuite(SuiteRunnerWorker.java:52)
at org.testng.SuiteRunnerWorker.run(SuiteRunnerWorker.java:84)
at org.testng.TestNG.runSuitesSequentially(TestNG.java:1208)
at org.testng.TestNG.runSuitesLocally(TestNG.java:1137)
at org.testng.TestNG.runSuites(TestNG.java:1049)
at org.testng.TestNG.run(TestNG.java:1017)
at org.apache.maven.surefire.testng.TestNGExecutor.run(TestNGExecutor.java:135)
at org.apache.maven.surefire.testng.TestNGDirectoryTestSuite.executeMulti(TestNGDirectoryTestSuite.java:193)
at org.apache.maven.surefire.testng.TestNGDirectoryTestSuite.execute(TestNGDirectoryTestSuite.java:94)
at org.apache.maven.surefire.testng.TestNGProvider.invoke(TestNGProvider.java:146)
at org.apache.maven.surefire.booter.ForkedBooter.invokeProviderInSameClassLoader(ForkedBooter.java:383)
at org.apache.maven.surefire.booter.ForkedBooter.runSuitesInProcess(ForkedBooter.java:344)
at org.apache.maven.surefire.booter.ForkedBooter.execute(ForkedBooter.java:125)
at org.apache.maven.surefire.booter.ForkedBooter.main(ForkedBooter.java:417)
]]>
            </full-stacktrace>
          </exception> <!-- org.openqa.selenium.NoSuchElementException -->
          <reporter-output>
          </reporter-output>
        </test-method> <!-- PopulateProfessionalProfileFields -->
        <test-method is-config="true" signature="tearDown()[pri:0, instance:MyAccountTest@3a93b025]" started-at="2018-09-27T09:05:03Z" name="tearDown" finished-at="2018-09-27T09:05:04Z" duration-ms="218" status="PASS">
          <reporter-output>
          </reporter-output>
        </test-method> <!-- tearDown -->
        <test-method is-config="true" signature="initialise()[pri:0, instance:MyAccountTest@3a93b025]" started-at="2018-09-27T09:05:04Z" name="initialise" finished-at="2018-09-27T09:05:24Z" duration-ms="20681" status="PASS">
          <reporter-output>
          </reporter-output>
        </test-method> <!-- initialise -->
        <test-method signature="UnableToUpdateAProfessionalProfileWithoutRequiredFields()[pri:0, instance:MyAccountTest@3a93b025]" started-at="2018-09-27T09:05:24Z" name="UnableToUpdateAProfessionalProfileWithoutRequiredFields" finished-at="2018-09-27T09:05:50Z" duration-ms="25857" status="FAIL">
          <exception class="org.openqa.selenium.NoSuchElementException">
            <message>
              <![CDATA[no such element: Unable to locate element: {"method":"id","selector":"email"}
  (Session info: chrome=69.0.3497.100)
  (Driver info: chromedriver=2.42.591071 (0b695ff80972cc1a65a5cd643186d2ae582cd4ac),platform=Linux 4.9.93-linuxkit-aufs x86_64) (WARNING: The server did not provide any stacktrace information)
Command duration or timeout: 0 milliseconds
For documentation on this error, please visit: http://seleniumhq.org/exceptions/no_such_element.html
Build info: version: '3.11.0', revision: 'e59cfb3', time: '2018-03-11T20:26:55.152Z'
System info: host: 'vs-lon-mac39.erm.dm-companies.com', ip: '192.168.23.36', os.name: 'Mac OS X', os.arch: 'x86_64', os.version: '10.13.5', java.version: '10.0.1'
Driver info: org.openqa.selenium.remote.RemoteWebDriver
Capabilities {acceptInsecureCerts: false, acceptSslCerts: false, applicationCacheEnabled: false, browserConnectionEnabled: false, browserName: chrome, chrome: {chromedriverVersion: 2.42.591071 (0b695ff80972cc..., userDataDir: /tmp/.org.chromium.Chromium...}, cssSelectorsEnabled: true, databaseEnabled: false, goog:chromeOptions: {debuggerAddress: localhost:45629}, handlesAlerts: true, hasTouchScreen: false, javascriptEnabled: true, locationContextEnabled: true, mobileEmulationEnabled: false, nativeEvents: true, networkConnectionEnabled: false, pageLoadStrategy: normal, platform: LINUX, platformName: LINUX, rotatable: false, setWindowRect: true, takesHeapSnapshot: true, takesScreenshot: true, unexpectedAlertBehaviour: , unhandledPromptBehavior: , version: 69.0.3497.100, webStorageEnabled: true, webdriver.remote.sessionid: b03eacb1ef23e9634fa6bff798b...}
Session ID: b03eacb1ef23e9634fa6bff798bc3b33
*** Element info: {Using=id, value=email}]]>
            </message>
            <full-stacktrace>
              <![CDATA[org.openqa.selenium.NoSuchElementException: no such element: Unable to locate element: {"method":"id","selector":"email"}
  (Session info: chrome=69.0.3497.100)
  (Driver info: chromedriver=2.42.591071 (0b695ff80972cc1a65a5cd643186d2ae582cd4ac),platform=Linux 4.9.93-linuxkit-aufs x86_64) (WARNING: The server did not provide any stacktrace information)
Command duration or timeout: 0 milliseconds
For documentation on this error, please visit: http://seleniumhq.org/exceptions/no_such_element.html
Build info: version: '3.11.0', revision: 'e59cfb3', time: '2018-03-11T20:26:55.152Z'
System info: host: 'vs-lon-mac39.erm.dm-companies.com', ip: '192.168.23.36', os.name: 'Mac OS X', os.arch: 'x86_64', os.version: '10.13.5', java.version: '10.0.1'
Driver info: org.openqa.selenium.remote.RemoteWebDriver
Capabilities {acceptInsecureCerts: false, acceptSslCerts: false, applicationCacheEnabled: false, browserConnectionEnabled: false, browserName: chrome, chrome: {chromedriverVersion: 2.42.591071 (0b695ff80972cc..., userDataDir: /tmp/.org.chromium.Chromium...}, cssSelectorsEnabled: true, databaseEnabled: false, goog:chromeOptions: {debuggerAddress: localhost:45629}, handlesAlerts: true, hasTouchScreen: false, javascriptEnabled: true, locationContextEnabled: true, mobileEmulationEnabled: false, nativeEvents: true, networkConnectionEnabled: false, pageLoadStrategy: normal, platform: LINUX, platformName: LINUX, rotatable: false, setWindowRect: true, takesHeapSnapshot: true, takesScreenshot: true, unexpectedAlertBehaviour: , unhandledPromptBehavior: , version: 69.0.3497.100, webStorageEnabled: true, webdriver.remote.sessionid: b03eacb1ef23e9634fa6bff798b...}
Session ID: b03eacb1ef23e9634fa6bff798bc3b33
*** Element info: {Using=id, value=email}
at java.base/jdk.internal.reflect.NativeConstructorAccessorImpl.newInstance0(Native Method)
at java.base/jdk.internal.reflect.NativeConstructorAccessorImpl.newInstance(NativeConstructorAccessorImpl.java:62)
at java.base/jdk.internal.reflect.DelegatingConstructorAccessorImpl.newInstance(DelegatingConstructorAccessorImpl.java:45)
at java.base/java.lang.reflect.Constructor.newInstance(Constructor.java:488)
at org.openqa.selenium.remote.ErrorHandler.createThrowable(ErrorHandler.java:214)
at org.openqa.selenium.remote.ErrorHandler.throwIfResponseFailed(ErrorHandler.java:166)
at org.openqa.selenium.remote.http.JsonHttpResponseCodec.reconstructValue(JsonHttpResponseCodec.java:40)
at org.openqa.selenium.remote.http.AbstractHttpResponseCodec.decode(AbstractHttpResponseCodec.java:80)
at org.openqa.selenium.remote.http.AbstractHttpResponseCodec.decode(AbstractHttpResponseCodec.java:44)
at org.openqa.selenium.remote.HttpCommandExecutor.execute(HttpCommandExecutor.java:158)
at org.openqa.selenium.remote.RemoteWebDriver.execute(RemoteWebDriver.java:545)
at org.openqa.selenium.remote.RemoteWebDriver.findElement(RemoteWebDriver.java:319)
at org.openqa.selenium.remote.RemoteWebDriver.findElementById(RemoteWebDriver.java:365)
at org.openqa.selenium.By$ById.findElement(By.java:218)
at org.openqa.selenium.remote.RemoteWebDriver.findElement(RemoteWebDriver.java:311)
at org.openqa.selenium.support.pagefactory.DefaultElementLocator.findElement(DefaultElementLocator.java:69)
at org.openqa.selenium.support.pagefactory.internal.LocatingElementHandler.invoke(LocatingElementHandler.java:38)
at com.sun.proxy.$Proxy10.sendKeys(Unknown Source)
at Pages.LoginPage.setLoginEmail(LoginPage.java:78)
at Pages.LoginPage.loginValidAccount(LoginPage.java:97)
at MyAccountTest.UnableToUpdateAProfessionalProfileWithoutRequiredFields(MyAccountTest.java:141)
at java.base/jdk.internal.reflect.NativeMethodAccessorImpl.invoke0(Native Method)
at java.base/jdk.internal.reflect.NativeMethodAccessorImpl.invoke(NativeMethodAccessorImpl.java:62)
at java.base/jdk.internal.reflect.DelegatingMethodAccessorImpl.invoke(DelegatingMethodAccessorImpl.java:43)
at java.base/java.lang.reflect.Method.invoke(Method.java:564)
at org.testng.internal.MethodInvocationHelper.invokeMethod(MethodInvocationHelper.java:124)
at org.testng.internal.Invoker.invokeMethod(Invoker.java:583)
at org.testng.internal.Invoker.invokeTestMethod(Invoker.java:719)
at org.testng.internal.Invoker.invokeTestMethods(Invoker.java:989)
at org.testng.internal.TestMethodWorker.invokeTestMethods(TestMethodWorker.java:125)
at org.testng.internal.TestMethodWorker.run(TestMethodWorker.java:109)
at org.testng.TestRunner.privateRun(TestRunner.java:648)
at org.testng.TestRunner.run(TestRunner.java:505)
at org.testng.SuiteRunner.runTest(SuiteRunner.java:455)
at org.testng.SuiteRunner.runSequentially(SuiteRunner.java:450)
at org.testng.SuiteRunner.privateRun(SuiteRunner.java:415)
at org.testng.SuiteRunner.run(SuiteRunner.java:364)
at org.testng.SuiteRunnerWorker.runSuite(SuiteRunnerWorker.java:52)
at org.testng.SuiteRunnerWorker.run(SuiteRunnerWorker.java:84)
at org.testng.TestNG.runSuitesSequentially(TestNG.java:1208)
at org.testng.TestNG.runSuitesLocally(TestNG.java:1137)
at org.testng.TestNG.runSuites(TestNG.java:1049)
at org.testng.TestNG.run(TestNG.java:1017)
at org.apache.maven.surefire.testng.TestNGExecutor.run(TestNGExecutor.java:135)
at org.apache.maven.surefire.testng.TestNGDirectoryTestSuite.executeMulti(TestNGDirectoryTestSuite.java:193)
at org.apache.maven.surefire.testng.TestNGDirectoryTestSuite.execute(TestNGDirectoryTestSuite.java:94)
at org.apache.maven.surefire.testng.TestNGProvider.invoke(TestNGProvider.java:146)
at org.apache.maven.surefire.booter.ForkedBooter.invokeProviderInSameClassLoader(ForkedBooter.java:383)
at org.apache.maven.surefire.booter.ForkedBooter.runSuitesInProcess(ForkedBooter.java:344)
at org.apache.maven.surefire.booter.ForkedBooter.execute(ForkedBooter.java:125)
at org.apache.maven.surefire.booter.ForkedBooter.main(ForkedBooter.java:417)
]]>
            </full-stacktrace>
          </exception> <!-- org.openqa.selenium.NoSuchElementException -->
          <reporter-output>
          </reporter-output>
        </test-method> <!-- UnableToUpdateAProfessionalProfileWithoutRequiredFields -->
        <test-method is-config="true" signature="tearDown()[pri:0, instance:MyAccountTest@3a93b025]" started-at="2018-09-27T09:05:50Z" name="tearDown" finished-at="2018-09-27T09:05:51Z" duration-ms="467" status="PASS">
          <reporter-output>
          </reporter-output>
        </test-method> <!-- tearDown -->
        <test-method is-config="true" signature="initialise()[pri:0, instance:MyAccountTest@3a93b025]" started-at="2018-09-27T09:05:51Z" name="initialise" finished-at="2018-09-27T09:06:25Z" duration-ms="34050" status="PASS">
          <reporter-output>
          </reporter-output>
        </test-method> <!-- initialise -->
        <test-method signature="UnableToUpdateAnIndividualProfileWithoutRequiredFields()[pri:0, instance:MyAccountTest@3a93b025]" started-at="2018-09-27T09:06:25Z" name="UnableToUpdateAnIndividualProfileWithoutRequiredFields" finished-at="2018-09-27T09:06:52Z" duration-ms="27642" status="FAIL">
          <exception class="org.openqa.selenium.NoSuchElementException">
            <message>
              <![CDATA[no such element: Unable to locate element: {"method":"id","selector":"email"}
  (Session info: chrome=69.0.3497.100)
  (Driver info: chromedriver=2.42.591071 (0b695ff80972cc1a65a5cd643186d2ae582cd4ac),platform=Linux 4.9.93-linuxkit-aufs x86_64) (WARNING: The server did not provide any stacktrace information)
Command duration or timeout: 0 milliseconds
For documentation on this error, please visit: http://seleniumhq.org/exceptions/no_such_element.html
Build info: version: '3.11.0', revision: 'e59cfb3', time: '2018-03-11T20:26:55.152Z'
System info: host: 'vs-lon-mac39.erm.dm-companies.com', ip: '192.168.23.36', os.name: 'Mac OS X', os.arch: 'x86_64', os.version: '10.13.5', java.version: '10.0.1'
Driver info: org.openqa.selenium.remote.RemoteWebDriver
Capabilities {acceptInsecureCerts: false, acceptSslCerts: false, applicationCacheEnabled: false, browserConnectionEnabled: false, browserName: chrome, chrome: {chromedriverVersion: 2.42.591071 (0b695ff80972cc..., userDataDir: /tmp/.org.chromium.Chromium...}, cssSelectorsEnabled: true, databaseEnabled: false, goog:chromeOptions: {debuggerAddress: localhost:45451}, handlesAlerts: true, hasTouchScreen: false, javascriptEnabled: true, locationContextEnabled: true, mobileEmulationEnabled: false, nativeEvents: true, networkConnectionEnabled: false, pageLoadStrategy: normal, platform: LINUX, platformName: LINUX, rotatable: false, setWindowRect: true, takesHeapSnapshot: true, takesScreenshot: true, unexpectedAlertBehaviour: , unhandledPromptBehavior: , version: 69.0.3497.100, webStorageEnabled: true, webdriver.remote.sessionid: 3d1bf1a00ca9cf22d69220fc0c1...}
Session ID: 3d1bf1a00ca9cf22d69220fc0c1ad919
*** Element info: {Using=id, value=email}]]>
            </message>
            <full-stacktrace>
              <![CDATA[org.openqa.selenium.NoSuchElementException: no such element: Unable to locate element: {"method":"id","selector":"email"}
  (Session info: chrome=69.0.3497.100)
  (Driver info: chromedriver=2.42.591071 (0b695ff80972cc1a65a5cd643186d2ae582cd4ac),platform=Linux 4.9.93-linuxkit-aufs x86_64) (WARNING: The server did not provide any stacktrace information)
Command duration or timeout: 0 milliseconds
For documentation on this error, please visit: http://seleniumhq.org/exceptions/no_such_element.html
Build info: version: '3.11.0', revision: 'e59cfb3', time: '2018-03-11T20:26:55.152Z'
System info: host: 'vs-lon-mac39.erm.dm-companies.com', ip: '192.168.23.36', os.name: 'Mac OS X', os.arch: 'x86_64', os.version: '10.13.5', java.version: '10.0.1'
Driver info: org.openqa.selenium.remote.RemoteWebDriver
Capabilities {acceptInsecureCerts: false, acceptSslCerts: false, applicationCacheEnabled: false, browserConnectionEnabled: false, browserName: chrome, chrome: {chromedriverVersion: 2.42.591071 (0b695ff80972cc..., userDataDir: /tmp/.org.chromium.Chromium...}, cssSelectorsEnabled: true, databaseEnabled: false, goog:chromeOptions: {debuggerAddress: localhost:45451}, handlesAlerts: true, hasTouchScreen: false, javascriptEnabled: true, locationContextEnabled: true, mobileEmulationEnabled: false, nativeEvents: true, networkConnectionEnabled: false, pageLoadStrategy: normal, platform: LINUX, platformName: LINUX, rotatable: false, setWindowRect: true, takesHeapSnapshot: true, takesScreenshot: true, unexpectedAlertBehaviour: , unhandledPromptBehavior: , version: 69.0.3497.100, webStorageEnabled: true, webdriver.remote.sessionid: 3d1bf1a00ca9cf22d69220fc0c1...}
Session ID: 3d1bf1a00ca9cf22d69220fc0c1ad919
*** Element info: {Using=id, value=email}
at java.base/jdk.internal.reflect.NativeConstructorAccessorImpl.newInstance0(Native Method)
at java.base/jdk.internal.reflect.NativeConstructorAccessorImpl.newInstance(NativeConstructorAccessorImpl.java:62)
at java.base/jdk.internal.reflect.DelegatingConstructorAccessorImpl.newInstance(DelegatingConstructorAccessorImpl.java:45)
at java.base/java.lang.reflect.Constructor.newInstance(Constructor.java:488)
at org.openqa.selenium.remote.ErrorHandler.createThrowable(ErrorHandler.java:214)
at org.openqa.selenium.remote.ErrorHandler.throwIfResponseFailed(ErrorHandler.java:166)
at org.openqa.selenium.remote.http.JsonHttpResponseCodec.reconstructValue(JsonHttpResponseCodec.java:40)
at org.openqa.selenium.remote.http.AbstractHttpResponseCodec.decode(AbstractHttpResponseCodec.java:80)
at org.openqa.selenium.remote.http.AbstractHttpResponseCodec.decode(AbstractHttpResponseCodec.java:44)
at org.openqa.selenium.remote.HttpCommandExecutor.execute(HttpCommandExecutor.java:158)
at org.openqa.selenium.remote.RemoteWebDriver.execute(RemoteWebDriver.java:545)
at org.openqa.selenium.remote.RemoteWebDriver.findElement(RemoteWebDriver.java:319)
at org.openqa.selenium.remote.RemoteWebDriver.findElementById(RemoteWebDriver.java:365)
at org.openqa.selenium.By$ById.findElement(By.java:218)
at org.openqa.selenium.remote.RemoteWebDriver.findElement(RemoteWebDriver.java:311)
at org.openqa.selenium.support.pagefactory.DefaultElementLocator.findElement(DefaultElementLocator.java:69)
at org.openqa.selenium.support.pagefactory.internal.LocatingElementHandler.invoke(LocatingElementHandler.java:38)
at com.sun.proxy.$Proxy10.sendKeys(Unknown Source)
at Pages.LoginPage.setLoginEmail(LoginPage.java:78)
at Pages.LoginPage.loginValidAccount(LoginPage.java:97)
at MyAccountTest.UnableToUpdateAnIndividualProfileWithoutRequiredFields(MyAccountTest.java:106)
at java.base/jdk.internal.reflect.NativeMethodAccessorImpl.invoke0(Native Method)
at java.base/jdk.internal.reflect.NativeMethodAccessorImpl.invoke(NativeMethodAccessorImpl.java:62)
at java.base/jdk.internal.reflect.DelegatingMethodAccessorImpl.invoke(DelegatingMethodAccessorImpl.java:43)
at java.base/java.lang.reflect.Method.invoke(Method.java:564)
at org.testng.internal.MethodInvocationHelper.invokeMethod(MethodInvocationHelper.java:124)
at org.testng.internal.Invoker.invokeMethod(Invoker.java:583)
at org.testng.internal.Invoker.invokeTestMethod(Invoker.java:719)
at org.testng.internal.Invoker.invokeTestMethods(Invoker.java:989)
at org.testng.internal.TestMethodWorker.invokeTestMethods(TestMethodWorker.java:125)
at org.testng.internal.TestMethodWorker.run(TestMethodWorker.java:109)
at org.testng.TestRunner.privateRun(TestRunner.java:648)
at org.testng.TestRunner.run(TestRunner.java:505)
at org.testng.SuiteRunner.runTest(SuiteRunner.java:455)
at org.testng.SuiteRunner.runSequentially(SuiteRunner.java:450)
at org.testng.SuiteRunner.privateRun(SuiteRunner.java:415)
at org.testng.SuiteRunner.run(SuiteRunner.java:364)
at org.testng.SuiteRunnerWorker.runSuite(SuiteRunnerWorker.java:52)
at org.testng.SuiteRunnerWorker.run(SuiteRunnerWorker.java:84)
at org.testng.TestNG.runSuitesSequentially(TestNG.java:1208)
at org.testng.TestNG.runSuitesLocally(TestNG.java:1137)
at org.testng.TestNG.runSuites(TestNG.java:1049)
at org.testng.TestNG.run(TestNG.java:1017)
at org.apache.maven.surefire.testng.TestNGExecutor.run(TestNGExecutor.java:135)
at org.apache.maven.surefire.testng.TestNGDirectoryTestSuite.executeMulti(TestNGDirectoryTestSuite.java:193)
at org.apache.maven.surefire.testng.TestNGDirectoryTestSuite.execute(TestNGDirectoryTestSuite.java:94)
at org.apache.maven.surefire.testng.TestNGProvider.invoke(TestNGProvider.java:146)
at org.apache.maven.surefire.booter.ForkedBooter.invokeProviderInSameClassLoader(ForkedBooter.java:383)
at org.apache.maven.surefire.booter.ForkedBooter.runSuitesInProcess(ForkedBooter.java:344)
at org.apache.maven.surefire.booter.ForkedBooter.execute(ForkedBooter.java:125)
at org.apache.maven.surefire.booter.ForkedBooter.main(ForkedBooter.java:417)
]]>
            </full-stacktrace>
          </exception> <!-- org.openqa.selenium.NoSuchElementException -->
          <reporter-output>
          </reporter-output>
        </test-method> <!-- UnableToUpdateAnIndividualProfileWithoutRequiredFields -->
        <test-method is-config="true" signature="tearDown()[pri:0, instance:MyAccountTest@3a93b025]" started-at="2018-09-27T09:06:52Z" name="tearDown" finished-at="2018-09-27T09:06:53Z" duration-ms="364" status="PASS">
          <reporter-output>
          </reporter-output>
        </test-method> <!-- tearDown -->
        <test-method is-config="true" signature="initialise()[pri:0, instance:MyAccountTest@3a93b025]" started-at="2018-09-27T09:06:53Z" name="initialise" finished-at="2018-09-27T09:07:18Z" duration-ms="25788" status="PASS">
          <reporter-output>
          </reporter-output>
        </test-method> <!-- initialise -->
        <test-method signature="UnableToUpdateTheEmailFieldWithAnInvalidEmail()[pri:0, instance:MyAccountTest@3a93b025]" started-at="2018-09-27T09:07:18Z" name="UnableToUpdateTheEmailFieldWithAnInvalidEmail" finished-at="2018-09-27T09:07:39Z" duration-ms="20145" status="PASS">
          <reporter-output>
          </reporter-output>
        </test-method> <!-- UnableToUpdateTheEmailFieldWithAnInvalidEmail -->
        <test-method is-config="true" signature="tearDown()[pri:0, instance:MyAccountTest@3a93b025]" started-at="2018-09-27T09:07:39Z" name="tearDown" finished-at="2018-09-27T09:07:39Z" duration-ms="143" status="PASS">
          <reporter-output>
          </reporter-output>
        </test-method> <!-- tearDown -->
        <test-method is-config="true" signature="initialise()[pri:0, instance:MyAccountTest@3a93b025]" started-at="2018-09-27T09:07:39Z" name="initialise" finished-at="2018-09-27T09:07:55Z" duration-ms="16464" status="PASS">
          <reporter-output>
          </reporter-output>
        </test-method> <!-- initialise -->
        <test-method signature="UnableToUpdateTheURLFieldWithAnInvalidURL()[pri:0, instance:MyAccountTest@3a93b025]" started-at="2018-09-27T09:07:55Z" name="UnableToUpdateTheURLFieldWithAnInvalidURL" finished-at="2018-09-27T09:08:08Z" duration-ms="12837" status="PASS">
          <reporter-output>
          </reporter-output>
        </test-method> <!-- UnableToUpdateTheURLFieldWithAnInvalidURL -->
        <test-method is-config="true" signature="tearDown()[pri:0, instance:MyAccountTest@3a93b025]" started-at="2018-09-27T09:08:08Z" name="tearDown" finished-at="2018-09-27T09:08:08Z" duration-ms="133" status="PASS">
          <reporter-output>
          </reporter-output>
        </test-method> <!-- tearDown -->
      </class> <!-- MyAccountTest -->
      <class name="PaymentPageTest">
        <test-method is-config="true" signature="initialise()[pri:0, instance:PaymentPageTest@72d1ad2e]" started-at="2018-09-27T08:44:46Z" name="initialise" finished-at="2018-09-27T08:45:33Z" duration-ms="46352" status="PASS">
          <reporter-output>
          </reporter-output>
        </test-method> <!-- initialise -->
        <test-method signature="MakeSuccessfulPayment()[pri:0, instance:PaymentPageTest@72d1ad2e]" started-at="2018-09-27T08:45:33Z" name="MakeSuccessfulPayment" finished-at="2018-09-27T08:46:57Z" duration-ms="84632" status="FAIL">
          <exception class="org.openqa.selenium.TimeoutException">
            <message>
              <![CDATA[Expected condition failed: waiting for presence of element located by: By.cssSelector: input[value='Go to your account'] (tried for 20 second(s) with 5 milliseconds interval)]]>
            </message>
            <full-stacktrace>
              <![CDATA[org.openqa.selenium.TimeoutException: Expected condition failed: waiting for presence of element located by: By.cssSelector: input[value='Go to your account'] (tried for 20 second(s) with 5 milliseconds interval)
at org.openqa.selenium.support.ui.WebDriverWait.timeoutException(WebDriverWait.java:81)
at org.openqa.selenium.support.ui.FluentWait.until(FluentWait.java:271)
at Utilities.TimeoutHelper.WaitforElement(TimeoutHelper.java:35)
at Pages.AdPostConfirmationPage.goToMyAccount(AdPostConfirmationPage.java:40)
at PaymentPageTest.MakeSuccessfulPayment(PaymentPageTest.java:27)
at java.base/jdk.internal.reflect.NativeMethodAccessorImpl.invoke0(Native Method)
at java.base/jdk.internal.reflect.NativeMethodAccessorImpl.invoke(NativeMethodAccessorImpl.java:62)
at java.base/jdk.internal.reflect.DelegatingMethodAccessorImpl.invoke(DelegatingMethodAccessorImpl.java:43)
at java.base/java.lang.reflect.Method.invoke(Method.java:564)
at org.testng.internal.MethodInvocationHelper.invokeMethod(MethodInvocationHelper.java:124)
at org.testng.internal.Invoker.invokeMethod(Invoker.java:583)
at org.testng.internal.Invoker.invokeTestMethod(Invoker.java:719)
at org.testng.internal.Invoker.invokeTestMethods(Invoker.java:989)
at org.testng.internal.TestMethodWorker.invokeTestMethods(TestMethodWorker.java:125)
at org.testng.internal.TestMethodWorker.run(TestMethodWorker.java:109)
at org.testng.TestRunner.privateRun(TestRunner.java:648)
at org.testng.TestRunner.run(TestRunner.java:505)
at org.testng.SuiteRunner.runTest(SuiteRunner.java:455)
at org.testng.SuiteRunner.runSequentially(SuiteRunner.java:450)
at org.testng.SuiteRunner.privateRun(SuiteRunner.java:415)
at org.testng.SuiteRunner.run(SuiteRunner.java:364)
at org.testng.SuiteRunnerWorker.runSuite(SuiteRunnerWorker.java:52)
at org.testng.SuiteRunnerWorker.run(SuiteRunnerWorker.java:84)
at org.testng.TestNG.runSuitesSequentially(TestNG.java:1208)
at org.testng.TestNG.runSuitesLocally(TestNG.java:1137)
at org.testng.TestNG.runSuites(TestNG.java:1049)
at org.testng.TestNG.run(TestNG.java:1017)
at org.apache.maven.surefire.testng.TestNGExecutor.run(TestNGExecutor.java:135)
at org.apache.maven.surefire.testng.TestNGDirectoryTestSuite.executeMulti(TestNGDirectoryTestSuite.java:193)
at org.apache.maven.surefire.testng.TestNGDirectoryTestSuite.execute(TestNGDirectoryTestSuite.java:94)
at org.apache.maven.surefire.testng.TestNGProvider.invoke(TestNGProvider.java:146)
at org.apache.maven.surefire.booter.ForkedBooter.invokeProviderInSameClassLoader(ForkedBooter.java:383)
at org.apache.maven.surefire.booter.ForkedBooter.runSuitesInProcess(ForkedBooter.java:344)
at org.apache.maven.surefire.booter.ForkedBooter.execute(ForkedBooter.java:125)
at org.apache.maven.surefire.booter.ForkedBooter.main(ForkedBooter.java:417)
Caused by: org.openqa.selenium.NoSuchElementException: Cannot locate an element using By.cssSelector: input[value='Go to your account']
For documentation on this error, please visit: http://seleniumhq.org/exceptions/no_such_element.html
Build info: version: '3.11.0', revision: 'e59cfb3', time: '2018-03-11T20:26:55.152Z'
System info: host: 'vs-lon-mac39.erm.dm-companies.com', ip: '192.168.23.36', os.name: 'Mac OS X', os.arch: 'x86_64', os.version: '10.13.5', java.version: '10.0.1'
Driver info: driver.version: unknown
at org.openqa.selenium.support.ui.ExpectedConditions.lambda$findElement$0(ExpectedConditions.java:896)
at java.base/java.util.Optional.orElseThrow(Optional.java:397)
at org.openqa.selenium.support.ui.ExpectedConditions.findElement(ExpectedConditions.java:895)
at org.openqa.selenium.support.ui.ExpectedConditions.access$000(ExpectedConditions.java:44)
at org.openqa.selenium.support.ui.ExpectedConditions$6.apply(ExpectedConditions.java:183)
at org.openqa.selenium.support.ui.ExpectedConditions$6.apply(ExpectedConditions.java:180)
at org.openqa.selenium.support.ui.FluentWait.until(FluentWait.java:248)
... 33 more
]]>
            </full-stacktrace>
          </exception> <!-- org.openqa.selenium.TimeoutException -->
          <reporter-output>
          </reporter-output>
        </test-method> <!-- MakeSuccessfulPayment -->
        <test-method is-config="true" signature="tearDown()[pri:0, instance:PaymentPageTest@72d1ad2e]" started-at="2018-09-27T08:46:57Z" name="tearDown" finished-at="2018-09-27T08:46:58Z" duration-ms="156" status="PASS">
          <reporter-output>
          </reporter-output>
        </test-method> <!-- tearDown -->
      </class> <!-- PaymentPageTest -->
      <class name="LoginTest">
        <test-method is-config="true" signature="initialise()[pri:0, instance:LoginTest@38c6f217]" started-at="2018-09-27T08:48:44Z" name="initialise" finished-at="2018-09-27T08:49:09Z" duration-ms="24659" status="PASS">
          <reporter-output>
          </reporter-output>
        </test-method> <!-- initialise -->
        <test-method signature="logInWithARegisteredAccount()[pri:0, instance:LoginTest@38c6f217]" started-at="2018-09-27T08:49:09Z" name="logInWithARegisteredAccount" finished-at="2018-09-27T08:49:30Z" duration-ms="21247" status="FAIL">
          <exception class="org.openqa.selenium.NoSuchElementException">
            <message>
              <![CDATA[no such element: Unable to locate element: {"method":"id","selector":"email"}
  (Session info: chrome=69.0.3497.100)
  (Driver info: chromedriver=2.42.591071 (0b695ff80972cc1a65a5cd643186d2ae582cd4ac),platform=Linux 4.9.93-linuxkit-aufs x86_64) (WARNING: The server did not provide any stacktrace information)
Command duration or timeout: 0 milliseconds
For documentation on this error, please visit: http://seleniumhq.org/exceptions/no_such_element.html
Build info: version: '3.11.0', revision: 'e59cfb3', time: '2018-03-11T20:26:55.152Z'
System info: host: 'vs-lon-mac39.erm.dm-companies.com', ip: '192.168.23.36', os.name: 'Mac OS X', os.arch: 'x86_64', os.version: '10.13.5', java.version: '10.0.1'
Driver info: org.openqa.selenium.remote.RemoteWebDriver
Capabilities {acceptInsecureCerts: false, acceptSslCerts: false, applicationCacheEnabled: false, browserConnectionEnabled: false, browserName: chrome, chrome: {chromedriverVersion: 2.42.591071 (0b695ff80972cc..., userDataDir: /tmp/.org.chromium.Chromium...}, cssSelectorsEnabled: true, databaseEnabled: false, goog:chromeOptions: {debuggerAddress: localhost:43257}, handlesAlerts: true, hasTouchScreen: false, javascriptEnabled: true, locationContextEnabled: true, mobileEmulationEnabled: false, nativeEvents: true, networkConnectionEnabled: false, pageLoadStrategy: normal, platform: LINUX, platformName: LINUX, rotatable: false, setWindowRect: true, takesHeapSnapshot: true, takesScreenshot: true, unexpectedAlertBehaviour: , unhandledPromptBehavior: , version: 69.0.3497.100, webStorageEnabled: true, webdriver.remote.sessionid: a6995bfd2bbe01dcc403ed7b1a1...}
Session ID: a6995bfd2bbe01dcc403ed7b1a1a9ec0
*** Element info: {Using=id, value=email}]]>
            </message>
            <full-stacktrace>
              <![CDATA[org.openqa.selenium.NoSuchElementException: no such element: Unable to locate element: {"method":"id","selector":"email"}
  (Session info: chrome=69.0.3497.100)
  (Driver info: chromedriver=2.42.591071 (0b695ff80972cc1a65a5cd643186d2ae582cd4ac),platform=Linux 4.9.93-linuxkit-aufs x86_64) (WARNING: The server did not provide any stacktrace information)
Command duration or timeout: 0 milliseconds
For documentation on this error, please visit: http://seleniumhq.org/exceptions/no_such_element.html
Build info: version: '3.11.0', revision: 'e59cfb3', time: '2018-03-11T20:26:55.152Z'
System info: host: 'vs-lon-mac39.erm.dm-companies.com', ip: '192.168.23.36', os.name: 'Mac OS X', os.arch: 'x86_64', os.version: '10.13.5', java.version: '10.0.1'
Driver info: org.openqa.selenium.remote.RemoteWebDriver
Capabilities {acceptInsecureCerts: false, acceptSslCerts: false, applicationCacheEnabled: false, browserConnectionEnabled: false, browserName: chrome, chrome: {chromedriverVersion: 2.42.591071 (0b695ff80972cc..., userDataDir: /tmp/.org.chromium.Chromium...}, cssSelectorsEnabled: true, databaseEnabled: false, goog:chromeOptions: {debuggerAddress: localhost:43257}, handlesAlerts: true, hasTouchScreen: false, javascriptEnabled: true, locationContextEnabled: true, mobileEmulationEnabled: false, nativeEvents: true, networkConnectionEnabled: false, pageLoadStrategy: normal, platform: LINUX, platformName: LINUX, rotatable: false, setWindowRect: true, takesHeapSnapshot: true, takesScreenshot: true, unexpectedAlertBehaviour: , unhandledPromptBehavior: , version: 69.0.3497.100, webStorageEnabled: true, webdriver.remote.sessionid: a6995bfd2bbe01dcc403ed7b1a1...}
Session ID: a6995bfd2bbe01dcc403ed7b1a1a9ec0
*** Element info: {Using=id, value=email}
at java.base/jdk.internal.reflect.NativeConstructorAccessorImpl.newInstance0(Native Method)
at java.base/jdk.internal.reflect.NativeConstructorAccessorImpl.newInstance(NativeConstructorAccessorImpl.java:62)
at java.base/jdk.internal.reflect.DelegatingConstructorAccessorImpl.newInstance(DelegatingConstructorAccessorImpl.java:45)
at java.base/java.lang.reflect.Constructor.newInstance(Constructor.java:488)
at org.openqa.selenium.remote.ErrorHandler.createThrowable(ErrorHandler.java:214)
at org.openqa.selenium.remote.ErrorHandler.throwIfResponseFailed(ErrorHandler.java:166)
at org.openqa.selenium.remote.http.JsonHttpResponseCodec.reconstructValue(JsonHttpResponseCodec.java:40)
at org.openqa.selenium.remote.http.AbstractHttpResponseCodec.decode(AbstractHttpResponseCodec.java:80)
at org.openqa.selenium.remote.http.AbstractHttpResponseCodec.decode(AbstractHttpResponseCodec.java:44)
at org.openqa.selenium.remote.HttpCommandExecutor.execute(HttpCommandExecutor.java:158)
at org.openqa.selenium.remote.RemoteWebDriver.execute(RemoteWebDriver.java:545)
at org.openqa.selenium.remote.RemoteWebDriver.findElement(RemoteWebDriver.java:319)
at org.openqa.selenium.remote.RemoteWebDriver.findElementById(RemoteWebDriver.java:365)
at org.openqa.selenium.By$ById.findElement(By.java:218)
at org.openqa.selenium.remote.RemoteWebDriver.findElement(RemoteWebDriver.java:311)
at org.openqa.selenium.support.pagefactory.DefaultElementLocator.findElement(DefaultElementLocator.java:69)
at org.openqa.selenium.support.pagefactory.internal.LocatingElementHandler.invoke(LocatingElementHandler.java:38)
at com.sun.proxy.$Proxy10.sendKeys(Unknown Source)
at Pages.LoginPage.setLoginEmail(LoginPage.java:78)
at Pages.LoginPage.loginValidAccount(LoginPage.java:97)
at LoginTest.logInWithARegisteredAccount(LoginTest.java:40)
at java.base/jdk.internal.reflect.NativeMethodAccessorImpl.invoke0(Native Method)
at java.base/jdk.internal.reflect.NativeMethodAccessorImpl.invoke(NativeMethodAccessorImpl.java:62)
at java.base/jdk.internal.reflect.DelegatingMethodAccessorImpl.invoke(DelegatingMethodAccessorImpl.java:43)
at java.base/java.lang.reflect.Method.invoke(Method.java:564)
at org.testng.internal.MethodInvocationHelper.invokeMethod(MethodInvocationHelper.java:124)
at org.testng.internal.Invoker.invokeMethod(Invoker.java:583)
at org.testng.internal.Invoker.invokeTestMethod(Invoker.java:719)
at org.testng.internal.Invoker.invokeTestMethods(Invoker.java:989)
at org.testng.internal.TestMethodWorker.invokeTestMethods(TestMethodWorker.java:125)
at org.testng.internal.TestMethodWorker.run(TestMethodWorker.java:109)
at org.testng.TestRunner.privateRun(TestRunner.java:648)
at org.testng.TestRunner.run(TestRunner.java:505)
at org.testng.SuiteRunner.runTest(SuiteRunner.java:455)
at org.testng.SuiteRunner.runSequentially(SuiteRunner.java:450)
at org.testng.SuiteRunner.privateRun(SuiteRunner.java:415)
at org.testng.SuiteRunner.run(SuiteRunner.java:364)
at org.testng.SuiteRunnerWorker.runSuite(SuiteRunnerWorker.java:52)
at org.testng.SuiteRunnerWorker.run(SuiteRunnerWorker.java:84)
at org.testng.TestNG.runSuitesSequentially(TestNG.java:1208)
at org.testng.TestNG.runSuitesLocally(TestNG.java:1137)
at org.testng.TestNG.runSuites(TestNG.java:1049)
at org.testng.TestNG.run(TestNG.java:1017)
at org.apache.maven.surefire.testng.TestNGExecutor.run(TestNGExecutor.java:135)
at org.apache.maven.surefire.testng.TestNGDirectoryTestSuite.executeMulti(TestNGDirectoryTestSuite.java:193)
at org.apache.maven.surefire.testng.TestNGDirectoryTestSuite.execute(TestNGDirectoryTestSuite.java:94)
at org.apache.maven.surefire.testng.TestNGProvider.invoke(TestNGProvider.java:146)
at org.apache.maven.surefire.booter.ForkedBooter.invokeProviderInSameClassLoader(ForkedBooter.java:383)
at org.apache.maven.surefire.booter.ForkedBooter.runSuitesInProcess(ForkedBooter.java:344)
at org.apache.maven.surefire.booter.ForkedBooter.execute(ForkedBooter.java:125)
at org.apache.maven.surefire.booter.ForkedBooter.main(ForkedBooter.java:417)
]]>
            </full-stacktrace>
          </exception> <!-- org.openqa.selenium.NoSuchElementException -->
          <reporter-output>
          </reporter-output>
        </test-method> <!-- logInWithARegisteredAccount -->
        <test-method is-config="true" signature="tearDown()[pri:0, instance:LoginTest@38c6f217]" started-at="2018-09-27T08:49:30Z" name="tearDown" finished-at="2018-09-27T08:49:31Z" duration-ms="514" status="PASS">
          <reporter-output>
          </reporter-output>
        </test-method> <!-- tearDown -->
        <test-method is-config="true" signature="initialise()[pri:0, instance:LoginTest@38c6f217]" started-at="2018-09-27T08:49:31Z" name="initialise" finished-at="2018-09-27T08:49:58Z" duration-ms="27270" status="PASS">
          <reporter-output>
          </reporter-output>
        </test-method> <!-- initialise -->
        <test-method signature="loginPageLoadsCorrectly()[pri:0, instance:LoginTest@38c6f217]" started-at="2018-09-27T08:49:58Z" name="loginPageLoadsCorrectly" finished-at="2018-09-27T08:50:01Z" duration-ms="3041" status="PASS">
          <reporter-output>
          </reporter-output>
        </test-method> <!-- loginPageLoadsCorrectly -->
        <test-method is-config="true" signature="tearDown()[pri:0, instance:LoginTest@38c6f217]" started-at="2018-09-27T08:50:01Z" name="tearDown" finished-at="2018-09-27T08:50:01Z" duration-ms="175" status="PASS">
          <reporter-output>
          </reporter-output>
        </test-method> <!-- tearDown -->
        <test-method is-config="true" signature="initialise()[pri:0, instance:LoginTest@38c6f217]" started-at="2018-09-27T08:50:01Z" name="initialise" finished-at="2018-09-27T08:50:32Z" duration-ms="30916" status="PASS">
          <reporter-output>
          </reporter-output>
        </test-method> <!-- initialise -->
        <test-method signature="resetPasswordViaMyAccount()[pri:0, instance:LoginTest@38c6f217]" started-at="2018-09-27T08:50:32Z" name="resetPasswordViaMyAccount" finished-at="2018-09-27T08:50:45Z" duration-ms="12280" status="PASS">
          <reporter-output>
          </reporter-output>
        </test-method> <!-- resetPasswordViaMyAccount -->
        <test-method is-config="true" signature="tearDown()[pri:0, instance:LoginTest@38c6f217]" started-at="2018-09-27T08:50:45Z" name="tearDown" finished-at="2018-09-27T08:50:45Z" duration-ms="101" status="PASS">
          <reporter-output>
          </reporter-output>
        </test-method> <!-- tearDown -->
        <test-method is-config="true" signature="initialise()[pri:0, instance:LoginTest@38c6f217]" started-at="2018-09-27T08:50:45Z" name="initialise" finished-at="2018-09-27T08:50:56Z" duration-ms="10988" status="PASS">
          <reporter-output>
          </reporter-output>
        </test-method> <!-- initialise -->
        <test-method signature="unableToLogInWithBlankFields()[pri:0, instance:LoginTest@38c6f217]" started-at="2018-09-27T08:50:56Z" name="unableToLogInWithBlankFields" finished-at="2018-09-27T08:50:59Z" duration-ms="3191" status="PASS">
          <reporter-output>
          </reporter-output>
        </test-method> <!-- unableToLogInWithBlankFields -->
        <test-method is-config="true" signature="tearDown()[pri:0, instance:LoginTest@38c6f217]" started-at="2018-09-27T08:50:59Z" name="tearDown" finished-at="2018-09-27T08:50:59Z" duration-ms="141" status="PASS">
          <reporter-output>
          </reporter-output>
        </test-method> <!-- tearDown -->
        <test-method is-config="true" signature="initialise()[pri:0, instance:LoginTest@38c6f217]" started-at="2018-09-27T08:50:59Z" name="initialise" finished-at="2018-09-27T08:51:23Z" duration-ms="24434" status="PASS">
          <reporter-output>
          </reporter-output>
        </test-method> <!-- initialise -->
        <test-method signature="unableToLogInWithIncorrectPassword()[pri:0, instance:LoginTest@38c6f217]" started-at="2018-09-27T08:51:23Z" name="unableToLogInWithIncorrectPassword" finished-at="2018-09-27T08:51:35Z" duration-ms="11394" status="PASS">
          <reporter-output>
          </reporter-output>
        </test-method> <!-- unableToLogInWithIncorrectPassword -->
        <test-method is-config="true" signature="tearDown()[pri:0, instance:LoginTest@38c6f217]" started-at="2018-09-27T08:51:35Z" name="tearDown" finished-at="2018-09-27T08:51:36Z" duration-ms="677" status="PASS">
          <reporter-output>
          </reporter-output>
        </test-method> <!-- tearDown -->
        <test-method is-config="true" signature="initialise()[pri:0, instance:LoginTest@38c6f217]" started-at="2018-09-27T08:51:36Z" name="initialise" finished-at="2018-09-27T08:52:17Z" duration-ms="41174" status="PASS">
          <reporter-output>
          </reporter-output>
        </test-method> <!-- initialise -->
        <test-method signature="unableToLogInWithUnregisteredAccount()[pri:0, instance:LoginTest@38c6f217]" started-at="2018-09-27T08:52:17Z" name="unableToLogInWithUnregisteredAccount" finished-at="2018-09-27T08:52:29Z" duration-ms="12236" status="PASS">
          <reporter-output>
          </reporter-output>
        </test-method> <!-- unableToLogInWithUnregisteredAccount -->
        <test-method is-config="true" signature="tearDown()[pri:0, instance:LoginTest@38c6f217]" started-at="2018-09-27T08:52:29Z" name="tearDown" finished-at="2018-09-27T08:52:29Z" duration-ms="239" status="PASS">
          <reporter-output>
          </reporter-output>
        </test-method> <!-- tearDown -->
        <test-method is-config="true" signature="initialise()[pri:0, instance:LoginTest@38c6f217]" started-at="2018-09-27T08:52:29Z" name="initialise" finished-at="2018-09-27T08:53:05Z" duration-ms="35513" status="PASS">
          <reporter-output>
          </reporter-output>
        </test-method> <!-- initialise -->
        <test-method signature="unableToLogInWithoutAPassword()[pri:0, instance:LoginTest@38c6f217]" started-at="2018-09-27T08:53:05Z" name="unableToLogInWithoutAPassword" finished-at="2018-09-27T08:53:10Z" duration-ms="5804" status="PASS">
          <reporter-output>
          </reporter-output>
        </test-method> <!-- unableToLogInWithoutAPassword -->
        <test-method is-config="true" signature="tearDown()[pri:0, instance:LoginTest@38c6f217]" started-at="2018-09-27T08:53:11Z" name="tearDown" finished-at="2018-09-27T08:53:11Z" duration-ms="242" status="PASS">
          <reporter-output>
          </reporter-output>
        </test-method> <!-- tearDown -->
        <test-method is-config="true" signature="initialise()[pri:0, instance:LoginTest@38c6f217]" started-at="2018-09-27T08:53:11Z" name="initialise" finished-at="2018-09-27T08:53:30Z" duration-ms="19099" status="PASS">
          <reporter-output>
          </reporter-output>
        </test-method> <!-- initialise -->
        <test-method signature="unableToLogInWithoutAnEmail()[pri:0, instance:LoginTest@38c6f217]" started-at="2018-09-27T08:53:30Z" name="unableToLogInWithoutAnEmail" finished-at="2018-09-27T08:53:34Z" duration-ms="3964" status="PASS">
          <reporter-output>
          </reporter-output>
        </test-method> <!-- unableToLogInWithoutAnEmail -->
        <test-method is-config="true" signature="tearDown()[pri:0, instance:LoginTest@38c6f217]" started-at="2018-09-27T08:53:34Z" name="tearDown" finished-at="2018-09-27T08:53:34Z" duration-ms="183" status="PASS">
          <reporter-output>
          </reporter-output>
        </test-method> <!-- tearDown -->
      </class> <!-- LoginTest -->
      <class name="VerificationTest">
        <test-method signature="GetHealth()[pri:0, instance:VerificationTest@399f45b1]" started-at="2018-09-27T08:48:18Z" name="GetHealth" finished-at="2018-09-27T08:48:29Z" duration-ms="10664" status="PASS">
          <reporter-output>
          </reporter-output>
        </test-method> <!-- GetHealth -->
        <test-method signature="GetJwtDecode()[pri:0, instance:VerificationTest@399f45b1]" started-at="2018-09-27T08:48:29Z" name="GetJwtDecode" finished-at="2018-09-27T08:48:30Z" duration-ms="1520" status="PASS">
          <reporter-output>
          </reporter-output>
        </test-method> <!-- GetJwtDecode -->
        <test-method signature="GetJwtEncode()[pri:0, instance:VerificationTest@399f45b1]" started-at="2018-09-27T08:48:30Z" name="GetJwtEncode" finished-at="2018-09-27T08:48:30Z" duration-ms="334" status="PASS">
          <reporter-output>
          </reporter-output>
        </test-method> <!-- GetJwtEncode -->
        <test-method signature="GetRoot()[pri:0, instance:VerificationTest@399f45b1]" started-at="2018-09-27T08:48:30Z" name="GetRoot" finished-at="2018-09-27T08:48:31Z" duration-ms="259" status="PASS">
          <reporter-output>
          </reporter-output>
        </test-method> <!-- GetRoot -->
        <test-method signature="GetUserStatusNotFound()[pri:0, instance:VerificationTest@399f45b1]" started-at="2018-09-27T08:48:31Z" name="GetUserStatusNotFound" finished-at="2018-09-27T08:48:31Z" duration-ms="544" status="FAIL">
          <exception class="java.lang.AssertionError">
            <message>
              <![CDATA[expected [200] but found [403]]]>
            </message>
            <full-stacktrace>
              <![CDATA[java.lang.AssertionError: expected [200] but found [403]
at org.testng.Assert.fail(Assert.java:96)
at org.testng.Assert.failNotEquals(Assert.java:776)
at org.testng.Assert.assertEqualsImpl(Assert.java:137)
at org.testng.Assert.assertEquals(Assert.java:118)
at org.testng.Assert.assertEquals(Assert.java:652)
at org.testng.Assert.assertEquals(Assert.java:662)
at VerificationTest.GetUserStatusNotFound(VerificationTest.java:124)
at java.base/jdk.internal.reflect.NativeMethodAccessorImpl.invoke0(Native Method)
at java.base/jdk.internal.reflect.NativeMethodAccessorImpl.invoke(NativeMethodAccessorImpl.java:62)
at java.base/jdk.internal.reflect.DelegatingMethodAccessorImpl.invoke(DelegatingMethodAccessorImpl.java:43)
at java.base/java.lang.reflect.Method.invoke(Method.java:564)
at org.testng.internal.MethodInvocationHelper.invokeMethod(MethodInvocationHelper.java:124)
at org.testng.internal.Invoker.invokeMethod(Invoker.java:583)
at org.testng.internal.Invoker.invokeTestMethod(Invoker.java:719)
at org.testng.internal.Invoker.invokeTestMethods(Invoker.java:989)
at org.testng.internal.TestMethodWorker.invokeTestMethods(TestMethodWorker.java:125)
at org.testng.internal.TestMethodWorker.run(TestMethodWorker.java:109)
at org.testng.TestRunner.privateRun(TestRunner.java:648)
at org.testng.TestRunner.run(TestRunner.java:505)
at org.testng.SuiteRunner.runTest(SuiteRunner.java:455)
at org.testng.SuiteRunner.runSequentially(SuiteRunner.java:450)
at org.testng.SuiteRunner.privateRun(SuiteRunner.java:415)
at org.testng.SuiteRunner.run(SuiteRunner.java:364)
at org.testng.SuiteRunnerWorker.runSuite(SuiteRunnerWorker.java:52)
at org.testng.SuiteRunnerWorker.run(SuiteRunnerWorker.java:84)
at org.testng.TestNG.runSuitesSequentially(TestNG.java:1208)
at org.testng.TestNG.runSuitesLocally(TestNG.java:1137)
at org.testng.TestNG.runSuites(TestNG.java:1049)
at org.testng.TestNG.run(TestNG.java:1017)
at org.apache.maven.surefire.testng.TestNGExecutor.run(TestNGExecutor.java:135)
at org.apache.maven.surefire.testng.TestNGDirectoryTestSuite.executeMulti(TestNGDirectoryTestSuite.java:193)
at org.apache.maven.surefire.testng.TestNGDirectoryTestSuite.execute(TestNGDirectoryTestSuite.java:94)
at org.apache.maven.surefire.testng.TestNGProvider.invoke(TestNGProvider.java:146)
at org.apache.maven.surefire.booter.ForkedBooter.invokeProviderInSameClassLoader(ForkedBooter.java:383)
at org.apache.maven.surefire.booter.ForkedBooter.runSuitesInProcess(ForkedBooter.java:344)
at org.apache.maven.surefire.booter.ForkedBooter.execute(ForkedBooter.java:125)
at org.apache.maven.surefire.booter.ForkedBooter.main(ForkedBooter.java:417)
]]>
            </full-stacktrace>
          </exception> <!-- java.lang.AssertionError -->
          <reporter-output>
          </reporter-output>
        </test-method> <!-- GetUserStatusNotFound -->
        <test-method signature="GetUserStatusPending()[pri:0, instance:VerificationTest@399f45b1]" started-at="2018-09-27T08:48:31Z" name="GetUserStatusPending" finished-at="2018-09-27T08:48:42Z" duration-ms="10479" status="PASS">
          <reporter-output>
          </reporter-output>
        </test-method> <!-- GetUserStatusPending -->
        <test-method signature="GetUserStatus_CountryMissing()[pri:0, instance:VerificationTest@399f45b1]" started-at="2018-09-27T08:48:42Z" name="GetUserStatus_CountryMissing" finished-at="2018-09-27T08:48:43Z" duration-ms="897" status="FAIL">
          <exception class="java.lang.AssertionError">
            <message>
              <![CDATA[expected [400] but found [403]]]>
            </message>
            <full-stacktrace>
              <![CDATA[java.lang.AssertionError: expected [400] but found [403]
at org.testng.Assert.fail(Assert.java:96)
at org.testng.Assert.failNotEquals(Assert.java:776)
at org.testng.Assert.assertEqualsImpl(Assert.java:137)
at org.testng.Assert.assertEquals(Assert.java:118)
at org.testng.Assert.assertEquals(Assert.java:652)
at org.testng.Assert.assertEquals(Assert.java:662)
at VerificationTest.GetUserStatus_CountryMissing(VerificationTest.java:102)
at java.base/jdk.internal.reflect.NativeMethodAccessorImpl.invoke0(Native Method)
at java.base/jdk.internal.reflect.NativeMethodAccessorImpl.invoke(NativeMethodAccessorImpl.java:62)
at java.base/jdk.internal.reflect.DelegatingMethodAccessorImpl.invoke(DelegatingMethodAccessorImpl.java:43)
at java.base/java.lang.reflect.Method.invoke(Method.java:564)
at org.testng.internal.MethodInvocationHelper.invokeMethod(MethodInvocationHelper.java:124)
at org.testng.internal.Invoker.invokeMethod(Invoker.java:583)
at org.testng.internal.Invoker.invokeTestMethod(Invoker.java:719)
at org.testng.internal.Invoker.invokeTestMethods(Invoker.java:989)
at org.testng.internal.TestMethodWorker.invokeTestMethods(TestMethodWorker.java:125)
at org.testng.internal.TestMethodWorker.run(TestMethodWorker.java:109)
at org.testng.TestRunner.privateRun(TestRunner.java:648)
at org.testng.TestRunner.run(TestRunner.java:505)
at org.testng.SuiteRunner.runTest(SuiteRunner.java:455)
at org.testng.SuiteRunner.runSequentially(SuiteRunner.java:450)
at org.testng.SuiteRunner.privateRun(SuiteRunner.java:415)
at org.testng.SuiteRunner.run(SuiteRunner.java:364)
at org.testng.SuiteRunnerWorker.runSuite(SuiteRunnerWorker.java:52)
at org.testng.SuiteRunnerWorker.run(SuiteRunnerWorker.java:84)
at org.testng.TestNG.runSuitesSequentially(TestNG.java:1208)
at org.testng.TestNG.runSuitesLocally(TestNG.java:1137)
at org.testng.TestNG.runSuites(TestNG.java:1049)
at org.testng.TestNG.run(TestNG.java:1017)
at org.apache.maven.surefire.testng.TestNGExecutor.run(TestNGExecutor.java:135)
at org.apache.maven.surefire.testng.TestNGDirectoryTestSuite.executeMulti(TestNGDirectoryTestSuite.java:193)
at org.apache.maven.surefire.testng.TestNGDirectoryTestSuite.execute(TestNGDirectoryTestSuite.java:94)
at org.apache.maven.surefire.testng.TestNGProvider.invoke(TestNGProvider.java:146)
at org.apache.maven.surefire.booter.ForkedBooter.invokeProviderInSameClassLoader(ForkedBooter.java:383)
at org.apache.maven.surefire.booter.ForkedBooter.runSuitesInProcess(ForkedBooter.java:344)
at org.apache.maven.surefire.booter.ForkedBooter.execute(ForkedBooter.java:125)
at org.apache.maven.surefire.booter.ForkedBooter.main(ForkedBooter.java:417)
]]>
            </full-stacktrace>
          </exception> <!-- java.lang.AssertionError -->
          <reporter-output>
          </reporter-output>
        </test-method> <!-- GetUserStatus_CountryMissing -->
        <test-method signature="SetUserInvalid_MissingStatus()[pri:0, instance:VerificationTest@399f45b1]" started-at="2018-09-27T08:48:43Z" name="SetUserInvalid_MissingStatus" finished-at="2018-09-27T08:48:43Z" duration-ms="561" status="FAIL">
          <exception class="java.lang.AssertionError">
            <message>
              <![CDATA[expected [400] but found [403]]]>
            </message>
            <full-stacktrace>
              <![CDATA[java.lang.AssertionError: expected [400] but found [403]
at org.testng.Assert.fail(Assert.java:96)
at org.testng.Assert.failNotEquals(Assert.java:776)
at org.testng.Assert.assertEqualsImpl(Assert.java:137)
at org.testng.Assert.assertEquals(Assert.java:118)
at org.testng.Assert.assertEquals(Assert.java:652)
at org.testng.Assert.assertEquals(Assert.java:662)
at VerificationTest.SetUserInvalid_MissingStatus(VerificationTest.java:191)
at java.base/jdk.internal.reflect.NativeMethodAccessorImpl.invoke0(Native Method)
at java.base/jdk.internal.reflect.NativeMethodAccessorImpl.invoke(NativeMethodAccessorImpl.java:62)
at java.base/jdk.internal.reflect.DelegatingMethodAccessorImpl.invoke(DelegatingMethodAccessorImpl.java:43)
at java.base/java.lang.reflect.Method.invoke(Method.java:564)
at org.testng.internal.MethodInvocationHelper.invokeMethod(MethodInvocationHelper.java:124)
at org.testng.internal.Invoker.invokeMethod(Invoker.java:583)
at org.testng.internal.Invoker.invokeTestMethod(Invoker.java:719)
at org.testng.internal.Invoker.invokeTestMethods(Invoker.java:989)
at org.testng.internal.TestMethodWorker.invokeTestMethods(TestMethodWorker.java:125)
at org.testng.internal.TestMethodWorker.run(TestMethodWorker.java:109)
at org.testng.TestRunner.privateRun(TestRunner.java:648)
at org.testng.TestRunner.run(TestRunner.java:505)
at org.testng.SuiteRunner.runTest(SuiteRunner.java:455)
at org.testng.SuiteRunner.runSequentially(SuiteRunner.java:450)
at org.testng.SuiteRunner.privateRun(SuiteRunner.java:415)
at org.testng.SuiteRunner.run(SuiteRunner.java:364)
at org.testng.SuiteRunnerWorker.runSuite(SuiteRunnerWorker.java:52)
at org.testng.SuiteRunnerWorker.run(SuiteRunnerWorker.java:84)
at org.testng.TestNG.runSuitesSequentially(TestNG.java:1208)
at org.testng.TestNG.runSuitesLocally(TestNG.java:1137)
at org.testng.TestNG.runSuites(TestNG.java:1049)
at org.testng.TestNG.run(TestNG.java:1017)
at org.apache.maven.surefire.testng.TestNGExecutor.run(TestNGExecutor.java:135)
at org.apache.maven.surefire.testng.TestNGDirectoryTestSuite.executeMulti(TestNGDirectoryTestSuite.java:193)
at org.apache.maven.surefire.testng.TestNGDirectoryTestSuite.execute(TestNGDirectoryTestSuite.java:94)
at org.apache.maven.surefire.testng.TestNGProvider.invoke(TestNGProvider.java:146)
at org.apache.maven.surefire.booter.ForkedBooter.invokeProviderInSameClassLoader(ForkedBooter.java:383)
at org.apache.maven.surefire.booter.ForkedBooter.runSuitesInProcess(ForkedBooter.java:344)
at org.apache.maven.surefire.booter.ForkedBooter.execute(ForkedBooter.java:125)
at org.apache.maven.surefire.booter.ForkedBooter.main(ForkedBooter.java:417)
]]>
            </full-stacktrace>
          </exception> <!-- java.lang.AssertionError -->
          <reporter-output>
          </reporter-output>
        </test-method> <!-- SetUserInvalid_MissingStatus -->
        <test-method signature="SetUserInvalid_MissingToken()[pri:0, instance:VerificationTest@399f45b1]" started-at="2018-09-27T08:48:43Z" name="SetUserInvalid_MissingToken" finished-at="2018-09-27T08:48:43Z" duration-ms="250" status="FAIL">
          <exception class="java.lang.AssertionError">
            <message>
              <![CDATA[expected [400] but found [403]]]>
            </message>
            <full-stacktrace>
              <![CDATA[java.lang.AssertionError: expected [400] but found [403]
at org.testng.Assert.fail(Assert.java:96)
at org.testng.Assert.failNotEquals(Assert.java:776)
at org.testng.Assert.assertEqualsImpl(Assert.java:137)
at org.testng.Assert.assertEquals(Assert.java:118)
at org.testng.Assert.assertEquals(Assert.java:652)
at org.testng.Assert.assertEquals(Assert.java:662)
at VerificationTest.SetUserInvalid_MissingToken(VerificationTest.java:206)
at java.base/jdk.internal.reflect.NativeMethodAccessorImpl.invoke0(Native Method)
at java.base/jdk.internal.reflect.NativeMethodAccessorImpl.invoke(NativeMethodAccessorImpl.java:62)
at java.base/jdk.internal.reflect.DelegatingMethodAccessorImpl.invoke(DelegatingMethodAccessorImpl.java:43)
at java.base/java.lang.reflect.Method.invoke(Method.java:564)
at org.testng.internal.MethodInvocationHelper.invokeMethod(MethodInvocationHelper.java:124)
at org.testng.internal.Invoker.invokeMethod(Invoker.java:583)
at org.testng.internal.Invoker.invokeTestMethod(Invoker.java:719)
at org.testng.internal.Invoker.invokeTestMethods(Invoker.java:989)
at org.testng.internal.TestMethodWorker.invokeTestMethods(TestMethodWorker.java:125)
at org.testng.internal.TestMethodWorker.run(TestMethodWorker.java:109)
at org.testng.TestRunner.privateRun(TestRunner.java:648)
at org.testng.TestRunner.run(TestRunner.java:505)
at org.testng.SuiteRunner.runTest(SuiteRunner.java:455)
at org.testng.SuiteRunner.runSequentially(SuiteRunner.java:450)
at org.testng.SuiteRunner.privateRun(SuiteRunner.java:415)
at org.testng.SuiteRunner.run(SuiteRunner.java:364)
at org.testng.SuiteRunnerWorker.runSuite(SuiteRunnerWorker.java:52)
at org.testng.SuiteRunnerWorker.run(SuiteRunnerWorker.java:84)
at org.testng.TestNG.runSuitesSequentially(TestNG.java:1208)
at org.testng.TestNG.runSuitesLocally(TestNG.java:1137)
at org.testng.TestNG.runSuites(TestNG.java:1049)
at org.testng.TestNG.run(TestNG.java:1017)
at org.apache.maven.surefire.testng.TestNGExecutor.run(TestNGExecutor.java:135)
at org.apache.maven.surefire.testng.TestNGDirectoryTestSuite.executeMulti(TestNGDirectoryTestSuite.java:193)
at org.apache.maven.surefire.testng.TestNGDirectoryTestSuite.execute(TestNGDirectoryTestSuite.java:94)
at org.apache.maven.surefire.testng.TestNGProvider.invoke(TestNGProvider.java:146)
at org.apache.maven.surefire.booter.ForkedBooter.invokeProviderInSameClassLoader(ForkedBooter.java:383)
at org.apache.maven.surefire.booter.ForkedBooter.runSuitesInProcess(ForkedBooter.java:344)
at org.apache.maven.surefire.booter.ForkedBooter.execute(ForkedBooter.java:125)
at org.apache.maven.surefire.booter.ForkedBooter.main(ForkedBooter.java:417)
]]>
            </full-stacktrace>
          </exception> <!-- java.lang.AssertionError -->
          <reporter-output>
          </reporter-output>
        </test-method> <!-- SetUserInvalid_MissingToken -->
        <test-method signature="SetUserInvalid_token()[pri:0, instance:VerificationTest@399f45b1]" started-at="2018-09-27T08:48:43Z" name="SetUserInvalid_token" finished-at="2018-09-27T08:48:44Z" duration-ms="537" status="FAIL">
          <exception class="java.lang.AssertionError">
            <message>
              <![CDATA[expected [400] but found [403]]]>
            </message>
            <full-stacktrace>
              <![CDATA[java.lang.AssertionError: expected [400] but found [403]
at org.testng.Assert.fail(Assert.java:96)
at org.testng.Assert.failNotEquals(Assert.java:776)
at org.testng.Assert.assertEqualsImpl(Assert.java:137)
at org.testng.Assert.assertEquals(Assert.java:118)
at org.testng.Assert.assertEquals(Assert.java:652)
at org.testng.Assert.assertEquals(Assert.java:662)
at VerificationTest.SetUserInvalid_token(VerificationTest.java:228)
at java.base/jdk.internal.reflect.NativeMethodAccessorImpl.invoke0(Native Method)
at java.base/jdk.internal.reflect.NativeMethodAccessorImpl.invoke(NativeMethodAccessorImpl.java:62)
at java.base/jdk.internal.reflect.DelegatingMethodAccessorImpl.invoke(DelegatingMethodAccessorImpl.java:43)
at java.base/java.lang.reflect.Method.invoke(Method.java:564)
at org.testng.internal.MethodInvocationHelper.invokeMethod(MethodInvocationHelper.java:124)
at org.testng.internal.Invoker.invokeMethod(Invoker.java:583)
at org.testng.internal.Invoker.invokeTestMethod(Invoker.java:719)
at org.testng.internal.Invoker.invokeTestMethods(Invoker.java:989)
at org.testng.internal.TestMethodWorker.invokeTestMethods(TestMethodWorker.java:125)
at org.testng.internal.TestMethodWorker.run(TestMethodWorker.java:109)
at org.testng.TestRunner.privateRun(TestRunner.java:648)
at org.testng.TestRunner.run(TestRunner.java:505)
at org.testng.SuiteRunner.runTest(SuiteRunner.java:455)
at org.testng.SuiteRunner.runSequentially(SuiteRunner.java:450)
at org.testng.SuiteRunner.privateRun(SuiteRunner.java:415)
at org.testng.SuiteRunner.run(SuiteRunner.java:364)
at org.testng.SuiteRunnerWorker.runSuite(SuiteRunnerWorker.java:52)
at org.testng.SuiteRunnerWorker.run(SuiteRunnerWorker.java:84)
at org.testng.TestNG.runSuitesSequentially(TestNG.java:1208)
at org.testng.TestNG.runSuitesLocally(TestNG.java:1137)
at org.testng.TestNG.runSuites(TestNG.java:1049)
at org.testng.TestNG.run(TestNG.java:1017)
at org.apache.maven.surefire.testng.TestNGExecutor.run(TestNGExecutor.java:135)
at org.apache.maven.surefire.testng.TestNGDirectoryTestSuite.executeMulti(TestNGDirectoryTestSuite.java:193)
at org.apache.maven.surefire.testng.TestNGDirectoryTestSuite.execute(TestNGDirectoryTestSuite.java:94)
at org.apache.maven.surefire.testng.TestNGProvider.invoke(TestNGProvider.java:146)
at org.apache.maven.surefire.booter.ForkedBooter.invokeProviderInSameClassLoader(ForkedBooter.java:383)
at org.apache.maven.surefire.booter.ForkedBooter.runSuitesInProcess(ForkedBooter.java:344)
at org.apache.maven.surefire.booter.ForkedBooter.execute(ForkedBooter.java:125)
at org.apache.maven.surefire.booter.ForkedBooter.main(ForkedBooter.java:417)
]]>
            </full-stacktrace>
          </exception> <!-- java.lang.AssertionError -->
          <reporter-output>
          </reporter-output>
        </test-method> <!-- SetUserInvalid_token -->
        <test-method signature="SetUserStatus()[pri:0, instance:VerificationTest@399f45b1]" started-at="2018-09-27T08:48:44Z" name="SetUserStatus" finished-at="2018-09-27T08:48:44Z" duration-ms="526" status="FAIL">
          <exception class="java.lang.AssertionError">
            <message>
              <![CDATA[expected [200] but found [403]]]>
            </message>
            <full-stacktrace>
              <![CDATA[java.lang.AssertionError: expected [200] but found [403]
at org.testng.Assert.fail(Assert.java:96)
at org.testng.Assert.failNotEquals(Assert.java:776)
at org.testng.Assert.assertEqualsImpl(Assert.java:137)
at org.testng.Assert.assertEquals(Assert.java:118)
at org.testng.Assert.assertEquals(Assert.java:652)
at org.testng.Assert.assertEquals(Assert.java:662)
at VerificationTest.SetUserStatus(VerificationTest.java:170)
at java.base/jdk.internal.reflect.NativeMethodAccessorImpl.invoke0(Native Method)
at java.base/jdk.internal.reflect.NativeMethodAccessorImpl.invoke(NativeMethodAccessorImpl.java:62)
at java.base/jdk.internal.reflect.DelegatingMethodAccessorImpl.invoke(DelegatingMethodAccessorImpl.java:43)
at java.base/java.lang.reflect.Method.invoke(Method.java:564)
at org.testng.internal.MethodInvocationHelper.invokeMethod(MethodInvocationHelper.java:124)
at org.testng.internal.Invoker.invokeMethod(Invoker.java:583)
at org.testng.internal.Invoker.invokeTestMethod(Invoker.java:719)
at org.testng.internal.Invoker.invokeTestMethods(Invoker.java:989)
at org.testng.internal.TestMethodWorker.invokeTestMethods(TestMethodWorker.java:125)
at org.testng.internal.TestMethodWorker.run(TestMethodWorker.java:109)
at org.testng.TestRunner.privateRun(TestRunner.java:648)
at org.testng.TestRunner.run(TestRunner.java:505)
at org.testng.SuiteRunner.runTest(SuiteRunner.java:455)
at org.testng.SuiteRunner.runSequentially(SuiteRunner.java:450)
at org.testng.SuiteRunner.privateRun(SuiteRunner.java:415)
at org.testng.SuiteRunner.run(SuiteRunner.java:364)
at org.testng.SuiteRunnerWorker.runSuite(SuiteRunnerWorker.java:52)
at org.testng.SuiteRunnerWorker.run(SuiteRunnerWorker.java:84)
at org.testng.TestNG.runSuitesSequentially(TestNG.java:1208)
at org.testng.TestNG.runSuitesLocally(TestNG.java:1137)
at org.testng.TestNG.runSuites(TestNG.java:1049)
at org.testng.TestNG.run(TestNG.java:1017)
at org.apache.maven.surefire.testng.TestNGExecutor.run(TestNGExecutor.java:135)
at org.apache.maven.surefire.testng.TestNGDirectoryTestSuite.executeMulti(TestNGDirectoryTestSuite.java:193)
at org.apache.maven.surefire.testng.TestNGDirectoryTestSuite.execute(TestNGDirectoryTestSuite.java:94)
at org.apache.maven.surefire.testng.TestNGProvider.invoke(TestNGProvider.java:146)
at org.apache.maven.surefire.booter.ForkedBooter.invokeProviderInSameClassLoader(ForkedBooter.java:383)
at org.apache.maven.surefire.booter.ForkedBooter.runSuitesInProcess(ForkedBooter.java:344)
at org.apache.maven.surefire.booter.ForkedBooter.execute(ForkedBooter.java:125)
at org.apache.maven.surefire.booter.ForkedBooter.main(ForkedBooter.java:417)
]]>
            </full-stacktrace>
          </exception> <!-- java.lang.AssertionError -->
          <reporter-output>
          </reporter-output>
        </test-method> <!-- SetUserStatus -->
      </class> <!-- VerificationTest -->
      <class name="AdPostTest">
        <test-method is-config="true" signature="initialise()[pri:0, instance:AdPostTest@2d7275fc]" started-at="2018-09-27T08:46:58Z" name="initialise" finished-at="2018-09-27T08:47:12Z" duration-ms="14647" status="PASS">
          <reporter-output>
          </reporter-output>
        </test-method> <!-- initialise -->
        <test-method signature="CreateAValidAdAdultDating()[pri:0, instance:AdPostTest@2d7275fc]" started-at="2018-09-27T08:47:12Z" name="CreateAValidAdAdultDating" finished-at="2018-09-27T08:47:33Z" duration-ms="20403" status="PASS">
          <reporter-output>
          </reporter-output>
        </test-method> <!-- CreateAValidAdAdultDating -->
        <test-method is-config="true" signature="tearDown()[pri:0, instance:AdPostTest@2d7275fc]" started-at="2018-09-27T08:47:33Z" name="tearDown" finished-at="2018-09-27T08:47:33Z" duration-ms="163" status="PASS">
          <reporter-output>
          </reporter-output>
        </test-method> <!-- tearDown -->
        <test-method is-config="true" signature="initialise()[pri:0, instance:AdPostTest@2d7275fc]" started-at="2018-09-27T08:47:33Z" name="initialise" finished-at="2018-09-27T08:47:37Z" duration-ms="3686" status="PASS">
          <reporter-output>
          </reporter-output>
        </test-method> <!-- initialise -->
        <test-method signature="UnableToCreateAnAdWithMissingPostcode()[pri:0, instance:AdPostTest@2d7275fc]" started-at="2018-09-27T08:47:37Z" name="UnableToCreateAnAdWithMissingPostcode" finished-at="2018-09-27T08:47:49Z" duration-ms="12533" status="PASS">
          <reporter-output>
          </reporter-output>
        </test-method> <!-- UnableToCreateAnAdWithMissingPostcode -->
        <test-method is-config="true" signature="tearDown()[pri:0, instance:AdPostTest@2d7275fc]" started-at="2018-09-27T08:47:49Z" name="tearDown" finished-at="2018-09-27T08:47:49Z" duration-ms="133" status="PASS">
          <reporter-output>
          </reporter-output>
        </test-method> <!-- tearDown -->
        <test-method is-config="true" signature="initialise()[pri:0, instance:AdPostTest@2d7275fc]" started-at="2018-09-27T08:47:49Z" name="initialise" finished-at="2018-09-27T08:48:00Z" duration-ms="11237" status="PASS">
          <reporter-output>
          </reporter-output>
        </test-method> <!-- initialise -->
        <test-method signature="UnableToCreateAnAdWithMissingTitle()[pri:0, instance:AdPostTest@2d7275fc]" started-at="2018-09-27T08:48:00Z" name="UnableToCreateAnAdWithMissingTitle" finished-at="2018-09-27T08:48:18Z" duration-ms="17284" status="PASS">
          <reporter-output>
          </reporter-output>
        </test-method> <!-- UnableToCreateAnAdWithMissingTitle -->
        <test-method is-config="true" signature="tearDown()[pri:0, instance:AdPostTest@2d7275fc]" started-at="2018-09-27T08:48:18Z" name="tearDown" finished-at="2018-09-27T08:48:18Z" duration-ms="190" status="PASS">
          <reporter-output>
          </reporter-output>
        </test-method> <!-- tearDown -->
      </class> <!-- AdPostTest -->
    </test> <!-- Surefire test -->
  </suite> <!-- Surefire suite -->
</testng-results>
